parameter file: tmp/tmp.par
### THE INPUT PARAMETERS
##PARAMETER NAME: VALUE
DIR: data
genotypename: data/Adm_expansion.rep61.geno
snpname: data/Adm_expansion.rep61.snp
indivname: data/Adm_expansion.rep61.ind
outpop: Outgroup
blgsize: 0.001
diag: .0001
hires: YES
initmix: 1000
precision: .0001
zthresh: 2.0
terse: NO
useallsnps: NO
## qpGraph version: 6450
outpop:  Outgroup
seed: 1574172975
Outgroup
S1
S2
Adm
*** warning: first snp . is number.  perhaps you are using .map format

graph: graph/Outgroup.S1.S2.Adm.2way.1.graph


numedge: 9  numancestor: 1
  0 Outgroup
  1 S1
  2 S2
  3 Adm
root label: :Outgroup
outpop: Outgroup
population:   0             Outgroup    2
population:   1                   S1    4
population:   2                   S2    4
population:   3                  Adm    4
before setwt numsnps: 15969  outpop: Outgroup
setwt numsnps: 4729
number of blocks for moving block jackknife: 50
snps: 4729  indivs: 14
lambdascale:     0.787
fst:
        O    S    S    A 
  O     0  244  243  336
  S   244    0  229  562
  S   243  229    0  577
  A   336  562  577    0

f2:
        O    S    S    A 
  O     0  383  381  532
  S   383    0   81  177
  S   381   81    0  191
  A   532  177  191    0

ff3:
        O    S    S    A 
  O     0    0    0    0
  S     0  383  342  369
  S     0  342  381  361
  A     0  369  361  532

ff3sig*10:
        O    S    S    A 
  O     0    0    0    0
  S     0  227  224  258
  S     0  224  211  239
  A     0  258  239  224

starting analysis
number of initial random trials: 100
initmixwts:                      :Adm n009 n006 n008     0.571     0.429 


initial score:     0.130
init  vg:
    0.571 
gslsetup called
gslans:    9     0.129802
    0.570 
final vg:
    0.570 

 final score:        0.130  dof: -4 nominal p-val     1.000000
ff3fit:
        O    S    S    A 
  O     0    0    0    0
  S     0  382  341  364
  S     0  341  380  358
  A     0  364  358  528

ff3diff:
        O    S    S    A 
  O     0    0    0    0
  S     0   -1   -1   -5
  S     0   -1   -1   -3
  A     0   -5   -3   -4

mix:                      :Adm n009 n006 n008     0.570     0.430 

b_n000_n001 b_n000_n003 b_n003_n005 b_n005_n002 b_n005_n006 b_n003_n007 b_n007_n004 b_n007_n008 b_n009_n010 
   0.1704    0.1704    0.0413    0.0000    0.0475    0.0392    0.0000    0.0269    0.1459 


                      fst:       fitted        estim         diff     std. err   Z score 
      Out          S1 f2:     0.382055     0.383150     0.001095     0.022722     0.048 
      Out          S2 f2:     0.379937     0.381006     0.001069     0.021135     0.051 
      Out        Adm  f2:     0.527717     0.531838     0.004120     0.022447     0.184 
        S1         S2 f2:     0.080566     0.080866     0.000300     0.012092     0.025 
        S1       Adm  f2:     0.181184     0.177385    -0.003800     0.020094    -0.189 
        S2       Adm  f2:     0.192525     0.190751    -0.001774     0.020409    -0.087 


outliers:
                                                      Fit          Obs         Diff   Std. error         Z 


worst f-stat:       Out          S1         S1       Adm      -0.017761    -0.014349     0.003413     0.010887     0.313 

## end of qpGraph time:     4.730 seconds memory:     9.290 Mbytes
