parameter file: tmp/tmp.par
### THE INPUT PARAMETERS
##PARAMETER NAME: VALUE
DIR: data
genotypename: data/Adm_expansion.rep79.geno
snpname: data/Adm_expansion.rep79.snp
indivname: data/Adm_expansion.rep79.ind
outpop: Outgroup
blgsize: 0.001
diag: .0001
hires: YES
initmix: 1000
precision: .0001
zthresh: 2.0
terse: NO
useallsnps: NO
## qpGraph version: 6450
outpop:  Outgroup
seed: -1478164946
Outgroup
S1
S2
Adm
*** warning: first snp . is number.  perhaps you are using .map format

graph: graph/Outgroup.S1.S2.Adm.2way.1.graph


numedge: 9  numancestor: 1
  0 Outgroup
  1 S1
  2 S2
  3 Adm
root label: :Outgroup
outpop: Outgroup
population:   0             Outgroup    2
population:   1                   S1    4
population:   2                   S2    4
population:   3                  Adm    4
before setwt numsnps: 15858  outpop: Outgroup
setwt numsnps: 5092
number of blocks for moving block jackknife: 50
snps: 5092  indivs: 14
lambdascale:     0.829
fst:
        O    S    S    A 
  O     0  244  236  311
  S   244    0  336  676
  S   236  336    0  565
  A   311  676  565    0

f2:
        O    S    S    A 
  O     0  386  372  494
  S   386    0  113  226
  S   372  113    0  150
  A   494  226  150    0

ff3:
        O    S    S    A 
  O     0    0    0    0
  S     0  386  322  327
  S     0  322  372  358
  A     0  327  358  494

ff3sig*10:
        O    S    S    A 
  O     0    0    0    0
  S     0  180  176  220
  S     0  176  172  180
  A     0  220  180  197

starting analysis
number of initial random trials: 100
initmixwts:                      :Adm n009 n006 n008     0.281     0.719 


initial score:     0.000
init  vg:
    0.281 
gslsetup called
gslans:   10     0.000010
    0.282 
final vg:
    0.282 

 final score:        0.000  dof: -4 nominal p-val     1.000000
ff3fit:
        O    S    S    A 
  O     0    0    0    0
  S     0  386  322  327
  S     0  322  372  358
  A     0  327  358  494

ff3diff:
        O    S    S    A 
  O     0    0    0    0
  S     0    0    0    0
  S     0    0    0    0
  A     0    0    0    0

mix:                      :Adm n009 n006 n008     0.282     0.718 

b_n000_n001 b_n000_n003 b_n003_n005 b_n005_n002 b_n005_n006 b_n003_n007 b_n007_n004 b_n007_n008 b_n009_n010 
   0.1612    0.1612    0.0157    0.0477    0.0090    0.0495    0.0000    0.0587    0.1138 


                      fst:       fitted        estim         diff     std. err   Z score 
      Out          S1 f2:     0.385759     0.385803     0.000044     0.018040     0.002 
      Out          S2 f2:     0.371880     0.371923     0.000043     0.017184     0.003 
      Out        Adm  f2:     0.493955     0.494006     0.000051     0.019661     0.003 
        S1         S2 f2:     0.112887     0.112890     0.000003     0.012917     0.000 
        S1       Adm  f2:     0.226121     0.226135     0.000014     0.022595     0.001 
        S2       Adm  f2:     0.149983     0.149989     0.000006     0.016731     0.000 


outliers:
                                                      Fit          Obs         Diff   Std. error         Z 


worst f-stat:       Out        Adm        Out        Adm       0.493955     0.494006     0.000051     0.019661     0.003 

## end of qpGraph time:     4.840 seconds memory:     9.269 Mbytes
