parameter file: tmp/tmp.par
### THE INPUT PARAMETERS
##PARAMETER NAME: VALUE
DIR: data
genotypename: data/Adm_bottleneck.rep70.geno
snpname: data/Adm_bottleneck.rep70.snp
indivname: data/Adm_bottleneck.rep70.ind
outpop: Outgroup
blgsize: 0.001
diag: .0001
hires: YES
initmix: 1000
precision: .0001
zthresh: 2.0
terse: NO
useallsnps: NO
## qpGraph version: 6450
outpop:  Outgroup
seed: 1303523791
Outgroup
S1
S2
Adm
*** warning: first snp . is number.  perhaps you are using .map format

graph: graph/Outgroup.S1.S2.Adm.2way.1.graph


numedge: 9  numancestor: 1
  0 Outgroup
  1 S1
  2 S2
  3 Adm
root label: :Outgroup
outpop: Outgroup
population:   0             Outgroup    2
population:   1                   S1    4
population:   2                   S2    4
population:   3                  Adm    4
before setwt numsnps: 17150  outpop: Outgroup
setwt numsnps: 4591
number of blocks for moving block jackknife: 50
snps: 4591  indivs: 14
lambdascale:     0.658
fst:
        O    S    S    A 
  O     0  246  248  248
  S   246    0  315  268
  S   248  315    0  178
  A   248  268  178    0

f2:
        O    S    S    A 
  O     0  314  319  321
  S   314    0   86   71
  S   319   86    0   41
  A   321   71   41    0

ff3:
        O    S    S    A 
  O     0    0    0    0
  S     0  314  273  282
  S     0  273  319  299
  A     0  282  299  321

ff3sig*10:
        O    S    S    A 
  O     0    0    0    0
  S     0  160  162  175
  S     0  162  171  161
  A     0  175  161  159

starting analysis
number of initial random trials: 100
initmixwts:                      :Adm n009 n006 n008     0.412     0.588 


initial score:     0.000
init  vg:
    0.412 
gslsetup called
gslans:   14     0.000019
    0.436 
final vg:
    0.436 

 final score:        0.000  dof: -4 nominal p-val     1.000000
ff3fit:
        O    S    S    A 
  O     0    0    0    0
  S     0  314  273  282
  S     0  273  319  299
  A     0  282  299  321

ff3diff:
        O    S    S    A 
  O     0    0    0    0
  S     0    0    0    0
  S     0    0    0    0
  A     0    0    0    0

mix:                      :Adm n009 n006 n008     0.436     0.564 

b_n000_n001 b_n000_n003 b_n003_n005 b_n005_n002 b_n005_n006 b_n003_n007 b_n007_n004 b_n007_n008 b_n009_n010 
   0.1366    0.1366    0.0197    0.0210    0.0049    0.0457    0.0000    0.0081    0.0255 


                      fst:       fitted        estim         diff     std. err   Z score 
      Out          S1 f2:     0.313986     0.314051     0.000065     0.016008     0.004 
      Out          S2 f2:     0.318966     0.319037     0.000071     0.017090     0.004 
      Out        Adm  f2:     0.320621     0.320685     0.000065     0.015889     0.004 
        S1         S2 f2:     0.086382     0.086384     0.000002     0.014374     0.000 
        S1       Adm  f2:     0.070878     0.070867    -0.000011     0.012572    -0.001 
        S2       Adm  f2:     0.041491     0.041487    -0.000004     0.009012    -0.000 


outliers:
                                                      Fit          Obs         Diff   Std. error         Z 


worst f-stat:       Out          S2       Out        Adm       0.299048     0.299118     0.000070     0.016084     0.004 

## end of qpGraph time:     4.680 seconds memory:     9.638 Mbytes
