parameter file: tmp/tmp.par
### THE INPUT PARAMETERS
##PARAMETER NAME: VALUE
DIR: data
genotypename: data/Adm_bottleneck.rep85.geno
snpname: data/Adm_bottleneck.rep85.snp
indivname: data/Adm_bottleneck.rep85.ind
outpop: Outgroup
blgsize: 0.001
diag: .0001
hires: YES
initmix: 1000
precision: .0001
zthresh: 2.0
terse: NO
useallsnps: NO
## qpGraph version: 6450
outpop:  Outgroup
seed: 1353856502
Outgroup
S1
S2
Adm
*** warning: first snp . is number.  perhaps you are using .map format

graph: graph/Outgroup.S1.S2.Adm.2way.1.graph


numedge: 9  numancestor: 1
  0 Outgroup
  1 S1
  2 S2
  3 Adm
root label: :Outgroup
outpop: Outgroup
population:   0             Outgroup    2
population:   1                   S1    4
population:   2                   S2    4
population:   3                  Adm    4
before setwt numsnps: 17200  outpop: Outgroup
setwt numsnps: 4429
number of blocks for moving block jackknife: 50
snps: 4429  indivs: 14
lambdascale:     0.727
fst:
        O    S    S    A 
  O     0  262  263  268
  S   262    0  266  205
  S   263  266    0  177
  A   268  205  177    0

f2:
        O    S    S    A 
  O     0  385  386  394
  S   385    0   81   56
  S   386   81    0   47
  A   394   56   47    0

ff3:
        O    S    S    A 
  O     0    0    0    0
  S     0  385  345  362
  S     0  345  386  367
  A     0  362  367  394

ff3sig*10:
        O    S    S    A 
  O     0    0    0    0
  S     0  202  192  199
  S     0  192  202  197
  A     0  199  197  214

starting analysis
number of initial random trials: 100
initmixwts:                      :Adm n009 n006 n008     0.471     0.529 


initial score:     0.000
init  vg:
    0.471 
gslsetup called
gslans:   11     0.000037
    0.475 
final vg:
    0.475 

 final score:        0.000  dof: -4 nominal p-val     1.000000
ff3fit:
        O    S    S    A 
  O     0    0    0    0
  S     0  385  345  362
  S     0  345  386  367
  A     0  362  367  394

ff3diff:
        O    S    S    A 
  O     0    0    0    0
  S     0    0    0    0
  S     0    0    0    0
  A     0    0    0    0

mix:                      :Adm n009 n006 n008     0.475     0.525 

b_n000_n001 b_n000_n003 b_n003_n005 b_n005_n002 b_n005_n006 b_n003_n007 b_n007_n004 b_n007_n008 b_n009_n010 
   0.1725    0.1725    0.0353    0.0048    0.0060    0.0412    0.0000    0.0073    0.0266 


                      fst:       fitted        estim         diff     std. err   Z score 
      Out          S1 f2:     0.385050     0.385166     0.000116     0.020225     0.006 
      Out          S2 f2:     0.386141     0.386257     0.000116     0.020163     0.006 
      Out        Adm  f2:     0.394254     0.394380     0.000125     0.021394     0.006 
        S1         S2 f2:     0.081358     0.081361     0.000003     0.009701     0.000 
        S1       Adm  f2:     0.055877     0.055881     0.000004     0.007824     0.001 
        S2       Adm  f2:     0.047325     0.047333     0.000008     0.011592     0.001 


outliers:
                                                      Fit          Obs         Diff   Std. error         Z 


worst f-stat:       Out          S1       Out          S2      0.344917     0.345031     0.000114     0.019170     0.006 

## end of qpGraph time:     4.710 seconds memory:     9.650 Mbytes
