parameter file: tmp/tmp.par
### THE INPUT PARAMETERS
##PARAMETER NAME: VALUE
DIR: data
genotypename: data/Adm_expansion.rep75.geno
snpname: data/Adm_expansion.rep75.snp
indivname: data/Adm_expansion.rep75.ind
outpop: Outgroup
blgsize: 0.001
diag: .0001
hires: YES
initmix: 1000
precision: .0001
zthresh: 2.0
terse: NO
useallsnps: NO
## qpGraph version: 6450
outpop:  Outgroup
seed: -1586201325
Outgroup
S1
S2
Adm
*** warning: first snp . is number.  perhaps you are using .map format

graph: graph/Outgroup.S1.S2.Adm.2way.1.graph


numedge: 9  numancestor: 1
  0 Outgroup
  1 S1
  2 S2
  3 Adm
root label: :Outgroup
outpop: Outgroup
population:   0             Outgroup    2
population:   1                   S1    4
population:   2                   S2    4
population:   3                  Adm    4
before setwt numsnps: 15483  outpop: Outgroup
setwt numsnps: 4530
number of blocks for moving block jackknife: 50
snps: 4530  indivs: 14
lambdascale:     0.745
fst:
        O    S    S    A 
  O     0  258  261  330
  S   258    0  248  586
  S   261  248    0  607
  A   330  586  607    0

f2:
        O    S    S    A 
  O     0  380  385  488
  S   380    0   68  146
  S   385   68    0  155
  A   488  146  155    0

ff3:
        O    S    S    A 
  O     0    0    0    0
  S     0  380  349  361
  S     0  349  385  359
  A     0  361  359  488

ff3sig*10:
        O    S    S    A 
  O     0    0    0    0
  S     0  160  158  167
  S     0  158  164  152
  A     0  167  152  161

starting analysis
number of initial random trials: 100
initmixwts:                      :Adm n009 n006 n008     0.667     0.333 


initial score:     0.000
init  vg:
    0.667 
gslsetup called
gslans:    9     0.000025
    0.676 
final vg:
    0.676 

 final score:        0.000  dof: -4 nominal p-val     1.000000
ff3fit:
        O    S    S    A 
  O     0    0    0    0
  S     0  380  349  361
  S     0  349  385  359
  A     0  361  359  488

ff3diff:
        O    S    S    A 
  O     0    0    0    0
  S     0    0    0    0
  S     0    0    0    0
  A     0    0    0    0

mix:                      :Adm n009 n006 n008     0.676     0.324 

b_n000_n001 b_n000_n003 b_n003_n005 b_n005_n002 b_n005_n006 b_n003_n007 b_n007_n004 b_n007_n008 b_n009_n010 
   0.1744    0.1744    0.0179    0.0138    0.0478    0.0317    0.0046    0.0110    0.1045 


                      fst:       fitted        estim         diff     std. err   Z score 
      Out          S1 f2:     0.380413     0.380479     0.000067     0.016027     0.004 
      Out          S2 f2:     0.384969     0.385041     0.000072     0.016425     0.004 
      Out        Adm  f2:     0.487695     0.487770     0.000075     0.016126     0.005 
        S1         S2 f2:     0.067978     0.067976    -0.000002     0.009731    -0.000 
        S1       Adm  f2:     0.146473     0.146489     0.000016     0.015611     0.001 
        S2       Adm  f2:     0.154740     0.154751     0.000011     0.016379     0.001 


outliers:
                                                      Fit          Obs         Diff   Std. error         Z 


worst f-stat:       Out        Adm        Out        Adm       0.487695     0.487770     0.000075     0.016126     0.005 

## end of qpGraph time:     4.700 seconds memory:     8.929 Mbytes
