parameter file: tmp/tmp.par
### THE INPUT PARAMETERS
##PARAMETER NAME: VALUE
DIR: data
genotypename: data/Adm_expansion.rep69.geno
snpname: data/Adm_expansion.rep69.snp
indivname: data/Adm_expansion.rep69.ind
outpop: Outgroup
blgsize: 0.001
diag: .0001
hires: YES
initmix: 1000
precision: .0001
zthresh: 2.0
terse: NO
useallsnps: NO
## qpGraph version: 6450
outpop:  Outgroup
seed: -1551893648
Outgroup
S1
S2
Adm
*** warning: first snp . is number.  perhaps you are using .map format

graph: graph/Outgroup.S1.S2.Adm.2way.1.graph


numedge: 9  numancestor: 1
  0 Outgroup
  1 S1
  2 S2
  3 Adm
root label: :Outgroup
outpop: Outgroup
population:   0             Outgroup    2
population:   1                   S1    4
population:   2                   S2    4
population:   3                  Adm    4
before setwt numsnps: 15817  outpop: Outgroup
setwt numsnps: 4711
number of blocks for moving block jackknife: 50
snps: 4711  indivs: 14
lambdascale:     0.712
fst:
        O    S    S    A 
  O     0  263  261  337
  S   263    0  258  528
  S   261  258    0  627
  A   337  528  627    0

f2:
        O    S    S    A 
  O     0  378  378  484
  S   378    0   75  117
  S   378   75    0  186
  A   484  117  186    0

ff3:
        O    S    S    A 
  O     0    0    0    0
  S     0  378  340  373
  S     0  340  378  338
  A     0  373  338  484

ff3sig*10:
        O    S    S    A 
  O     0    0    0    0
  S     0  163  165  168
  S     0  165  169  178
  A     0  168  178  145

starting analysis
number of initial random trials: 100
initmixwts:                      :Adm n009 n006 n008     0.888     0.112 


initial score:     0.089
init  vg:
    0.888 
gslsetup called
gslans:   11     0.089276
    0.881 
final vg:
    0.881 

 final score:        0.089  dof: -4 nominal p-val     1.000000
ff3fit:
        O    S    S    A 
  O     0    0    0    0
  S     0  378  340  374
  S     0  340  377  340
  A     0  374  340  485

ff3diff:
        O    S    S    A 
  O     0    0    0    0
  S     0    0   -1    1
  S     0   -1   -1    2
  A     0    1    2    1

mix:                      :Adm n009 n006 n008     0.881     0.119 

b_n000_n001 b_n000_n003 b_n003_n005 b_n005_n002 b_n005_n006 b_n003_n007 b_n007_n004 b_n007_n008 b_n009_n010 
   0.1699    0.1699    0.0384    0.0000    0.0558    0.0000    0.0369    0.0010    0.0719 


                      fst:       fitted        estim         diff     std. err   Z score 
      Out          S1 f2:     0.378224     0.378336     0.000112     0.016283     0.007 
      Out          S2 f2:     0.376750     0.377602     0.000852     0.016937     0.050 
      Out        Adm  f2:     0.484894     0.483847    -0.001047     0.014489    -0.072 
        S1         S2 f2:     0.075284     0.075191    -0.000093     0.008348    -0.011 
        S1       Adm  f2:     0.115777     0.116752     0.000975     0.014974     0.065 
        S2       Adm  f2:     0.181954     0.185737     0.003782     0.018315     0.207 


outliers:
                                                      Fit          Obs         Diff   Std. error         Z 


worst f-stat:       Out          S2         S1       Adm       0.000000    -0.002517    -0.002517     0.008425    -0.299 

## end of qpGraph time:     4.710 seconds memory:     9.126 Mbytes
