parameter file: tmp/tmp.par
### THE INPUT PARAMETERS
##PARAMETER NAME: VALUE
DIR: data
genotypename: data/Adm_bottleneck.rep80.geno
snpname: data/Adm_bottleneck.rep80.snp
indivname: data/Adm_bottleneck.rep80.ind
outpop: Outgroup
blgsize: 0.001
diag: .0001
hires: YES
initmix: 1000
precision: .0001
zthresh: 2.0
terse: NO
useallsnps: NO
## qpGraph version: 6450
outpop:  Outgroup
seed: 1377973403
Outgroup
S1
S2
Adm
*** warning: first snp . is number.  perhaps you are using .map format

graph: graph/Outgroup.S1.S2.Adm.2way.1.graph


numedge: 9  numancestor: 1
  0 Outgroup
  1 S1
  2 S2
  3 Adm
root label: :Outgroup
outpop: Outgroup
population:   0             Outgroup    2
population:   1                   S1    4
population:   2                   S2    4
population:   3                  Adm    4
before setwt numsnps: 17406  outpop: Outgroup
setwt numsnps: 4476
number of blocks for moving block jackknife: 50
snps: 4476  indivs: 14
lambdascale:     0.732
fst:
        O    S    S    A 
  O     0  268  261  263
  S   268    0  332  244
  S   261  332    0  195
  A   263  244  195    0

f2:
        O    S    S    A 
  O     0  392  380  383
  S   392    0   96   62
  S   380   96    0   49
  A   383   62   49    0

ff3:
        O    S    S    A 
  O     0    0    0    0
  S     0  392  338  356
  S     0  338  380  357
  A     0  356  357  383

ff3sig*10:
        O    S    S    A 
  O     0    0    0    0
  S     0  192  188  185
  S     0  188  184  183
  A     0  185  183  182

starting analysis
number of initial random trials: 100
initmixwts:                      :Adm n009 n006 n008     0.458     0.542 


initial score:     0.000
init  vg:
    0.458 
gslsetup called
gslans:    9     0.000040
    0.459 
final vg:
    0.459 

 final score:        0.000  dof: -4 nominal p-val     1.000000
ff3fit:
        O    S    S    A 
  O     0    0    0    0
  S     0  392  338  356
  S     0  338  380  357
  A     0  356  357  383

ff3diff:
        O    S    S    A 
  O     0    0    0    0
  S     0    0    0    0
  S     0    0    0    0
  A     0    0    0    0

mix:                      :Adm n009 n006 n008     0.459     0.541 

b_n000_n001 b_n000_n003 b_n003_n005 b_n005_n002 b_n005_n006 b_n003_n007 b_n007_n004 b_n007_n008 b_n009_n010 
   0.1689    0.1689    0.0403    0.0142    0.0049    0.0355    0.0064    0.0068    0.0232 


                      fst:       fitted        estim         diff     std. err   Z score 
      Out          S1 f2:     0.392328     0.392443     0.000115     0.019200     0.006 
      Out          S2 f2:     0.379735     0.379845     0.000111     0.018449     0.006 
      Out        Adm  f2:     0.382888     0.383000     0.000111     0.018235     0.006 
        S1         S2 f2:     0.096391     0.096383    -0.000009     0.011164    -0.001 
        S1       Adm  f2:     0.062496     0.062493    -0.000003     0.008912    -0.000 
        S2       Adm  f2:     0.048589     0.048587    -0.000002     0.009452    -0.000 


outliers:
                                                      Fit          Obs         Diff   Std. error         Z 


worst f-stat:       Out          S1       Out          S2      0.337836     0.337953     0.000117     0.018844     0.006 

## end of qpGraph time:     4.690 seconds memory:     9.818 Mbytes
