parameter file: tmp/tmp.par
### THE INPUT PARAMETERS
##PARAMETER NAME: VALUE
DIR: data
genotypename: data/Adm_expansion.rep99.geno
snpname: data/Adm_expansion.rep99.snp
indivname: data/Adm_expansion.rep99.ind
outpop: Outgroup
blgsize: 0.001
diag: .0001
hires: YES
initmix: 1000
precision: .0001
zthresh: 2.0
terse: NO
useallsnps: NO
## qpGraph version: 6450
outpop:  Outgroup
seed: -1474657324
Outgroup
S1
S2
Adm
*** warning: first snp . is number.  perhaps you are using .map format

graph: graph/Outgroup.S1.S2.Adm.2way.1.graph


numedge: 9  numancestor: 1
  0 Outgroup
  1 S1
  2 S2
  3 Adm
root label: :Outgroup
outpop: Outgroup
population:   0             Outgroup    2
population:   1                   S1    4
population:   2                   S2    4
population:   3                  Adm    4
before setwt numsnps: 15710  outpop: Outgroup
setwt numsnps: 4760
number of blocks for moving block jackknife: 50
snps: 4760  indivs: 14
lambdascale:     0.703
fst:
        O    S    S    A 
  O     0  254  272  337
  S   254    0  261  582
  S   272  261    0  633
  A   337  582  633    0

f2:
        O    S    S    A 
  O     0  358  389  478
  S   358    0   76  163
  S   389   76    0  171
  A   478  163  171    0

ff3:
        O    S    S    A 
  O     0    0    0    0
  S     0  358  336  337
  S     0  336  389  348
  A     0  337  348  478

ff3sig*10:
        O    S    S    A 
  O     0    0    0    0
  S     0  162  159  175
  S     0  159  156  195
  A     0  175  195  167

starting analysis
number of initial random trials: 100
initmixwts:                      :Adm n009 n006 n008     0.404     0.596 


initial score:     0.000
init  vg:
    0.404 
gslsetup called
gslans:    9     0.000013
    0.405 
final vg:
    0.405 

 final score:        0.000  dof: -4 nominal p-val     1.000000
ff3fit:
        O    S    S    A 
  O     0    0    0    0
  S     0  358  336  337
  S     0  336  389  348
  A     0  337  348  478

ff3diff:
        O    S    S    A 
  O     0    0    0    0
  S     0    0    0    0
  S     0    0    0    0
  A     0    0    0    0

mix:                      :Adm n009 n006 n008     0.405     0.595 

b_n000_n001 b_n000_n003 b_n003_n005 b_n005_n002 b_n005_n006 b_n003_n007 b_n007_n004 b_n007_n008 b_n009_n010 
   0.1678    0.1678    0.0027    0.0201    0.0192    0.0211    0.0320    0.0414    0.1170 


                      fst:       fitted        estim         diff     std. err   Z score 
      Out          S1 f2:     0.358348     0.358389     0.000041     0.016168     0.003 
      Out          S2 f2:     0.388573     0.388621     0.000047     0.015591     0.003 
      Out        Adm  f2:     0.478170     0.478218     0.000048     0.016742     0.003 
        S1         S2 f2:     0.075888     0.075883    -0.000005     0.009485    -0.001 
        S1       Adm  f2:     0.163303     0.163319     0.000016     0.017503     0.001 
        S2       Adm  f2:     0.170639     0.170644     0.000005     0.020398     0.000 


outliers:
                                                      Fit          Obs         Diff   Std. error         Z 


worst f-stat:       Out          S2       Out          S2      0.388573     0.388621     0.000047     0.015591     0.003 

## end of qpGraph time:     4.590 seconds memory:     9.105 Mbytes
