parameter file: tmp/tmp.par
### THE INPUT PARAMETERS
##PARAMETER NAME: VALUE
DIR: data
genotypename: data/Adm_expansion.rep37.geno
snpname: data/Adm_expansion.rep37.snp
indivname: data/Adm_expansion.rep37.ind
outpop: Outgroup
blgsize: 0.001
diag: .0001
hires: YES
initmix: 1000
precision: .0001
zthresh: 2.0
terse: NO
useallsnps: NO
## qpGraph version: 6450
outpop:  Outgroup
seed: 1442902656
Outgroup
S1
S2
Adm
*** warning: first snp . is number.  perhaps you are using .map format

graph: graph/Outgroup.S1.S2.Adm.2way.1.graph


numedge: 9  numancestor: 1
  0 Outgroup
  1 S1
  2 S2
  3 Adm
root label: :Outgroup
outpop: Outgroup
population:   0             Outgroup    2
population:   1                   S1    4
population:   2                   S2    4
population:   3                  Adm    4
before setwt numsnps: 15198  outpop: Outgroup
setwt numsnps: 4629
number of blocks for moving block jackknife: 50
snps: 4629  indivs: 14
lambdascale:     0.784
fst:
        O    S    S    A 
  O     0  251  264  320
  S   251    0  260  614
  S   264  260    0  596
  A   320  614  596    0

f2:
        O    S    S    A 
  O     0  386  407  488
  S   386    0   70  168
  S   407   70    0  137
  A   488  168  137    0

ff3:
        O    S    S    A 
  O     0    0    0    0
  S     0  386  362  353
  S     0  362  407  380
  A     0  353  380  488

ff3sig*10:
        O    S    S    A 
  O     0    0    0    0
  S     0  179  184  196
  S     0  184  182  199
  A     0  196  199  193

starting analysis
number of initial random trials: 100
initmixwts:                      :Adm n009 n006 n008     0.391     0.609 


initial score:     1.836
init  vg:
    0.391 
gslsetup called
gslans:    9     1.836175
    0.383 
final vg:
    0.383 

 final score:        1.836  dof: -4 nominal p-val     1.000000
ff3fit:
        O    S    S    A 
  O     0    0    0    0
  S     0  388  362  362
  S     0  362  408  384
  A     0  362  384  491

ff3diff:
        O    S    S    A 
  O     0    0    0    0
  S     0    2    0    9
  S     0    0    1    5
  A     0    9    5    2

mix:                      :Adm n009 n006 n008     0.383     0.617 

b_n000_n001 b_n000_n003 b_n003_n005 b_n005_n002 b_n005_n006 b_n003_n007 b_n007_n004 b_n007_n008 b_n009_n010 
   0.1811    0.1811    0.0000    0.0255    0.0144    0.0360    0.0101    0.0374    0.0983 


                      fst:       fitted        estim         diff     std. err   Z score 
      Out          S1 f2:     0.387738     0.386085    -0.001653     0.017908    -0.092 
      Out          S2 f2:     0.408294     0.407406    -0.000887     0.018231    -0.049 
      Out        Adm  f2:     0.490551     0.488218    -0.002333     0.019327    -0.121 
        S1         S2 f2:     0.071576     0.069820    -0.001756     0.010623    -0.165 
        S1       Adm  f2:     0.153834     0.168014     0.014180     0.019133     0.741 
        S2       Adm  f2:     0.130033     0.136554     0.006520     0.016255     0.401 


outliers:
                                                      Fit          Obs         Diff   Std. error         Z 


worst f-stat:       Out          S1         S2       Adm       0.000000    -0.008691    -0.008691     0.006410    -1.356 

## end of qpGraph time:     4.610 seconds memory:     8.876 Mbytes
