parameter file: tmp/tmp.par
### THE INPUT PARAMETERS
##PARAMETER NAME: VALUE
DIR: data
genotypename: data/Adm_bottleneck.rep87.geno
snpname: data/Adm_bottleneck.rep87.snp
indivname: data/Adm_bottleneck.rep87.ind
outpop: Outgroup
blgsize: 0.001
diag: .0001
hires: YES
initmix: 1000
precision: .0001
zthresh: 2.0
terse: NO
useallsnps: NO
## qpGraph version: 6450
outpop:  Outgroup
seed: 1349826179
Outgroup
S1
S2
Adm
*** warning: first snp . is number.  perhaps you are using .map format

graph: graph/Outgroup.S1.S2.Adm.2way.1.graph


numedge: 9  numancestor: 1
  0 Outgroup
  1 S1
  2 S2
  3 Adm
root label: :Outgroup
outpop: Outgroup
population:   0             Outgroup    2
population:   1                   S1    4
population:   2                   S2    4
population:   3                  Adm    4
before setwt numsnps: 16805  outpop: Outgroup
setwt numsnps: 4491
number of blocks for moving block jackknife: 50
snps: 4491  indivs: 14
lambdascale:     0.872
fst:
        O    S    S    A 
  O     0  236  239  246
  S   236    0  342  286
  S   239  342    0  232
  A   246  286  232    0

f2:
        O    S    S    A 
  O     0  394  402  414
  S   394    0  129   94
  S   402  129    0   70
  A   414   94   70    0

ff3:
        O    S    S    A 
  O     0    0    0    0
  S     0  394  334  357
  S     0  334  402  373
  A     0  357  373  414

ff3sig*10:
        O    S    S    A 
  O     0    0    0    0
  S     0  231  220  236
  S     0  220  227  218
  A     0  236  218  214

starting analysis
number of initial random trials: 100
initmixwts:                      :Adm n009 n006 n008     0.410     0.590 


initial score:     0.000
init  vg:
    0.410 
gslsetup called
gslans:   11     0.000018
    0.419 
final vg:
    0.419 

 final score:        0.000  dof: -4 nominal p-val     1.000000
ff3fit:
        O    S    S    A 
  O     0    0    0    0
  S     0  394  334  357
  S     0  334  402  373
  A     0  357  373  414

ff3diff:
        O    S    S    A 
  O     0    0    0    0
  S     0    0    0    0
  S     0    0    0    0
  A     0    0    0    0

mix:                      :Adm n009 n006 n008     0.419     0.581 

b_n000_n001 b_n000_n003 b_n003_n005 b_n005_n002 b_n005_n006 b_n003_n007 b_n007_n004 b_n007_n008 b_n009_n010 
   0.1668    0.1668    0.0562    0.0043    0.0073    0.0684    0.0000    0.0140    0.0416 


                      fst:       fitted        estim         diff     std. err   Z score 
      Out          S1 f2:     0.393994     0.394081     0.000087     0.023072     0.004 
      Out          S2 f2:     0.401927     0.402014     0.000087     0.022744     0.004 
      Out        Adm  f2:     0.414065     0.414154     0.000088     0.021387     0.004 
        S1         S2 f2:     0.128892     0.128895     0.000003     0.015737     0.000 
        S1       Adm  f2:     0.093887     0.093870    -0.000017     0.011154    -0.002 
        S2       Adm  f2:     0.069558     0.069556    -0.000002     0.008984    -0.000 


outliers:
                                                      Fit          Obs         Diff   Std. error         Z 


worst f-stat:       Out        Adm        Out        Adm       0.414065     0.414154     0.000088     0.021387     0.004 

## end of qpGraph time:     4.740 seconds memory:     9.581 Mbytes
