parameter file: tmp/tmp.par
### THE INPUT PARAMETERS
##PARAMETER NAME: VALUE
DIR: data
genotypename: data/Adm_expansion.rep48.geno
snpname: data/Adm_expansion.rep48.snp
indivname: data/Adm_expansion.rep48.ind
outpop: Outgroup
blgsize: 0.001
diag: .0001
hires: YES
initmix: 1000
precision: .0001
zthresh: 2.0
terse: NO
useallsnps: NO
## qpGraph version: 6450
outpop:  Outgroup
seed: 1520301472
Outgroup
S1
S2
Adm
*** warning: first snp . is number.  perhaps you are using .map format

graph: graph/Outgroup.S1.S2.Adm.2way.1.graph


numedge: 9  numancestor: 1
  0 Outgroup
  1 S1
  2 S2
  3 Adm
root label: :Outgroup
outpop: Outgroup
population:   0             Outgroup    2
population:   1                   S1    4
population:   2                   S2    4
population:   3                  Adm    4
before setwt numsnps: 15411  outpop: Outgroup
setwt numsnps: 4767
number of blocks for moving block jackknife: 50
snps: 4767  indivs: 14
lambdascale:     0.774
fst:
        O    S    S    A 
  O     0  267  265  336
  S   267    0  286  641
  S   265  286    0  577
  A   336  641  577    0

f2:
        O    S    S    A 
  O     0  413  407  523
  S   413    0   81  180
  S   407   81    0  142
  A   523  180  142    0

ff3:
        O    S    S    A 
  O     0    0    0    0
  S     0  413  370  378
  S     0  370  407  394
  A     0  378  394  523

ff3sig*10:
        O    S    S    A 
  O     0    0    0    0
  S     0  172  181  201
  S     0  181  165  189
  A     0  201  189  187

starting analysis
number of initial random trials: 100
initmixwts:                      :Adm n009 n006 n008     0.348     0.652 


initial score:     0.000
init  vg:
    0.348 
gslsetup called
gslans:   12     0.000029
    0.354 
final vg:
    0.354 

 final score:        0.000  dof: -4 nominal p-val     1.000000
ff3fit:
        O    S    S    A 
  O     0    0    0    0
  S     0  413  369  378
  S     0  369  407  394
  A     0  378  394  523

ff3diff:
        O    S    S    A 
  O     0    0    0    0
  S     0    0    0    0
  S     0    0    0    0
  A     0    0    0    0

mix:                      :Adm n009 n006 n008     0.354     0.646 

b_n000_n001 b_n000_n003 b_n003_n005 b_n005_n002 b_n005_n006 b_n003_n007 b_n007_n004 b_n007_n008 b_n009_n010 
   0.1847    0.1847    0.0233    0.0199    0.0142    0.0378    0.0000    0.0473    0.1132 


                      fst:       fitted        estim         diff     std. err   Z score 
      Out          S1 f2:     0.412678     0.412763     0.000085     0.017152     0.005 
      Out          S2 f2:     0.407325     0.407403     0.000078     0.016506     0.005 
      Out        Adm  f2:     0.522927     0.523023     0.000096     0.018699     0.005 
        S1         S2 f2:     0.081043     0.081027    -0.000017     0.010020    -0.002 
        S1       Adm  f2:     0.180151     0.180140    -0.000011     0.017181    -0.001 
        S2       Adm  f2:     0.142406     0.142402    -0.000004     0.015717    -0.000 


outliers:
                                                      Fit          Obs         Diff   Std. error         Z 


worst f-stat:       Out        Adm        Out        Adm       0.522927     0.523023     0.000096     0.018699     0.005 

## end of qpGraph time:     4.530 seconds memory:     8.917 Mbytes
