parameter file: tmp/tmp.par
### THE INPUT PARAMETERS
##PARAMETER NAME: VALUE
DIR: data
genotypename: data/Adm_expansion.rep74.geno
snpname: data/Adm_expansion.rep74.snp
indivname: data/Adm_expansion.rep74.ind
outpop: Outgroup
blgsize: 0.001
diag: .0001
hires: YES
initmix: 1000
precision: .0001
zthresh: 2.0
terse: NO
useallsnps: NO
## qpGraph version: 6450
outpop:  Outgroup
seed: -1590788915
Outgroup
S1
S2
Adm
*** warning: first snp . is number.  perhaps you are using .map format

graph: graph/Outgroup.S1.S2.Adm.2way.1.graph


numedge: 9  numancestor: 1
  0 Outgroup
  1 S1
  2 S2
  3 Adm
root label: :Outgroup
outpop: Outgroup
population:   0             Outgroup    2
population:   1                   S1    4
population:   2                   S2    4
population:   3                  Adm    4
before setwt numsnps: 15641  outpop: Outgroup
setwt numsnps: 4192
number of blocks for moving block jackknife: 49
snps: 4192  indivs: 14
lambdascale:     0.812
fst:
        O    S    S    A 
  O     0  288  274  354
  S   288    0  296  620
  S   274  296    0  576
  A   354  620  576    0

f2:
        O    S    S    A 
  O     0  486  458  597
  S   486    0  101  180
  S   458  101    0  174
  A   597  180  174    0

ff3:
        O    S    S    A 
  O     0    0    0    0
  S     0  486  422  451
  S     0  422  458  440
  A     0  451  440  597

ff3sig*10:
        O    S    S    A 
  O     0    0    0    0
  S     0  260  244  291
  S     0  244  239  257
  A     0  291  257  278

starting analysis
number of initial random trials: 100
initmixwts:                      :Adm n009 n006 n008     0.488     0.512 


initial score:     0.000
init  vg:
    0.488 
gslsetup called
gslans:   10     0.000032
    0.489 
final vg:
    0.489 

 final score:        0.000  dof: -4 nominal p-val     1.000000
ff3fit:
        O    S    S    A 
  O     0    0    0    0
  S     0  486  422  451
  S     0  422  458  440
  A     0  451  440  597

ff3diff:
        O    S    S    A 
  O     0    0    0    0
  S     0    0    0    0
  S     0    0    0    0
  A     0    0    0    0

mix:                      :Adm n009 n006 n008     0.489     0.511 

b_n000_n001 b_n000_n003 b_n003_n005 b_n005_n002 b_n005_n006 b_n003_n007 b_n007_n004 b_n007_n008 b_n009_n010 
   0.2109    0.2109    0.0605    0.0039    0.0321    0.0363    0.0000    0.0351    0.1343 


                      fst:       fitted        estim         diff     std. err   Z score 
      Out          S1 f2:     0.486131     0.486269     0.000137     0.025997     0.005 
      Out          S2 f2:     0.458075     0.458199     0.000124     0.023910     0.005 
      Out        Adm  f2:     0.596893     0.597049     0.000156     0.027766     0.006 
        S1         S2 f2:     0.100693     0.100696     0.000003     0.013268     0.000 
        S1       Adm  f2:     0.180374     0.180352    -0.000022     0.020755    -0.001 
        S2       Adm  f2:     0.174322     0.174330     0.000008     0.019563     0.000 


outliers:
                                                      Fit          Obs         Diff   Std. error         Z 


worst f-stat:       Out        Adm        Out        Adm       0.596893     0.597049     0.000156     0.027766     0.006 

## end of qpGraph time:     4.610 seconds memory:     9.093 Mbytes
