parameter file: tmp/tmp.par
### THE INPUT PARAMETERS
##PARAMETER NAME: VALUE
DIR: data
genotypename: data/Adm_expansion.rep15.geno
snpname: data/Adm_expansion.rep15.snp
indivname: data/Adm_expansion.rep15.ind
outpop: Outgroup
blgsize: 0.001
diag: .0001
hires: YES
initmix: 1000
precision: .0001
zthresh: 2.0
terse: NO
useallsnps: NO
## qpGraph version: 6450
outpop:  Outgroup
seed: 1302031455
Outgroup
S1
S2
Adm
*** warning: first snp . is number.  perhaps you are using .map format

graph: graph/Outgroup.S1.S2.Adm.2way.1.graph


numedge: 9  numancestor: 1
  0 Outgroup
  1 S1
  2 S2
  3 Adm
root label: :Outgroup
outpop: Outgroup
population:   0             Outgroup    2
population:   1                   S1    4
population:   2                   S2    4
population:   3                  Adm    4
before setwt numsnps: 15336  outpop: Outgroup
setwt numsnps: 4361
number of blocks for moving block jackknife: 49
snps: 4361  indivs: 14
lambdascale:     0.738
fst:
        O    S    S    A 
  O     0  246  243  319
  S   246    0  291  667
  S   243  291    0  578
  A   319  667  578    0

f2:
        O    S    S    A 
  O     0  346  343  458
  S   346    0   78  186
  S   343   78    0  140
  A   458  186  140    0

ff3:
        O    S    S    A 
  O     0    0    0    0
  S     0  346  305  308
  S     0  305  343  331
  A     0  308  331  458

ff3sig*10:
        O    S    S    A 
  O     0    0    0    0
  S     0  141  144  149
  S     0  144  155  152
  A     0  149  152  151

starting analysis
number of initial random trials: 100
initmixwts:                      :Adm n009 n006 n008     0.129     0.871 


initial score:     0.000
init  vg:
    0.129 
gslsetup called
gslans:    9     0.000007
    0.131 
final vg:
    0.131 

 final score:        0.000  dof: -4 nominal p-val     1.000000
ff3fit:
        O    S    S    A 
  O     0    0    0    0
  S     0  346  305  308
  S     0  305  343  331
  A     0  308  331  458

ff3diff:
        O    S    S    A 
  O     0    0    0    0
  S     0    0    0    0
  S     0    0    0    0
  A     0    0    0    0

mix:                      :Adm n009 n006 n008     0.131     0.869 

b_n000_n001 b_n000_n003 b_n003_n005 b_n005_n002 b_n005_n006 b_n003_n007 b_n007_n004 b_n007_n008 b_n009_n010 
   0.1526    0.1526    0.0235    0.0168    0.0014    0.0292    0.0087    0.0624    0.0828 


                      fst:       fitted        estim         diff     std. err   Z score 
      Out          S1 f2:     0.345581     0.345612     0.000030     0.014141     0.002 
      Out          S2 f2:     0.343228     0.343258     0.000030     0.015466     0.002 
      Out        Adm  f2:     0.457626     0.457662     0.000036     0.015089     0.002 
        S1         S2 f2:     0.078252     0.078246    -0.000006     0.012388    -0.000 
        S1       Adm  f2:     0.186483     0.186485     0.000002     0.018600     0.000 
        S2       Adm  f2:     0.139552     0.139562     0.000009     0.016374     0.001 


outliers:
                                                      Fit          Obs         Diff   Std. error         Z 


worst f-stat:       Out        Adm        Out        Adm       0.457626     0.457662     0.000036     0.015089     0.002 

## end of qpGraph time:     4.780 seconds memory:     8.905 Mbytes
