parameter file: tmp/tmp.par
### THE INPUT PARAMETERS
##PARAMETER NAME: VALUE
DIR: data
genotypename: data/Adm_bottleneck.rep14.geno
snpname: data/Adm_bottleneck.rep14.snp
indivname: data/Adm_bottleneck.rep14.ind
outpop: Outgroup
blgsize: 0.001
diag: .0001
hires: YES
initmix: 1000
precision: .0001
zthresh: 2.0
terse: NO
useallsnps: NO
## qpGraph version: 6450
outpop:  Outgroup
seed: 2049253912
Outgroup
S1
S2
Adm
*** warning: first snp . is number.  perhaps you are using .map format

graph: graph/Outgroup.S1.S2.Adm.2way.1.graph


numedge: 9  numancestor: 1
  0 Outgroup
  1 S1
  2 S2
  3 Adm
root label: :Outgroup
outpop: Outgroup
population:   0             Outgroup    2
population:   1                   S1    4
population:   2                   S2    4
population:   3                  Adm    4
before setwt numsnps: 16748  outpop: Outgroup
setwt numsnps: 4386
number of blocks for moving block jackknife: 50
snps: 4386  indivs: 14
lambdascale:     0.716
fst:
        O    S    S    A 
  O     0  279  286  286
  S   279    0  288  202
  S   286  288    0  190
  A   286  202  190    0

f2:
        O    S    S    A 
  O     0  416  424  429
  S   416    0   85   55
  S   424   85    0   48
  A   429   55   48    0

ff3:
        O    S    S    A 
  O     0    0    0    0
  S     0  416  378  395
  S     0  378  424  403
  A     0  395  403  429

ff3sig*10:
        O    S    S    A 
  O     0    0    0    0
  S     0  210  210  208
  S     0  210  210  210
  A     0  208  210  216

starting analysis
number of initial random trials: 100
initmixwts:                      :Adm n009 n006 n008     0.450     0.550 


initial score:     0.000
init  vg:
    0.450 
gslsetup called
gslans:   13     0.000059
    0.444 
final vg:
    0.444 

 final score:        0.000  dof: -4 nominal p-val     1.000000
ff3fit:
        O    S    S    A 
  O     0    0    0    0
  S     0  416  377  395
  S     0  377  424  402
  A     0  395  402  429

ff3diff:
        O    S    S    A 
  O     0    0    0    0
  S     0    0    0    0
  S     0    0    0    0
  A     0    0    0    0

mix:                      :Adm n009 n006 n008     0.444     0.556 

b_n000_n001 b_n000_n003 b_n003_n005 b_n005_n002 b_n005_n006 b_n003_n007 b_n007_n004 b_n007_n008 b_n009_n010 
   0.1887    0.1887    0.0386    0.0000    0.0052    0.0451    0.0016    0.0081    0.0261 


                      fst:       fitted        estim         diff     std. err   Z score 
      Out          S1 f2:     0.416055     0.416207     0.000152     0.021035     0.007 
      Out          S2 f2:     0.424100     0.424254     0.000154     0.021014     0.007 
      Out        Adm  f2:     0.428597     0.428757     0.000160     0.021618     0.007 
        S1         S2 f2:     0.085310     0.085302    -0.000008     0.010322    -0.001 
        S1       Adm  f2:     0.055485     0.055482    -0.000004     0.008690    -0.000 
        S2       Adm  f2:     0.047744     0.047740    -0.000004     0.007443    -0.001 


outliers:
                                                      Fit          Obs         Diff   Std. error         Z 


worst f-stat:       Out          S1       Out        Adm       0.394584     0.394742     0.000158     0.020774     0.008 

## end of qpGraph time:     4.660 seconds memory:     9.568 Mbytes
