parameter file: tmp/tmp.par
### THE INPUT PARAMETERS
##PARAMETER NAME: VALUE
DIR: data
genotypename: data/Adm_bottleneck.rep40.geno
snpname: data/Adm_bottleneck.rep40.snp
indivname: data/Adm_bottleneck.rep40.ind
outpop: Outgroup
blgsize: 0.001
diag: .0001
hires: YES
initmix: 1000
precision: .0001
zthresh: 2.0
terse: NO
useallsnps: NO
## qpGraph version: 6450
outpop:  Outgroup
seed: 1091086666
Outgroup
S1
S2
Adm
*** warning: first snp . is number.  perhaps you are using .map format

graph: graph/Outgroup.S1.S2.Adm.2way.1.graph


numedge: 9  numancestor: 1
  0 Outgroup
  1 S1
  2 S2
  3 Adm
root label: :Outgroup
outpop: Outgroup
population:   0             Outgroup    2
population:   1                   S1    4
population:   2                   S2    4
population:   3                  Adm    4
before setwt numsnps: 16879  outpop: Outgroup
setwt numsnps: 4710
number of blocks for moving block jackknife: 50
snps: 4710  indivs: 14
lambdascale:     0.684
fst:
        O    S    S    A 
  O     0  250  256  260
  S   250    0  242  219
  S   256  242    0  208
  A   260  219  208    0

f2:
        O    S    S    A 
  O     0  337  346  352
  S   337    0   63   55
  S   346   63    0   49
  A   352   55   49    0

ff3:
        O    S    S    A 
  O     0    0    0    0
  S     0  337  310  317
  S     0  310  346  324
  A     0  317  324  352

ff3sig*10:
        O    S    S    A 
  O     0    0    0    0
  S     0  168  168  154
  S     0  168  162  158
  A     0  154  158  161

starting analysis
number of initial random trials: 100
initmixwts:                      :Adm n009 n006 n008     0.256     0.744 


initial score:     0.000
init  vg:
    0.256 
gslsetup called
gslans:   12     0.000044
    0.251 
final vg:
    0.251 

 final score:        0.000  dof: -4 nominal p-val     1.000000
ff3fit:
        O    S    S    A 
  O     0    0    0    0
  S     0  337  310  317
  S     0  310  346  324
  A     0  317  324  352

ff3diff:
        O    S    S    A 
  O     0    0    0    0
  S     0    0    0    0
  S     0    0    0    0
  A     0    0    0    0

mix:                      :Adm n009 n006 n008     0.251     0.749 

b_n000_n001 b_n000_n003 b_n003_n005 b_n005_n002 b_n005_n006 b_n003_n007 b_n007_n004 b_n007_n008 b_n009_n010 
   0.1550    0.1550    0.0272    0.0000    0.0014    0.0187    0.0172    0.0125    0.0222 


                      fst:       fitted        estim         diff     std. err   Z score 
      Out          S1 f2:     0.337275     0.337378     0.000103     0.016811     0.006 
      Out          S2 f2:     0.345996     0.346093     0.000097     0.016244     0.006 
      Out        Adm  f2:     0.351613     0.351709     0.000096     0.016112     0.006 
        S1         S2 f2:     0.063086     0.063078    -0.000008     0.008700    -0.001 
        S1       Adm  f2:     0.055056     0.055054    -0.000003     0.008570    -0.000 
        S2       Adm  f2:     0.049425     0.049419    -0.000005     0.010223    -0.001 


outliers:
                                                      Fit          Obs         Diff   Std. error         Z 


worst f-stat:       Out          S1       Out        Adm       0.316916     0.317017     0.000101     0.015415     0.007 

## end of qpGraph time:     5.060 seconds memory:     9.458 Mbytes
