parameter file: tmp/tmp.par
### THE INPUT PARAMETERS
##PARAMETER NAME: VALUE
DIR: data
genotypename: data/Adm_expansion.rep31.geno
snpname: data/Adm_expansion.rep31.snp
indivname: data/Adm_expansion.rep31.ind
outpop: Outgroup
blgsize: 0.001
diag: .0001
hires: YES
initmix: 1000
precision: .0001
zthresh: 2.0
terse: NO
useallsnps: NO
## qpGraph version: 6450
outpop:  Outgroup
seed: 1358459101
Outgroup
S1
S2
Adm
*** warning: first snp . is number.  perhaps you are using .map format

graph: graph/Outgroup.S1.S2.Adm.2way.1.graph


numedge: 9  numancestor: 1
  0 Outgroup
  1 S1
  2 S2
  3 Adm
root label: :Outgroup
outpop: Outgroup
population:   0             Outgroup    2
population:   1                   S1    4
population:   2                   S2    4
population:   3                  Adm    4
before setwt numsnps: 15201  outpop: Outgroup
setwt numsnps: 4661
number of blocks for moving block jackknife: 50
snps: 4661  indivs: 14
lambdascale:     0.813
fst:
        O    S    S    A 
  O     0  255  261  335
  S   255    0  303  497
  S   261  303    0  647
  A   335  497  647    0

f2:
        O    S    S    A 
  O     0  416  423  546
  S   416    0  104  122
  S   423  104    0  207
  A   546  122  207    0

ff3:
        O    S    S    A 
  O     0    0    0    0
  S     0  416  367  420
  S     0  367  423  381
  A     0  420  381  546

ff3sig*10:
        O    S    S    A 
  O     0    0    0    0
  S     0  204  211  205
  S     0  211  193  222
  A     0  205  222  205

starting analysis
number of initial random trials: 100
initmixwts:                      :Adm n009 n006 n008     0.948     0.052 


initial score:     1.535
init  vg:
    0.948 
gslsetup called
gslans:    9     1.532736
    0.952 
final vg:
    0.952 

 final score:        1.533  dof: -4 nominal p-val     1.000000
ff3fit:
        O    S    S    A 
  O     0    0    0    0
  S     0  419  371  417
  S     0  371  420  373
  A     0  417  373  538

ff3diff:
        O    S    S    A 
  O     0    0    0    0
  S     0    3    3   -3
  S     0    3   -3   -8
  A     0   -3   -8   -9

mix:                      :Adm n009 n006 n008     0.952     0.048 

b_n000_n001 b_n000_n003 b_n003_n005 b_n005_n002 b_n005_n006 b_n003_n007 b_n007_n004 b_n007_n008 b_n009_n010 
   0.1854    0.1854    0.0483    0.0000    0.0611    0.0490    0.0000    0.0002    0.0675 


                      fst:       fitted        estim         diff     std. err   Z score 
      Out          S1 f2:     0.419105     0.416206    -0.002899     0.020422    -0.142 
      Out          S2 f2:     0.419734     0.422696     0.002962     0.019329     0.153 
      Out        Adm  f2:     0.537527     0.546238     0.008711     0.020538     0.424 
        S1         S2 f2:     0.097311     0.104016     0.006705     0.011813     0.568 
        S1       Adm  f2:     0.123102     0.122217    -0.000885     0.013821    -0.064 
        S2       Adm  f2:     0.210991     0.207160    -0.003831     0.019906    -0.192 


outliers:
                                                      Fit          Obs         Diff   Std. error         Z 


worst f-stat:       Out          S2         S1       Adm       0.002371     0.013444     0.011073     0.009681     1.144 

## end of qpGraph time:     5.070 seconds memory:     8.876 Mbytes
