parameter file: tmp/tmp.par
### THE INPUT PARAMETERS
##PARAMETER NAME: VALUE
DIR: data
genotypename: data/Adm_bottleneck.rep60.geno
snpname: data/Adm_bottleneck.rep60.snp
indivname: data/Adm_bottleneck.rep60.ind
outpop: Outgroup
blgsize: 0.001
diag: .0001
hires: YES
initmix: 1000
precision: .0001
zthresh: 2.0
terse: NO
useallsnps: NO
## qpGraph version: 6450
outpop:  Outgroup
seed: 1242771194
Outgroup
S1
S2
Adm
*** warning: first snp . is number.  perhaps you are using .map format

graph: graph/Outgroup.S1.S2.Adm.2way.1.graph


numedge: 9  numancestor: 1
  0 Outgroup
  1 S1
  2 S2
  3 Adm
root label: :Outgroup
outpop: Outgroup
population:   0             Outgroup    2
population:   1                   S1    4
population:   2                   S2    4
population:   3                  Adm    4
before setwt numsnps: 17382  outpop: Outgroup
setwt numsnps: 4742
number of blocks for moving block jackknife: 50
snps: 4742  indivs: 14
lambdascale:     0.703
fst:
        O    S    S    A 
  O     0  248  260  262
  S   248    0  275  200
  S   260  275    0  203
  A   262  200  203    0

f2:
        O    S    S    A 
  O     0  352  369  374
  S   352    0   87   58
  S   369   87    0   57
  A   374   58   57    0

ff3:
        O    S    S    A 
  O     0    0    0    0
  S     0  352  317  334
  S     0  317  369  343
  A     0  334  343  374

ff3sig*10:
        O    S    S    A 
  O     0    0    0    0
  S     0  166  177  168
  S     0  177  176  170
  A     0  168  170  183

starting analysis
number of initial random trials: 100
initmixwts:                      :Adm n009 n006 n008     0.491     0.509 


initial score:     0.000
init  vg:
    0.491 
gslsetup called
gslans:   10     0.000023
    0.497 
final vg:
    0.497 

 final score:        0.000  dof: -4 nominal p-val     1.000000
ff3fit:
        O    S    S    A 
  O     0    0    0    0
  S     0  352  317  334
  S     0  317  369  343
  A     0  334  343  374

ff3diff:
        O    S    S    A 
  O     0    0    0    0
  S     0    0    0    0
  S     0    0    0    0
  A     0    0    0    0

mix:                      :Adm n009 n006 n008     0.497     0.503 

b_n000_n001 b_n000_n003 b_n003_n005 b_n005_n002 b_n005_n006 b_n003_n007 b_n007_n004 b_n007_n008 b_n009_n010 
   0.1585    0.1585    0.0342    0.0011    0.0078    0.0519    0.0000    0.0080    0.0314 


                      fst:       fitted        estim         diff     std. err   Z score 
      Out          S1 f2:     0.352198     0.352269     0.000071     0.016618     0.004 
      Out          S2 f2:     0.368899     0.368974     0.000076     0.017594     0.004 
      Out        Adm  f2:     0.373860     0.373943     0.000083     0.018308     0.005 
        S1         S2 f2:     0.087219     0.087207    -0.000012     0.010674    -0.001 
        S1       Adm  f2:     0.058228     0.058226    -0.000002     0.007807    -0.000 
        S2       Adm  f2:     0.056638     0.056637    -0.000000     0.008739    -0.000 


outliers:
                                                      Fit          Obs         Diff   Std. error         Z 


worst f-stat:       Out          S2       Out        Adm       0.343061     0.343140     0.000080     0.016995     0.005 

## end of qpGraph time:     4.740 seconds memory:     9.814 Mbytes
