parameter file: tmp/tmp.par
### THE INPUT PARAMETERS
##PARAMETER NAME: VALUE
DIR: data
genotypename: data/Adm_bottleneck.rep94.geno
snpname: data/Adm_bottleneck.rep94.snp
indivname: data/Adm_bottleneck.rep94.ind
outpop: Outgroup
blgsize: 0.001
diag: .0001
hires: YES
initmix: 1000
precision: .0001
zthresh: 2.0
terse: NO
useallsnps: NO
## qpGraph version: 6450
outpop:  Outgroup
seed: 1439152251
Outgroup
S1
S2
Adm
*** warning: first snp . is number.  perhaps you are using .map format

graph: graph/Outgroup.S1.S2.Adm.2way.1.graph


numedge: 9  numancestor: 1
  0 Outgroup
  1 S1
  2 S2
  3 Adm
root label: :Outgroup
outpop: Outgroup
population:   0             Outgroup    2
population:   1                   S1    4
population:   2                   S2    4
population:   3                  Adm    4
before setwt numsnps: 17399  outpop: Outgroup
setwt numsnps: 4866
number of blocks for moving block jackknife: 50
snps: 4866  indivs: 14
lambdascale:     0.717
fst:
        O    S    S    A 
  O     0  246  241  246
  S   246    0  240  203
  S   241  240    0  172
  A   246  203  172    0

f2:
        O    S    S    A 
  O     0  340  334  341
  S   340    0   63   49
  S   334   63    0   42
  A   341   49   42    0

ff3:
        O    S    S    A 
  O     0    0    0    0
  S     0  340  306  316
  S     0  306  334  317
  A     0  316  317  341

ff3sig*10:
        O    S    S    A 
  O     0    0    0    0
  S     0  141  144  139
  S     0  144  145  144
  A     0  139  144  153

starting analysis
number of initial random trials: 100
initmixwts:                      :Adm n009 n006 n008     0.569     0.431 


initial score:     0.000
init  vg:
    0.569 
gslsetup called
gslans:    9     0.000038
    0.564 
final vg:
    0.564 

 final score:        0.000  dof: -4 nominal p-val     1.000000
ff3fit:
        O    S    S    A 
  O     0    0    0    0
  S     0  340  306  316
  S     0  306  334  316
  A     0  316  316  341

ff3diff:
        O    S    S    A 
  O     0    0    0    0
  S     0    0    0    0
  S     0    0    0    0
  A     0    0    0    0

mix:                      :Adm n009 n006 n008     0.564     0.436 

b_n000_n001 b_n000_n003 b_n003_n005 b_n005_n002 b_n005_n006 b_n003_n007 b_n007_n004 b_n007_n008 b_n009_n010 
   0.1528    0.1528    0.0183    0.0162    0.0069    0.0248    0.0037    0.0042    0.0218 


                      fst:       fitted        estim         diff     std. err   Z score 
      Out          S1 f2:     0.340051     0.340129     0.000079     0.014102     0.006 
      Out          S2 f2:     0.334111     0.334196     0.000085     0.014535     0.006 
      Out        Adm  f2:     0.340934     0.341024     0.000090     0.015293     0.006 
        S1         S2 f2:     0.062941     0.062928    -0.000013     0.008172    -0.002 
        S1       Adm  f2:     0.049180     0.049184     0.000004     0.006457     0.001 
        S2       Adm  f2:     0.042200     0.042201     0.000001     0.007455     0.000 


outliers:
                                                      Fit          Obs         Diff   Std. error         Z 


worst f-stat:       Out          S1       Out          S2      0.305611     0.305699     0.000088     0.014375     0.006 

## end of qpGraph time:     4.670 seconds memory:     9.818 Mbytes
