parameter file: tmp/tmp.par
### THE INPUT PARAMETERS
##PARAMETER NAME: VALUE
DIR: data
genotypename: data/Adm_bottleneck.rep26.geno
snpname: data/Adm_bottleneck.rep26.snp
indivname: data/Adm_bottleneck.rep26.ind
outpop: Outgroup
blgsize: 0.001
diag: .0001
hires: YES
initmix: 1000
precision: .0001
zthresh: 2.0
terse: NO
useallsnps: NO
## qpGraph version: 6450
outpop:  Outgroup
seed: 2116887901
Outgroup
S1
S2
Adm
*** warning: first snp . is number.  perhaps you are using .map format

graph: graph/Outgroup.S1.S2.Adm.2way.1.graph


numedge: 9  numancestor: 1
  0 Outgroup
  1 S1
  2 S2
  3 Adm
root label: :Outgroup
outpop: Outgroup
population:   0             Outgroup    2
population:   1                   S1    4
population:   2                   S2    4
population:   3                  Adm    4
before setwt numsnps: 17368  outpop: Outgroup
setwt numsnps: 4559
number of blocks for moving block jackknife: 50
snps: 4559  indivs: 14
lambdascale:     0.724
fst:
        O    S    S    A 
  O     0  255  256  264
  S   255    0  300  317
  S   256  300    0  219
  A   264  317  219    0

f2:
        O    S    S    A 
  O     0  364  367  379
  S   364    0   88   90
  S   367   88    0   54
  A   379   90   54    0

ff3:
        O    S    S    A 
  O     0    0    0    0
  S     0  364  321  327
  S     0  321  367  346
  A     0  327  346  379

ff3sig*10:
        O    S    S    A 
  O     0    0    0    0
  S     0  190  195  204
  S     0  195  193  209
  A     0  204  209  187

starting analysis
number of initial random trials: 100
initmixwts:                      :Adm n009 n006 n008     0.328     0.672 


initial score:     0.000
init  vg:
    0.328 
gslsetup called
gslans:    9     0.000024
    0.320 
final vg:
    0.320 

 final score:        0.000  dof: -4 nominal p-val     1.000000
ff3fit:
        O    S    S    A 
  O     0    0    0    0
  S     0  364  321  326
  S     0  321  367  346
  A     0  326  346  379

ff3diff:
        O    S    S    A 
  O     0    0    0    0
  S     0    0    0    0
  S     0    0    0    0
  A     0    0    0    0

mix:                      :Adm n009 n006 n008     0.320     0.680 

b_n000_n001 b_n000_n003 b_n003_n005 b_n005_n002 b_n005_n006 b_n003_n007 b_n007_n004 b_n007_n008 b_n009_n010 
   0.1606    0.1606    0.0163    0.0267    0.0033    0.0362    0.0092    0.0147    0.0318 


                      fst:       fitted        estim         diff     std. err   Z score 
      Out          S1 f2:     0.364300     0.364387     0.000087     0.018963     0.005 
      Out          S2 f2:     0.366573     0.366664     0.000091     0.019256     0.005 
      Out        Adm  f2:     0.378617     0.378704     0.000087     0.018750     0.005 
        S1         S2 f2:     0.088435     0.088422    -0.000013     0.010081    -0.001 
        S1       Adm  f2:     0.090022     0.090004    -0.000019     0.014579    -0.001 
        S2       Adm  f2:     0.053543     0.053523    -0.000020     0.011815    -0.002 


outliers:
                                                      Fit          Obs         Diff   Std. error         Z 


worst f-stat:       Out          S1       Out          S2      0.321219     0.321314     0.000095     0.019533     0.005 

## end of qpGraph time:     4.680 seconds memory:     9.814 Mbytes
