parameter file: tmp/tmp.par
### THE INPUT PARAMETERS
##PARAMETER NAME: VALUE
DIR: data
genotypename: data/Adm_expansion.rep1.geno
snpname: data/Adm_expansion.rep1.snp
indivname: data/Adm_expansion.rep1.ind
outpop: Outgroup
blgsize: 0.001
diag: .0001
hires: YES
initmix: 1000
precision: .0001
zthresh: 2.0
terse: NO
useallsnps: NO
## qpGraph version: 6450
outpop:  Outgroup
seed: 1256679542
Outgroup
S1
S2
Adm
*** warning: first snp . is number.  perhaps you are using .map format

graph: graph/Outgroup.S1.S2.Adm.2way.1.graph


numedge: 9  numancestor: 1
  0 Outgroup
  1 S1
  2 S2
  3 Adm
root label: :Outgroup
outpop: Outgroup
population:   0             Outgroup    2
population:   1                   S1    4
population:   2                   S2    4
population:   3                  Adm    4
before setwt numsnps: 15673  outpop: Outgroup
setwt numsnps: 4707
number of blocks for moving block jackknife: 50
snps: 4707  indivs: 14
lambdascale:     0.770
fst:
        O    S    S    A 
  O     0  248  255  320
  S   248    0  259  529
  S   255  259    0  627
  A   320  529  627    0

f2:
        O    S    S    A 
  O     0  372  389  480
  S   372    0   82  128
  S   389   82    0  198
  A   480  128  198    0

ff3:
        O    S    S    A 
  O     0    0    0    0
  S     0  372  340  362
  S     0  340  389  335
  A     0  362  335  480

ff3sig*10:
        O    S    S    A 
  O     0    0    0    0
  S     0  191  181  187
  S     0  181  184  191
  A     0  187  191  167

starting analysis
number of initial random trials: 100
initmixwts:                      :Adm n009 n006 n008     0.788     0.212 


initial score:     0.327
init  vg:
    0.788 
gslsetup called
gslans:   13     0.326702
    0.778 
final vg:
    0.778 

 final score:        0.327  dof: -4 nominal p-val     1.000000
ff3fit:
        O    S    S    A 
  O     0    0    0    0
  S     0  371  339  364
  S     0  339  389  339
  A     0  364  339  480

ff3diff:
        O    S    S    A 
  O     0    0    0    0
  S     0   -2   -1    2
  S     0   -1    1    3
  A     0    2    3    0

mix:                      :Adm n009 n006 n008     0.778     0.222 

b_n000_n001 b_n000_n003 b_n003_n005 b_n005_n002 b_n005_n006 b_n003_n007 b_n007_n004 b_n007_n008 b_n009_n010 
   0.1694    0.1694    0.0320    0.0000    0.0540    0.0000    0.0507    0.0044    0.0893 


                      fst:       fitted        estim         diff     std. err   Z score 
      Out          S1 f2:     0.370742     0.372374     0.001632     0.019072     0.086 
      Out          S2 f2:     0.389365     0.388814    -0.000551     0.018359    -0.030 
      Out        Adm  f2:     0.480262     0.479818    -0.000443     0.016734    -0.026 
        S1         S2 f2:     0.082687     0.081623    -0.001064     0.010815    -0.098 
        S1       Adm  f2:     0.123747     0.128050     0.004303     0.016655     0.258 
        S2       Adm  f2:     0.192207     0.198184     0.005977     0.018534     0.323 


outliers:
                                                      Fit          Obs         Diff   Std. error         Z 


worst f-stat:       Out          S2         S1       Adm       0.000000    -0.004559    -0.004559     0.007973    -0.572 

## end of qpGraph time:     4.980 seconds memory:     9.101 Mbytes
