parameter file: tmp/tmp.par
### THE INPUT PARAMETERS
##PARAMETER NAME: VALUE
DIR: data
genotypename: data/Adm_bottleneck.rep43.geno
snpname: data/Adm_bottleneck.rep43.snp
indivname: data/Adm_bottleneck.rep43.ind
outpop: Outgroup
blgsize: 0.001
diag: .0001
hires: YES
initmix: 1000
precision: .0001
zthresh: 2.0
terse: NO
useallsnps: NO
## qpGraph version: 6450
outpop:  Outgroup
seed: 1078700569
Outgroup
S1
S2
Adm
*** warning: first snp . is number.  perhaps you are using .map format

graph: graph/Outgroup.S1.S2.Adm.2way.1.graph


numedge: 9  numancestor: 1
  0 Outgroup
  1 S1
  2 S2
  3 Adm
root label: :Outgroup
outpop: Outgroup
population:   0             Outgroup    2
population:   1                   S1    4
population:   2                   S2    4
population:   3                  Adm    4
before setwt numsnps: 17468  outpop: Outgroup
setwt numsnps: 4558
number of blocks for moving block jackknife: 49
snps: 4558  indivs: 14
lambdascale:     0.638
fst:
        O    S    S    A 
  O     0  253  232  250
  S   253    0  285  309
  S   232  285    0  138
  A   250  309  138    0

f2:
        O    S    S    A 
  O     0  313  285  310
  S   313    0   75   77
  S   285   75    0   30
  A   310   77   30    0

ff3:
        O    S    S    A 
  O     0    0    0    0
  S     0  313  261  273
  S     0  261  285  283
  A     0  273  283  310

ff3sig*10:
        O    S    S    A 
  O     0    0    0    0
  S     0  119  127  131
  S     0  127  127  122
  A     0  131  122  143

starting analysis
number of initial random trials: 100
initmixwts:                      :Adm n009 n006 n008     0.170     0.830 


initial score:     0.445
init  vg:
    0.170 
gslsetup called
gslans:    9     0.433732
    0.176 
final vg:
    0.176 

 final score:        0.434  dof: -4 nominal p-val     1.000000
ff3fit:
        O    S    S    A 
  O     0    0    0    0
  S     0  311  261  270
  S     0  261  286  282
  A     0  270  282  308

ff3diff:
        O    S    S    A 
  O     0    0    0    0
  S     0   -2    0   -3
  S     0    0    2   -1
  A     0   -3   -1   -3

mix:                      :Adm n009 n006 n008     0.176     0.824 

b_n000_n001 b_n000_n003 b_n003_n005 b_n005_n002 b_n005_n006 b_n003_n007 b_n007_n004 b_n007_n008 b_n009_n010 
   0.1304    0.1304    0.0499    0.0000    0.0006    0.0255    0.0000    0.0129    0.0190 


                      fst:       fitted        estim         diff     std. err   Z score 
      Out          S1 f2:     0.310704     0.313004     0.002300     0.011859     0.194 
      Out          S2 f2:     0.286334     0.284746    -0.001588     0.012662    -0.125 
      Out        Adm  f2:     0.307535     0.310386     0.002851     0.014272     0.200 
        S1         S2 f2:     0.075364     0.075165    -0.000199     0.011098    -0.018 
        S1       Adm  f2:     0.079054     0.077279    -0.001776     0.012414    -0.143 
        S2       Adm  f2:     0.030154     0.029657    -0.000497     0.006524    -0.076 


outliers:
                                                      Fit          Obs         Diff   Std. error         Z 


worst f-stat:       Out          S2         S2       Adm      -0.004476    -0.002009     0.002468     0.004312     0.572 

## end of qpGraph time:     4.680 seconds memory:     9.830 Mbytes
