parameter file: tmp/tmp.par
### THE INPUT PARAMETERS
##PARAMETER NAME: VALUE
DIR: data
genotypename: data/Adm_bottleneck.rep79.geno
snpname: data/Adm_bottleneck.rep79.snp
indivname: data/Adm_bottleneck.rep79.ind
outpop: Outgroup
blgsize: 0.001
diag: .0001
hires: YES
initmix: 1000
precision: .0001
zthresh: 2.0
terse: NO
useallsnps: NO
## qpGraph version: 6450
outpop:  Outgroup
seed: 1387902040
Outgroup
S1
S2
Adm
*** warning: first snp . is number.  perhaps you are using .map format

graph: graph/Outgroup.S1.S2.Adm.2way.1.graph


numedge: 9  numancestor: 1
  0 Outgroup
  1 S1
  2 S2
  3 Adm
root label: :Outgroup
outpop: Outgroup
population:   0             Outgroup    2
population:   1                   S1    4
population:   2                   S2    4
population:   3                  Adm    4
before setwt numsnps: 16890  outpop: Outgroup
setwt numsnps: 4662
number of blocks for moving block jackknife: 50
snps: 4662  indivs: 14
lambdascale:     0.720
fst:
        O    S    S    A 
  O     0  273  272  274
  S   273    0  307  328
  S   272  307    0  272
  A   274  328  272    0

f2:
        O    S    S    A 
  O     0  393  393  393
  S   393    0   82   86
  S   393   82    0   69
  A   393   86   69    0

ff3:
        O    S    S    A 
  O     0    0    0    0
  S     0  393  352  350
  S     0  352  393  359
  A     0  350  359  393

ff3sig*10:
        O    S    S    A 
  O     0    0    0    0
  S     0  153  140  150
  S     0  140  147  142
  A     0  150  142  151

starting analysis
number of initial random trials: 100
initmixwts:                      :Adm n009 n006 n008     0.576     0.424 


initial score:     0.087
init  vg:
    0.576 
gslsetup called
gslans:    9     0.086793
    0.580 
final vg:
    0.580 

 final score:        0.087  dof: -4 nominal p-val     1.000000
ff3fit:
        O    S    S    A 
  O     0    0    0    0
  S     0  393  352  352
  S     0  352  393  360
  A     0  352  360  395

ff3diff:
        O    S    S    A 
  O     0    0    0    0
  S     0    0    0    1
  S     0    0    0    1
  A     0    1    1    1

mix:                      :Adm n009 n006 n008     0.580     0.420 

b_n000_n001 b_n000_n003 b_n003_n005 b_n005_n002 b_n005_n006 b_n003_n007 b_n007_n004 b_n007_n008 b_n009_n010 
   0.1758    0.1758    0.0000    0.0416    0.0116    0.0194    0.0216    0.0061    0.0346 


                      fst:       fitted        estim         diff     std. err   Z score 
      Out          S1 f2:     0.393176     0.392729    -0.000447     0.015314    -0.029 
      Out          S2 f2:     0.392592     0.392946     0.000353     0.014651     0.024 
      Out        Adm  f2:     0.394597     0.393369    -0.001228     0.015102    -0.081 
        S1         S2 f2:     0.082622     0.081806    -0.000816     0.008960    -0.091 
        S1       Adm  f2:     0.084626     0.085938     0.001311     0.008558     0.153 
        S2       Adm  f2:     0.067765     0.068582     0.000817     0.011017     0.074 


outliers:
                                                      Fit          Obs         Diff   Std. error         Z 


worst f-stat:       Out          S1         S2       Adm       0.000000    -0.001854    -0.001854     0.006293    -0.295 

## end of qpGraph time:     4.580 seconds memory:     9.593 Mbytes
