parameter file: tmp/tmp.par
### THE INPUT PARAMETERS
##PARAMETER NAME: VALUE
DIR: data
genotypename: data/Adm_bottleneck.rep4.geno
snpname: data/Adm_bottleneck.rep4.snp
indivname: data/Adm_bottleneck.rep4.ind
outpop: Outgroup
blgsize: 0.001
diag: .0001
hires: YES
initmix: 1000
precision: .0001
zthresh: 2.0
terse: NO
useallsnps: NO
## qpGraph version: 6450
outpop:  Outgroup
seed: 1984864094
Outgroup
S1
S2
Adm
*** warning: first snp . is number.  perhaps you are using .map format

graph: graph/Outgroup.S1.S2.Adm.2way.1.graph


numedge: 9  numancestor: 1
  0 Outgroup
  1 S1
  2 S2
  3 Adm
root label: :Outgroup
outpop: Outgroup
population:   0             Outgroup    2
population:   1                   S1    4
population:   2                   S2    4
population:   3                  Adm    4
before setwt numsnps: 16836  outpop: Outgroup
setwt numsnps: 4226
number of blocks for moving block jackknife: 50
snps: 4226  indivs: 14
lambdascale:     0.738
fst:
        O    S    S    A 
  O     0  276  275  270
  S   276    0  345  212
  S   275  345    0  251
  A   270  212  251    0

f2:
        O    S    S    A 
  O     0  411  403  398
  S   411    0   94   52
  S   403   94    0   60
  A   398   52   60    0

ff3:
        O    S    S    A 
  O     0    0    0    0
  S     0  411  360  379
  S     0  360  403  371
  A     0  379  371  398

ff3sig*10:
        O    S    S    A 
  O     0    0    0    0
  S     0  222  188  191
  S     0  188  182  184
  A     0  191  184  197

starting analysis
number of initial random trials: 100
initmixwts:                      :Adm n009 n006 n008     0.454     0.546 


initial score:     0.000
init  vg:
    0.454 
gslsetup called
gslans:    9     0.000074
    0.455 
final vg:
    0.455 

 final score:        0.000  dof: -4 nominal p-val     1.000000
ff3fit:
        O    S    S    A 
  O     0    0    0    0
  S     0  411  360  379
  S     0  360  403  371
  A     0  379  371  398

ff3diff:
        O    S    S    A 
  O     0    0    0    0
  S     0    0    0    0
  S     0    0    0    0
  A     0    0    0    0

mix:                      :Adm n009 n006 n008     0.455     0.545 

b_n000_n001 b_n000_n003 b_n003_n005 b_n005_n002 b_n005_n006 b_n003_n007 b_n007_n004 b_n007_n008 b_n009_n010 
   0.1800    0.1800    0.0411    0.0101    0.0044    0.0194    0.0232    0.0063    0.0211 


                      fst:       fitted        estim         diff     std. err   Z score 
      Out          S1 f2:     0.411230     0.411406     0.000176     0.022242     0.008 
      Out          S2 f2:     0.402574     0.402723     0.000149     0.018210     0.008 
      Out        Adm  f2:     0.398178     0.398341     0.000163     0.019659     0.008 
        S1         S2 f2:     0.093827     0.093833     0.000006     0.012396     0.000 
        S1       Adm  f2:     0.051966     0.051982     0.000016     0.010411     0.002 
        S2       Adm  f2:     0.059629     0.059636     0.000007     0.008203     0.001 


outliers:
                                                      Fit          Obs         Diff   Std. error         Z 


worst f-stat:       Out          S1       Out          S2      0.359988     0.360148     0.000159     0.018788     0.008 

## end of qpGraph time:     4.610 seconds memory:     9.449 Mbytes
