parameter file: tmp/tmp.par
### THE INPUT PARAMETERS
##PARAMETER NAME: VALUE
DIR: data
genotypename: data/Adm_expansion.rep49.geno
snpname: data/Adm_expansion.rep49.snp
indivname: data/Adm_expansion.rep49.ind
outpop: Outgroup
blgsize: 0.001
diag: .0001
hires: YES
initmix: 1000
precision: .0001
zthresh: 2.0
terse: NO
useallsnps: NO
## qpGraph version: 6450
outpop:  Outgroup
seed: 1511814630
Outgroup
S1
S2
Adm
*** warning: first snp . is number.  perhaps you are using .map format

graph: graph/Outgroup.S1.S2.Adm.2way.1.graph


numedge: 9  numancestor: 1
  0 Outgroup
  1 S1
  2 S2
  3 Adm
root label: :Outgroup
outpop: Outgroup
population:   0             Outgroup    2
population:   1                   S1    4
population:   2                   S2    4
population:   3                  Adm    4
before setwt numsnps: 15440  outpop: Outgroup
setwt numsnps: 4424
number of blocks for moving block jackknife: 50
snps: 4424  indivs: 14
lambdascale:     0.810
fst:
        O    S    S    A 
  O     0  263  253  326
  S   263    0  311  607
  S   253  311    0  601
  A   326  607  601    0

f2:
        O    S    S    A 
  O     0  416  398  521
  S   416    0   91  143
  S   398   91    0  158
  A   521  143  158    0

ff3:
        O    S    S    A 
  O     0    0    0    0
  S     0  416  362  397
  S     0  362  398  380
  A     0  397  380  521

ff3sig*10:
        O    S    S    A 
  O     0    0    0    0
  S     0  186  202  215
  S     0  202  209  213
  A     0  215  213  185

starting analysis
number of initial random trials: 100
initmixwts:                      :Adm n009 n006 n008     0.588     0.412 


initial score:     0.274
init  vg:
    0.588 
gslsetup called
gslans:    9     0.270443
    0.582 
final vg:
    0.582 

 final score:        0.270  dof: -4 nominal p-val     1.000000
ff3fit:
        O    S    S    A 
  O     0    0    0    0
  S     0  416  362  394
  S     0  362  397  377
  A     0  394  377  519

ff3diff:
        O    S    S    A 
  O     0    0    0    0
  S     0    0    0   -4
  S     0    0   -1   -3
  A     0   -4   -3   -2

mix:                      :Adm n009 n006 n008     0.582     0.418 

b_n000_n001 b_n000_n003 b_n003_n005 b_n005_n002 b_n005_n006 b_n003_n007 b_n007_n004 b_n007_n008 b_n009_n010 
   0.1812    0.1812    0.0538    0.0000    0.0390    0.0352    0.0000    0.0201    0.1152 


                      fst:       fitted        estim         diff     std. err   Z score 
      Out          S1 f2:     0.416137     0.416411     0.000274     0.018583     0.015 
      Out          S2 f2:     0.397485     0.398131     0.000646     0.020877     0.031 
      Out        Adm  f2:     0.518562     0.521013     0.002451     0.018519     0.132 
        S1         S2 f2:     0.088998     0.090700     0.001702     0.010729     0.159 
        S1       Adm  f2:     0.147433     0.142807    -0.004627     0.017707    -0.261 
        S2       Adm  f2:     0.162010     0.158265    -0.003745     0.017513    -0.214 


outliers:
                                                      Fit          Obs         Diff   Std. error         Z 


worst f-stat:       Out          S2         S1       Adm       0.014706     0.018518     0.003812     0.008757     0.435 

## end of qpGraph time:     4.790 seconds memory:     8.921 Mbytes
