parameter file: tmp/tmp.par
### THE INPUT PARAMETERS
##PARAMETER NAME: VALUE
DIR: data
genotypename: data/Adm_expansion.rep83.geno
snpname: data/Adm_expansion.rep83.snp
indivname: data/Adm_expansion.rep83.ind
outpop: Outgroup
blgsize: 0.001
diag: .0001
hires: YES
initmix: 1000
precision: .0001
zthresh: 2.0
terse: NO
useallsnps: NO
## qpGraph version: 6450
outpop:  Outgroup
seed: -1505657023
Outgroup
S1
S2
Adm
*** warning: first snp . is number.  perhaps you are using .map format

graph: graph/Outgroup.S1.S2.Adm.2way.1.graph


numedge: 9  numancestor: 1
  0 Outgroup
  1 S1
  2 S2
  3 Adm
root label: :Outgroup
outpop: Outgroup
population:   0             Outgroup    2
population:   1                   S1    4
population:   2                   S2    4
population:   3                  Adm    4
before setwt numsnps: 15913  outpop: Outgroup
setwt numsnps: 4612
number of blocks for moving block jackknife: 50
snps: 4612  indivs: 14
lambdascale:     0.768
fst:
        O    S    S    A 
  O     0  244  239  323
  S   244    0  322  617
  S   239  322    0  623
  A   323  617  623    0

f2:
        O    S    S    A 
  O     0  370  356  487
  S   370    0  121  203
  S   356  121    0  205
  A   487  203  205    0

ff3:
        O    S    S    A 
  O     0    0    0    0
  S     0  370  303  327
  S     0  303  356  319
  A     0  327  319  487

ff3sig*10:
        O    S    S    A 
  O     0    0    0    0
  S     0  181  174  190
  S     0  174  180  188
  A     0  190  188  196

starting analysis
number of initial random trials: 100
initmixwts:                      :Adm n009 n006 n008     0.633     0.367 


initial score:     0.000
init  vg:
    0.633 
gslsetup called
gslans:    9     0.000009
    0.635 
final vg:
    0.635 

 final score:        0.000  dof: -4 nominal p-val     1.000000
ff3fit:
        O    S    S    A 
  O     0    0    0    0
  S     0  370  303  327
  S     0  303  356  319
  A     0  327  319  487

ff3diff:
        O    S    S    A 
  O     0    0    0    0
  S     0    0    0    0
  S     0    0    0    0
  A     0    0    0    0

mix:                      :Adm n009 n006 n008     0.635     0.365 

b_n000_n001 b_n000_n003 b_n003_n005 b_n005_n002 b_n005_n006 b_n003_n007 b_n007_n004 b_n007_n008 b_n009_n010 
   0.1514    0.1514    0.0379    0.0296    0.0555    0.0444    0.0091    0.0184    0.1377 


                      fst:       fitted        estim         diff     std. err   Z score 
      Out          S1 f2:     0.370323     0.370364     0.000041     0.018136     0.002 
      Out          S2 f2:     0.356322     0.356362     0.000040     0.018004     0.002 
      Out        Adm  f2:     0.486523     0.486578     0.000056     0.019577     0.003 
        S1         S2 f2:     0.121153     0.121169     0.000016     0.017372     0.001 
        S1       Adm  f2:     0.203194     0.203210     0.000017     0.017018     0.001 
        S2       Adm  f2:     0.204903     0.204924     0.000021     0.028217     0.001 


outliers:
                                                      Fit          Obs         Diff   Std. error         Z 


worst f-stat:       Out        Adm        Out        Adm       0.486523     0.486578     0.000056     0.019577     0.003 

## end of qpGraph time:     4.570 seconds memory:     9.277 Mbytes
