parameter file: tmp/tmp.par
### THE INPUT PARAMETERS
##PARAMETER NAME: VALUE
DIR: data
genotypename: data/Adm_bottleneck.rep21.geno
snpname: data/Adm_bottleneck.rep21.snp
indivname: data/Adm_bottleneck.rep21.ind
outpop: Outgroup
blgsize: 0.001
diag: .0001
hires: YES
initmix: 1000
precision: .0001
zthresh: 2.0
terse: NO
useallsnps: NO
## qpGraph version: 6450
outpop:  Outgroup
seed: 2140611596
Outgroup
S1
S2
Adm
*** warning: first snp . is number.  perhaps you are using .map format

graph: graph/Outgroup.S1.S2.Adm.2way.1.graph


numedge: 9  numancestor: 1
  0 Outgroup
  1 S1
  2 S2
  3 Adm
root label: :Outgroup
outpop: Outgroup
population:   0             Outgroup    2
population:   1                   S1    4
population:   2                   S2    4
population:   3                  Adm    4
before setwt numsnps: 16943  outpop: Outgroup
setwt numsnps: 4443
number of blocks for moving block jackknife: 50
snps: 4443  indivs: 14
lambdascale:     0.760
fst:
        O    S    S    A 
  O     0  273  279  279
  S   273    0  332  260
  S   279  332    0  161
  A   279  260  161    0

f2:
        O    S    S    A 
  O     0  423  433  434
  S   423    0  100   72
  S   433  100    0   38
  A   434   72   38    0

ff3:
        O    S    S    A 
  O     0    0    0    0
  S     0  423  377  392
  S     0  377  433  414
  A     0  392  414  434

ff3sig*10:
        O    S    S    A 
  O     0    0    0    0
  S     0  226  228  236
  S     0  228  236  225
  A     0  236  225  231

starting analysis
number of initial random trials: 100
initmixwts:                      :Adm n009 n006 n008     0.330     0.670 


initial score:     0.000
init  vg:
    0.330 
gslsetup called
gslans:   11     0.000080
    0.334 
final vg:
    0.334 

 final score:        0.000  dof: -4 nominal p-val     1.000000
ff3fit:
        O    S    S    A 
  O     0    0    0    0
  S     0  422  377  392
  S     0  377  432  414
  A     0  392  414  434

ff3diff:
        O    S    S    A 
  O     0    0    0    0
  S     0    0    0    0
  S     0    0    0    0
  A     0    0    0    0

mix:                      :Adm n009 n006 n008     0.334     0.666 

b_n000_n001 b_n000_n003 b_n003_n005 b_n005_n002 b_n005_n006 b_n003_n007 b_n007_n004 b_n007_n008 b_n009_n010 
   0.1886    0.1886    0.0440    0.0012    0.0025    0.0553    0.0000    0.0099    0.0224 


                      fst:       fitted        estim         diff     std. err   Z score 
      Out          S1 f2:     0.422324     0.422512     0.000189     0.022580     0.008 
      Out          S2 f2:     0.432497     0.432693     0.000196     0.023609     0.008 
      Out        Adm  f2:     0.433696     0.433899     0.000203     0.023132     0.009 
        S1         S2 f2:     0.100452     0.100444    -0.000008     0.012676    -0.001 
        S1       Adm  f2:     0.072314     0.072295    -0.000019     0.012542    -0.002 
        S2       Adm  f2:     0.038098     0.038105     0.000007     0.005849     0.001 


outliers:
                                                      Fit          Obs         Diff   Std. error         Z 


worst f-stat:       Out        Adm        Out        Adm       0.433696     0.433899     0.000203     0.023132     0.009 

## end of qpGraph time:     4.770 seconds memory:     9.605 Mbytes
