parameter file: tmp/tmp.par
### THE INPUT PARAMETERS
##PARAMETER NAME: VALUE
DIR: data
genotypename: data/Adm_expansion.rep90.geno
snpname: data/Adm_expansion.rep90.snp
indivname: data/Adm_expansion.rep90.ind
outpop: Outgroup
blgsize: 0.001
diag: .0001
hires: YES
initmix: 1000
precision: .0001
zthresh: 2.0
terse: NO
useallsnps: NO
## qpGraph version: 6450
outpop:  Outgroup
seed: -1409810090
Outgroup
S1
S2
Adm
*** warning: first snp . is number.  perhaps you are using .map format

graph: graph/Outgroup.S1.S2.Adm.2way.1.graph


numedge: 9  numancestor: 1
  0 Outgroup
  1 S1
  2 S2
  3 Adm
root label: :Outgroup
outpop: Outgroup
population:   0             Outgroup    2
population:   1                   S1    4
population:   2                   S2    4
population:   3                  Adm    4
before setwt numsnps: 16005  outpop: Outgroup
setwt numsnps: 4692
number of blocks for moving block jackknife: 50
snps: 4692  indivs: 14
lambdascale:     0.850
fst:
        O    S    S    A 
  O     0  244  236  316
  S   244    0  245  634
  S   236  245    0  572
  A   316  634  572    0

f2:
        O    S    S    A 
  O     0  403  389  519
  S   403    0   79  205
  S   389   79    0  176
  A   519  205  176    0

ff3:
        O    S    S    A 
  O     0    0    0    0
  S     0  403  356  358
  S     0  356  389  366
  A     0  358  366  519

ff3sig*10:
        O    S    S    A 
  O     0    0    0    0
  S     0  207  203  221
  S     0  203  189  213
  A     0  221  213  195

starting analysis
number of initial random trials: 100
initmixwts:                      :Adm n009 n006 n008     0.694     0.306 


initial score:     0.000
init  vg:
    0.694 
gslsetup called
gslans:   10     0.000044
    0.702 
final vg:
    0.702 

 final score:        0.000  dof: -4 nominal p-val     1.000000
ff3fit:
        O    S    S    A 
  O     0    0    0    0
  S     0  403  356  358
  S     0  356  389  366
  A     0  358  366  519

ff3diff:
        O    S    S    A 
  O     0    0    0    0
  S     0    0    0    0
  S     0    0    0    0
  A     0    0    0    0

mix:                      :Adm n009 n006 n008     0.702     0.298 

b_n000_n001 b_n000_n003 b_n003_n005 b_n005_n002 b_n005_n006 b_n003_n007 b_n007_n004 b_n007_n008 b_n009_n010 
   0.1781    0.1781    0.0026    0.0439    0.0624    0.0317    0.0009    0.0112    0.1265 


                      fst:       fitted        estim         diff     std. err   Z score 
      Out          S1 f2:     0.402790     0.402910     0.000119     0.020692     0.006 
      Out          S2 f2:     0.388874     0.388986     0.000112     0.018926     0.006 
      Out        Adm  f2:     0.518631     0.518745     0.000114     0.019479     0.006 
        S1         S2 f2:     0.079130     0.079126    -0.000004     0.008430    -0.000 
        S1       Adm  f2:     0.205220     0.205255     0.000035     0.020551     0.002 
        S2       Adm  f2:     0.176056     0.176052    -0.000003     0.018633    -0.000 


outliers:
                                                      Fit          Obs         Diff   Std. error         Z 


worst f-stat:       Out          S2       Out          S2      0.388874     0.388986     0.000112     0.018926     0.006 

## end of qpGraph time:     4.520 seconds memory:     9.298 Mbytes
