parameter file: tmp/tmp.par
### THE INPUT PARAMETERS
##PARAMETER NAME: VALUE
DIR: data
genotypename: data/Adm_bottleneck.rep49.geno
snpname: data/Adm_bottleneck.rep49.snp
indivname: data/Adm_bottleneck.rep49.ind
outpop: Outgroup
blgsize: 0.001
diag: .0001
hires: YES
initmix: 1000
precision: .0001
zthresh: 2.0
terse: NO
useallsnps: NO
## qpGraph version: 6450
outpop:  Outgroup
seed: 1180183504
Outgroup
S1
S2
Adm
*** warning: first snp . is number.  perhaps you are using .map format

graph: graph/Outgroup.S1.S2.Adm.2way.1.graph


numedge: 9  numancestor: 1
  0 Outgroup
  1 S1
  2 S2
  3 Adm
root label: :Outgroup
outpop: Outgroup
population:   0             Outgroup    2
population:   1                   S1    4
population:   2                   S2    4
population:   3                  Adm    4
before setwt numsnps: 17503  outpop: Outgroup
setwt numsnps: 4797
number of blocks for moving block jackknife: 50
snps: 4797  indivs: 14
lambdascale:     0.721
fst:
        O    S    S    A 
  O     0  247  253  254
  S   247    0  291  253
  S   253  291    0  206
  A   254  253  206    0

f2:
        O    S    S    A 
  O     0  350  357  362
  S   350    0   87   75
  S   357   87    0   54
  A   362   75   54    0

ff3:
        O    S    S    A 
  O     0    0    0    0
  S     0  350  310  319
  S     0  310  357  333
  A     0  319  333  362

ff3sig*10:
        O    S    S    A 
  O     0    0    0    0
  S     0  167  152  158
  S     0  152  162  160
  A     0  158  160  166

starting analysis
number of initial random trials: 100
initmixwts:                      :Adm n009 n006 n008     0.430     0.570 


initial score:     0.000
init  vg:
    0.430 
gslsetup called
gslans:    9     0.000015
    0.432 
final vg:
    0.432 

 final score:        0.000  dof: -4 nominal p-val     1.000000
ff3fit:
        O    S    S    A 
  O     0    0    0    0
  S     0  350  310  319
  S     0  310  357  333
  A     0  319  333  362

ff3diff:
        O    S    S    A 
  O     0    0    0    0
  S     0    0    0    0
  S     0    0    0    0
  A     0    0    0    0

mix:                      :Adm n009 n006 n008     0.432     0.568 

b_n000_n001 b_n000_n003 b_n003_n005 b_n005_n002 b_n005_n006 b_n003_n007 b_n007_n004 b_n007_n008 b_n009_n010 
   0.1552    0.1552    0.0191    0.0207    0.0058    0.0392    0.0076    0.0099    0.0308 


                      fst:       fitted        estim         diff     std. err   Z score 
      Out          S1 f2:     0.350250     0.350307     0.000057     0.016709     0.003 
      Out          S2 f2:     0.357248     0.357307     0.000060     0.016220     0.004 
      Out        Adm  f2:     0.361750     0.361811     0.000061     0.016617     0.004 
        S1         S2 f2:     0.086659     0.086658    -0.000001     0.010849    -0.000 
        S1       Adm  f2:     0.074660     0.074660     0.000001     0.010080     0.000 
        S2       Adm  f2:     0.053611     0.053609    -0.000002     0.007921    -0.000 


outliers:
                                                      Fit          Obs         Diff   Std. error         Z 


worst f-stat:       Out          S1       Out          S2      0.310419     0.310478     0.000059     0.015224     0.004 

## end of qpGraph time:     4.810 seconds memory:     9.839 Mbytes
