parameter file: tmp/tmp.par
### THE INPUT PARAMETERS
##PARAMETER NAME: VALUE
DIR: data
genotypename: data/Adm_expansion.rep58.geno
snpname: data/Adm_expansion.rep58.snp
indivname: data/Adm_expansion.rep58.ind
outpop: Outgroup
blgsize: 0.001
diag: .0001
hires: YES
initmix: 1000
precision: .0001
zthresh: 2.0
terse: NO
useallsnps: NO
## qpGraph version: 6450
outpop:  Outgroup
seed: 1590196320
Outgroup
S1
S2
Adm
*** warning: first snp . is number.  perhaps you are using .map format

graph: graph/Outgroup.S1.S2.Adm.2way.1.graph


numedge: 9  numancestor: 1
  0 Outgroup
  1 S1
  2 S2
  3 Adm
root label: :Outgroup
outpop: Outgroup
population:   0             Outgroup    2
population:   1                   S1    4
population:   2                   S2    4
population:   3                  Adm    4
before setwt numsnps: 15447  outpop: Outgroup
setwt numsnps: 4646
number of blocks for moving block jackknife: 50
snps: 4646  indivs: 14
lambdascale:     0.864
fst:
        O    S    S    A 
  O     0  265  267  328
  S   265    0  304  628
  S   267  304    0  601
  A   328  628  601    0

f2:
        O    S    S    A 
  O     0  460  462  563
  S   460    0  100  197
  S   462  100    0  179
  A   563  197  179    0

ff3:
        O    S    S    A 
  O     0    0    0    0
  S     0  460  411  413
  S     0  411  462  423
  A     0  413  423  563

ff3sig*10:
        O    S    S    A 
  O     0    0    0    0
  S     0  285  283  285
  S     0  283  286  286
  A     0  285  286  265

starting analysis
number of initial random trials: 100
initmixwts:                      :Adm n009 n006 n008     0.721     0.279 


initial score:     0.000
init  vg:
    0.721 
gslsetup called
gslans:    9     0.000039
    0.718 
final vg:
    0.718 

 final score:        0.000  dof: -4 nominal p-val     1.000000
ff3fit:
        O    S    S    A 
  O     0    0    0    0
  S     0  460  411  413
  S     0  411  462  423
  A     0  413  423  562

ff3diff:
        O    S    S    A 
  O     0    0    0    0
  S     0    0    0    0
  S     0    0    0    0
  A     0    0    0    0

mix:                      :Adm n009 n006 n008     0.718     0.282 

b_n000_n001 b_n000_n003 b_n003_n005 b_n005_n002 b_n005_n006 b_n003_n007 b_n007_n004 b_n007_n008 b_n009_n010 
   0.2055    0.2055    0.0022    0.0464    0.0595    0.0426    0.0086    0.0092    0.1154 


                      fst:       fitted        estim         diff     std. err   Z score 
      Out          S1 f2:     0.459725     0.459889     0.000164     0.028453     0.006 
      Out          S2 f2:     0.462309     0.462480     0.000171     0.028613     0.006 
      Out        Adm  f2:     0.562369     0.562523     0.000154     0.026512     0.006 
        S1         S2 f2:     0.099927     0.099934     0.000007     0.012333     0.001 
        S1       Adm  f2:     0.196763     0.196799     0.000036     0.025808     0.001 
        S2       Adm  f2:     0.178510     0.178521     0.000010     0.022669     0.000 


outliers:
                                                      Fit          Obs         Diff   Std. error         Z 


worst f-stat:       Out          S2       Out          S2      0.462309     0.462480     0.000171     0.028613     0.006 

## end of qpGraph time:     4.540 seconds memory:     8.921 Mbytes
