parameter file: tmp/tmp.par
### THE INPUT PARAMETERS
##PARAMETER NAME: VALUE
DIR: data
genotypename: data/Adm_expansion.rep14.geno
snpname: data/Adm_expansion.rep14.snp
indivname: data/Adm_expansion.rep14.ind
outpop: Outgroup
blgsize: 0.001
diag: .0001
hires: YES
initmix: 1000
precision: .0001
zthresh: 2.0
terse: NO
useallsnps: NO
## qpGraph version: 6450
outpop:  Outgroup
seed: 1313303578
Outgroup
S1
S2
Adm
*** warning: first snp . is number.  perhaps you are using .map format

graph: graph/Outgroup.S1.S2.Adm.2way.1.graph


numedge: 9  numancestor: 1
  0 Outgroup
  1 S1
  2 S2
  3 Adm
root label: :Outgroup
outpop: Outgroup
population:   0             Outgroup    2
population:   1                   S1    4
population:   2                   S2    4
population:   3                  Adm    4
before setwt numsnps: 15585  outpop: Outgroup
setwt numsnps: 4845
number of blocks for moving block jackknife: 50
snps: 4845  indivs: 14
lambdascale:     0.740
fst:
        O    S    S    A 
  O     0  261  255  323
  S   261    0  311  648
  S   255  311    0  624
  A   323  648  624    0

f2:
        O    S    S    A 
  O     0  383  371  468
  S   383    0   91  183
  S   371   91    0  170
  A   468  183  170    0

ff3:
        O    S    S    A 
  O     0    0    0    0
  S     0  383  331  334
  S     0  331  371  335
  A     0  334  335  468

ff3sig*10:
        O    S    S    A 
  O     0    0    0    0
  S     0  159  153  161
  S     0  153  152  155
  A     0  161  155  168

starting analysis
number of initial random trials: 100
initmixwts:                      :Adm n009 n006 n008     0.892     0.108 


initial score:     0.000
init  vg:
    0.892 
gslsetup called
gslans:    9     0.000015
    0.886 
final vg:
    0.886 

 final score:        0.000  dof: -4 nominal p-val     1.000000
ff3fit:
        O    S    S    A 
  O     0    0    0    0
  S     0  383  331  334
  S     0  331  371  334
  A     0  334  334  468

ff3diff:
        O    S    S    A 
  O     0    0    0    0
  S     0    0    0    0
  S     0    0    0    0
  A     0    0    0    0

mix:                      :Adm n009 n006 n008     0.886     0.114 

b_n000_n001 b_n000_n003 b_n003_n005 b_n005_n002 b_n005_n006 b_n003_n007 b_n007_n004 b_n007_n008 b_n009_n010 
   0.1657    0.1657    0.0031    0.0484    0.0650    0.0275    0.0118    0.0011    0.0828 


                      fst:       fitted        estim         diff     std. err   Z score 
      Out          S1 f2:     0.382921     0.382970     0.000050     0.015896     0.003 
      Out          S2 f2:     0.370591     0.370641     0.000050     0.015199     0.003 
      Out        Adm  f2:     0.468001     0.468057     0.000056     0.016829     0.003 
        S1         S2 f2:     0.090836     0.090837     0.000000     0.009936     0.000 
        S1       Adm  f2:     0.182680     0.182705     0.000025     0.021175     0.001 
        S2       Adm  f2:     0.169657     0.169664     0.000007     0.018767     0.000 


outliers:
                                                      Fit          Obs         Diff   Std. error         Z 


worst f-stat:       Out        Adm        Out        Adm       0.468001     0.468057     0.000056     0.016829     0.003 

## end of qpGraph time:     4.510 seconds memory:     9.085 Mbytes
