parameter file: tmp/tmp.par
### THE INPUT PARAMETERS
##PARAMETER NAME: VALUE
DIR: data
genotypename: data/Adm_bottleneck.rep55.geno
snpname: data/Adm_bottleneck.rep55.snp
indivname: data/Adm_bottleneck.rep55.ind
outpop: Outgroup
blgsize: 0.001
diag: .0001
hires: YES
initmix: 1000
precision: .0001
zthresh: 2.0
terse: NO
useallsnps: NO
## qpGraph version: 6450
outpop:  Outgroup
seed: 1146727836
Outgroup
S1
S2
Adm
*** warning: first snp . is number.  perhaps you are using .map format

graph: graph/Outgroup.S1.S2.Adm.2way.1.graph


numedge: 9  numancestor: 1
  0 Outgroup
  1 S1
  2 S2
  3 Adm
root label: :Outgroup
outpop: Outgroup
population:   0             Outgroup    2
population:   1                   S1    4
population:   2                   S2    4
population:   3                  Adm    4
before setwt numsnps: 17226  outpop: Outgroup
setwt numsnps: 4675
number of blocks for moving block jackknife: 50
snps: 4675  indivs: 14
lambdascale:     0.745
fst:
        O    S    S    A 
  O     0  278  286  285
  S   278    0  327  266
  S   286  327    0  196
  A   285  266  196    0

f2:
        O    S    S    A 
  O     0  421  431  431
  S   421    0   87   66
  S   431   87    0   41
  A   431   66   41    0

ff3:
        O    S    S    A 
  O     0    0    0    0
  S     0  421  382  393
  S     0  382  431  410
  A     0  393  410  431

ff3sig*10:
        O    S    S    A 
  O     0    0    0    0
  S     0  182  178  178
  S     0  178  197  198
  A     0  178  198  204

starting analysis
number of initial random trials: 100
initmixwts:                      :Adm n009 n006 n008     0.379     0.621 


initial score:     0.000
init  vg:
    0.379 
gslsetup called
gslans:    9     0.000037
    0.362 
final vg:
    0.362 

 final score:        0.000  dof: -4 nominal p-val     1.000000
ff3fit:
        O    S    S    A 
  O     0    0    0    0
  S     0  420  382  393
  S     0  382  431  410
  A     0  393  410  431

ff3diff:
        O    S    S    A 
  O     0    0    0    0
  S     0    0    0    0
  S     0    0    0    0
  A     0    0    0    0

mix:                      :Adm n009 n006 n008     0.362     0.638 

b_n000_n001 b_n000_n003 b_n003_n005 b_n005_n002 b_n005_n006 b_n003_n007 b_n007_n004 b_n007_n008 b_n009_n010 
   0.1911    0.1911    0.0286    0.0096    0.0030    0.0437    0.0048    0.0092    0.0226 


                      fst:       fitted        estim         diff     std. err   Z score 
      Out          S1 f2:     0.420402     0.420502     0.000100     0.018217     0.006 
      Out          S2 f2:     0.430700     0.430813     0.000113     0.019689     0.006 
      Out        Adm  f2:     0.430516     0.430634     0.000118     0.020446     0.006 
        S1         S2 f2:     0.086669     0.086669     0.000001     0.009901     0.000 
        S1       Adm  f2:     0.065763     0.065769     0.000006     0.008963     0.001 
        S2       Adm  f2:     0.041032     0.041028    -0.000004     0.007439    -0.001 


outliers:
                                                      Fit          Obs         Diff   Std. error         Z 


worst f-stat:       Out          S1       Out          S2      0.382216     0.382323     0.000106     0.017763     0.006 

## end of qpGraph time:     4.520 seconds memory:     9.654 Mbytes
