parameter file: tmp/tmp.par
### THE INPUT PARAMETERS
##PARAMETER NAME: VALUE
DIR: data
genotypename: data/Adm_expansion.rep98.geno
snpname: data/Adm_expansion.rep98.snp
indivname: data/Adm_expansion.rep98.ind
outpop: Outgroup
blgsize: 0.001
diag: .0001
hires: YES
initmix: 1000
precision: .0001
zthresh: 2.0
terse: NO
useallsnps: NO
## qpGraph version: 6450
outpop:  Outgroup
seed: -1464040561
Outgroup
S1
S2
Adm
*** warning: first snp . is number.  perhaps you are using .map format

graph: graph/Outgroup.S1.S2.Adm.2way.1.graph


numedge: 9  numancestor: 1
  0 Outgroup
  1 S1
  2 S2
  3 Adm
root label: :Outgroup
outpop: Outgroup
population:   0             Outgroup    2
population:   1                   S1    4
population:   2                   S2    4
population:   3                  Adm    4
before setwt numsnps: 15582  outpop: Outgroup
setwt numsnps: 4754
number of blocks for moving block jackknife: 50
snps: 4754  indivs: 14
lambdascale:     0.847
fst:
        O    S    S    A 
  O     0  246  259  315
  S   246    0  291  603
  S   259  291    0  612
  A   315  603  612    0

f2:
        O    S    S    A 
  O     0  399  426  516
  S   399    0   84  170
  S   426   84    0  150
  A   516  170  150    0

ff3:
        O    S    S    A 
  O     0    0    0    0
  S     0  399  371  373
  S     0  371  426  396
  A     0  373  396  516

ff3sig*10:
        O    S    S    A 
  O     0    0    0    0
  S     0  164  170  186
  S     0  170  198  213
  A     0  186  213  198

starting analysis
number of initial random trials: 100
initmixwts:                      :Adm n009 n006 n008     0.139     0.861 


initial score:     0.000
init  vg:
    0.139 
gslsetup called
gslans:    9     0.000022
    0.139 
final vg:
    0.139 

 final score:        0.000  dof: -4 nominal p-val     1.000000
ff3fit:
        O    S    S    A 
  O     0    0    0    0
  S     0  399  370  373
  S     0  370  426  396
  A     0  373  396  516

ff3diff:
        O    S    S    A 
  O     0    0    0    0
  S     0    0    0    0
  S     0    0    0    0
  A     0    0    0    0

mix:                      :Adm n009 n006 n008     0.139     0.861 

b_n000_n001 b_n000_n003 b_n003_n005 b_n005_n002 b_n005_n006 b_n003_n007 b_n007_n004 b_n007_n008 b_n009_n010 
   0.1852    0.1852    0.0151    0.0136    0.0015    0.0295    0.0259    0.0591    0.0797 


                      fst:       fitted        estim         diff     std. err   Z score 
      Out          S1 f2:     0.399171     0.399238     0.000067     0.016404     0.004 
      Out          S2 f2:     0.425888     0.425974     0.000086     0.019845     0.004 
      Out        Adm  f2:     0.516173     0.516258     0.000085     0.019788     0.004 
        S1         S2 f2:     0.084109     0.084108    -0.000001     0.008551    -0.000 
        S1       Adm  f2:     0.170180     0.170182     0.000002     0.018629     0.000 
        S2       Adm  f2:     0.150295     0.150294    -0.000002     0.017636    -0.000 


outliers:
                                                      Fit          Obs         Diff   Std. error         Z 


worst f-stat:       Out          S1       Out          S2      0.370475     0.370552     0.000077     0.017005     0.005 

## end of qpGraph time:     4.730 seconds memory:     9.085 Mbytes
