parameter file: tmp/tmp.par
### THE INPUT PARAMETERS
##PARAMETER NAME: VALUE
DIR: data
genotypename: data/Adm_bottleneck.rep77.geno
snpname: data/Adm_bottleneck.rep77.snp
indivname: data/Adm_bottleneck.rep77.ind
outpop: Outgroup
blgsize: 0.001
diag: .0001
hires: YES
initmix: 1000
precision: .0001
zthresh: 2.0
terse: NO
useallsnps: NO
## qpGraph version: 6450
outpop:  Outgroup
seed: 1395569617
Outgroup
S1
S2
Adm
*** warning: first snp . is number.  perhaps you are using .map format

graph: graph/Outgroup.S1.S2.Adm.2way.1.graph


numedge: 9  numancestor: 1
  0 Outgroup
  1 S1
  2 S2
  3 Adm
root label: :Outgroup
outpop: Outgroup
population:   0             Outgroup    2
population:   1                   S1    4
population:   2                   S2    4
population:   3                  Adm    4
before setwt numsnps: 16944  outpop: Outgroup
setwt numsnps: 4305
number of blocks for moving block jackknife: 50
snps: 4305  indivs: 14
lambdascale:     0.721
fst:
        O    S    S    A 
  O     0  265  261  269
  S   265    0  235  226
  S   261  235    0  199
  A   269  226  199    0

f2:
        O    S    S    A 
  O     0  384  380  393
  S   384    0   68   61
  S   380   68    0   54
  A   393   61   54    0

ff3:
        O    S    S    A 
  O     0    0    0    0
  S     0  384  348  358
  S     0  348  380  359
  A     0  358  359  393

ff3sig*10:
        O    S    S    A 
  O     0    0    0    0
  S     0  222  215  226
  S     0  215  212  215
  A     0  226  215  229

starting analysis
number of initial random trials: 100
initmixwts:                      :Adm n009 n006 n008     0.483     0.517 


initial score:     0.000
init  vg:
    0.483 
gslsetup called
gslans:    9     0.000042
    0.473 
final vg:
    0.473 

 final score:        0.000  dof: -4 nominal p-val     1.000000
ff3fit:
        O    S    S    A 
  O     0    0    0    0
  S     0  384  348  358
  S     0  348  379  359
  A     0  358  359  393

ff3diff:
        O    S    S    A 
  O     0    0    0    0
  S     0    0    0    0
  S     0    0    0    0
  A     0    0    0    0

mix:                      :Adm n009 n006 n008     0.473     0.527 

b_n000_n001 b_n000_n003 b_n003_n005 b_n005_n002 b_n005_n006 b_n003_n007 b_n007_n004 b_n007_n008 b_n009_n010 
   0.1739    0.1739    0.0213    0.0148    0.0068    0.0213    0.0102    0.0084    0.0303 


                      fst:       fitted        estim         diff     std. err   Z score 
      Out          S1 f2:     0.383943     0.384081     0.000138     0.022188     0.006 
      Out          S2 f2:     0.379367     0.379501     0.000134     0.021238     0.006 
      Out        Adm  f2:     0.392768     0.392904     0.000137     0.022910     0.006 
        S1         S2 f2:     0.067545     0.067539    -0.000006     0.010183    -0.001 
        S1       Adm  f2:     0.060799     0.060789    -0.000010     0.016232    -0.001 
        S2       Adm  f2:     0.053914     0.053913    -0.000001     0.007506    -0.000 


outliers:
                                                      Fit          Obs         Diff   Std. error         Z 


worst f-stat:       Out          S1       Out          S2      0.347883     0.348022     0.000139     0.021520     0.006 

## end of qpGraph time:     4.710 seconds memory:     9.605 Mbytes
