parameter file: tmp/tmp.par
### THE INPUT PARAMETERS
##PARAMETER NAME: VALUE
DIR: data
genotypename: data/Adm_bottleneck.rep97.geno
snpname: data/Adm_bottleneck.rep97.snp
indivname: data/Adm_bottleneck.rep97.ind
outpop: Outgroup
blgsize: 0.001
diag: .0001
hires: YES
initmix: 1000
precision: .0001
zthresh: 2.0
terse: NO
useallsnps: NO
## qpGraph version: 6450
outpop:  Outgroup
seed: 1422244176
Outgroup
S1
S2
Adm
*** warning: first snp . is number.  perhaps you are using .map format

graph: graph/Outgroup.S1.S2.Adm.2way.1.graph


numedge: 9  numancestor: 1
  0 Outgroup
  1 S1
  2 S2
  3 Adm
root label: :Outgroup
outpop: Outgroup
population:   0             Outgroup    2
population:   1                   S1    4
population:   2                   S2    4
population:   3                  Adm    4
before setwt numsnps: 17462  outpop: Outgroup
setwt numsnps: 4952
number of blocks for moving block jackknife: 50
snps: 4952  indivs: 14
lambdascale:     0.709
fst:
        O    S    S    A 
  O     0  256  261  257
  S   256    0  339  192
  S   261  339    0  217
  A   257  192  217    0

f2:
        O    S    S    A 
  O     0  359  366  361
  S   359    0  100   47
  S   366  100    0   54
  A   361   47   54    0

ff3:
        O    S    S    A 
  O     0    0    0    0
  S     0  359  313  337
  S     0  313  366  336
  A     0  337  336  361

ff3sig*10:
        O    S    S    A 
  O     0    0    0    0
  S     0  169  185  170
  S     0  185  201  179
  A     0  170  179  171

starting analysis
number of initial random trials: 100
initmixwts:                      :Adm n009 n006 n008     0.519     0.481 


initial score:     0.000
init  vg:
    0.519 
gslsetup called
gslans:   10     0.000039
    0.517 
final vg:
    0.517 

 final score:        0.000  dof: -4 nominal p-val     1.000000
ff3fit:
        O    S    S    A 
  O     0    0    0    0
  S     0  359  313  337
  S     0  313  366  336
  A     0  337  336  361

ff3diff:
        O    S    S    A 
  O     0    0    0    0
  S     0    0    0    0
  S     0    0    0    0
  A     0    0    0    0

mix:                      :Adm n009 n006 n008     0.517     0.483 

b_n000_n001 b_n000_n003 b_n003_n005 b_n005_n002 b_n005_n006 b_n003_n007 b_n007_n004 b_n007_n008 b_n009_n010 
   0.1563    0.1563    0.0467    0.0000    0.0058    0.0489    0.0042    0.0050    0.0217 


                      fst:       fitted        estim         diff     std. err   Z score 
      Out          S1 f2:     0.359373     0.359474     0.000100     0.016949     0.006 
      Out          S2 f2:     0.365837     0.365955     0.000119     0.020081     0.006 
      Out        Adm  f2:     0.360963     0.361068     0.000105     0.017150     0.006 
        S1         S2 f2:     0.099871     0.099869    -0.000002     0.013485    -0.000 
        S1       Adm  f2:     0.046695     0.046692    -0.000003     0.007541    -0.000 
        S2       Adm  f2:     0.054238     0.054242     0.000004     0.009323     0.000 


outliers:
                                                      Fit          Obs         Diff   Std. error         Z 


worst f-stat:       Out          S2       Out        Adm       0.336281     0.336391     0.000110     0.017890     0.006 

## end of qpGraph time:     4.720 seconds memory:     9.830 Mbytes
