parameter file: tmp/tmp.par
### THE INPUT PARAMETERS
##PARAMETER NAME: VALUE
DIR: data
genotypename: data/Adm_expansion.rep4.geno
snpname: data/Adm_expansion.rep4.snp
indivname: data/Adm_expansion.rep4.ind
outpop: Outgroup
blgsize: 0.001
diag: .0001
hires: YES
initmix: 1000
precision: .0001
zthresh: 2.0
terse: NO
useallsnps: NO
## qpGraph version: 6450
outpop:  Outgroup
seed: 1224763753
Outgroup
S1
S2
Adm
*** warning: first snp . is number.  perhaps you are using .map format

graph: graph/Outgroup.S1.S2.Adm.2way.1.graph


numedge: 9  numancestor: 1
  0 Outgroup
  1 S1
  2 S2
  3 Adm
root label: :Outgroup
outpop: Outgroup
population:   0             Outgroup    2
population:   1                   S1    4
population:   2                   S2    4
population:   3                  Adm    4
before setwt numsnps: 15728  outpop: Outgroup
setwt numsnps: 4696
number of blocks for moving block jackknife: 50
snps: 4696  indivs: 14
lambdascale:     0.749
fst:
        O    S    S    A 
  O     0  248  239  323
  S   248    0  300  659
  S   239  300    0  609
  A   323  659  609    0

f2:
        O    S    S    A 
  O     0  359  343  474
  S   359    0   89  190
  S   343   89    0  169
  A   474  190  169    0

ff3:
        O    S    S    A 
  O     0    0    0    0
  S     0  359  306  322
  S     0  306  343  324
  A     0  322  324  474

ff3sig*10:
        O    S    S    A 
  O     0    0    0    0
  S     0  156  160  159
  S     0  160  150  166
  A     0  159  166  190

starting analysis
number of initial random trials: 100
initmixwts:                      :Adm n009 n006 n008     0.412     0.588 


initial score:     0.000
init  vg:
    0.412 
gslsetup called
gslans:    9     0.000018
    0.408 
final vg:
    0.408 

 final score:        0.000  dof: -4 nominal p-val     1.000000
ff3fit:
        O    S    S    A 
  O     0    0    0    0
  S     0  359  306  322
  S     0  306  343  324
  A     0  322  324  474

ff3diff:
        O    S    S    A 
  O     0    0    0    0
  S     0    0    0    0
  S     0    0    0    0
  A     0    0    0    0

mix:                      :Adm n009 n006 n008     0.408     0.592 

b_n000_n001 b_n000_n003 b_n003_n005 b_n005_n002 b_n005_n006 b_n003_n007 b_n007_n004 b_n007_n008 b_n009_n010 
   0.1531    0.1531    0.0378    0.0147    0.0218    0.0302    0.0068    0.0460    0.1311 


                      fst:       fitted        estim         diff     std. err   Z score 
      Out          S1 f2:     0.358607     0.358658     0.000051     0.015577     0.003 
      Out          S2 f2:     0.343092     0.343140     0.000048     0.015046     0.003 
      Out        Adm  f2:     0.473889     0.473969     0.000080     0.019027     0.004 
        S1         S2 f2:     0.089477     0.089476    -0.000001     0.012204    -0.000 
        S1       Adm  f2:     0.189475     0.189505     0.000031     0.019784     0.002 
        S2       Adm  f2:     0.168977     0.169016     0.000039     0.021177     0.002 


outliers:
                                                      Fit          Obs         Diff   Std. error         Z 


worst f-stat:       Out        Adm        Out        Adm       0.473889     0.473969     0.000080     0.019027     0.004 

## end of qpGraph time:     4.840 seconds memory:     9.110 Mbytes
