parameter file: tmp/tmp.par
### THE INPUT PARAMETERS
##PARAMETER NAME: VALUE
DIR: data
genotypename: data/Adm_bottleneck.rep13.geno
snpname: data/Adm_bottleneck.rep13.snp
indivname: data/Adm_bottleneck.rep13.ind
outpop: Outgroup
blgsize: 0.001
diag: .0001
hires: YES
initmix: 1000
precision: .0001
zthresh: 2.0
terse: NO
useallsnps: NO
## qpGraph version: 6450
outpop:  Outgroup
seed: 2060460498
Outgroup
S1
S2
Adm
*** warning: first snp . is number.  perhaps you are using .map format

graph: graph/Outgroup.S1.S2.Adm.2way.1.graph


numedge: 9  numancestor: 1
  0 Outgroup
  1 S1
  2 S2
  3 Adm
root label: :Outgroup
outpop: Outgroup
population:   0             Outgroup    2
population:   1                   S1    4
population:   2                   S2    4
population:   3                  Adm    4
before setwt numsnps: 17117  outpop: Outgroup
setwt numsnps: 4471
number of blocks for moving block jackknife: 50
snps: 4471  indivs: 14
lambdascale:     0.680
fst:
        O    S    S    A 
  O     0  265  263  258
  S   265    0  326  244
  S   263  326    0  221
  A   258  244  221    0

f2:
        O    S    S    A 
  O     0  360  356  348
  S   360    0   90   62
  S   356   90    0   55
  A   348   62   55    0

ff3:
        O    S    S    A 
  O     0    0    0    0
  S     0  360  313  323
  S     0  313  356  325
  A     0  323  325  348

ff3sig*10:
        O    S    S    A 
  O     0    0    0    0
  S     0  141  128  136
  S     0  128  138  144
  A     0  136  144  155

starting analysis
number of initial random trials: 100
initmixwts:                      :Adm n009 n006 n008     0.427     0.573 


initial score:     0.000
init  vg:
    0.427 
gslsetup called
gslans:    9     0.000013
    0.429 
final vg:
    0.429 

 final score:        0.000  dof: -4 nominal p-val     1.000000
ff3fit:
        O    S    S    A 
  O     0    0    0    0
  S     0  360  313  323
  S     0  313  356  325
  A     0  323  325  348

ff3diff:
        O    S    S    A 
  O     0    0    0    0
  S     0    0    0    0
  S     0    0    0    0
  A     0    0    0    0

mix:                      :Adm n009 n006 n008     0.429     0.571 

b_n000_n001 b_n000_n003 b_n003_n005 b_n005_n002 b_n005_n006 b_n003_n007 b_n007_n004 b_n007_n008 b_n009_n010 
   0.1563    0.1563    0.0238    0.0234    0.0039    0.0207    0.0223    0.0069    0.0211 


                      fst:       fitted        estim         diff     std. err   Z score 
      Out          S1 f2:     0.359905     0.359948     0.000043     0.014072     0.003 
      Out          S2 f2:     0.355690     0.355734     0.000043     0.013812     0.003 
      Out        Adm  f2:     0.347896     0.347943     0.000047     0.015543     0.003 
        S1         S2 f2:     0.090197     0.090193    -0.000004     0.013648    -0.000 
        S1       Adm  f2:     0.062015     0.062015     0.000000     0.008701     0.000 
        S2       Adm  f2:     0.054571     0.054567    -0.000004     0.006529    -0.001 


outliers:
                                                      Fit          Obs         Diff   Std. error         Z 


worst f-stat:       Out          S1       Out          S2      0.312699     0.312745     0.000045     0.012820     0.004 

## end of qpGraph time:     4.540 seconds memory:     9.634 Mbytes
