parameter file: tmp/tmp.par
### THE INPUT PARAMETERS
##PARAMETER NAME: VALUE
DIR: data
genotypename: data/Adm_expansion.rep17.geno
snpname: data/Adm_expansion.rep17.snp
indivname: data/Adm_expansion.rep17.ind
outpop: Outgroup
blgsize: 0.001
diag: .0001
hires: YES
initmix: 1000
precision: .0001
zthresh: 2.0
terse: NO
useallsnps: NO
## qpGraph version: 6450
outpop:  Outgroup
seed: 1296166121
Outgroup
S1
S2
Adm
*** warning: first snp . is number.  perhaps you are using .map format

graph: graph/Outgroup.S1.S2.Adm.2way.1.graph


numedge: 9  numancestor: 1
  0 Outgroup
  1 S1
  2 S2
  3 Adm
root label: :Outgroup
outpop: Outgroup
population:   0             Outgroup    2
population:   1                   S1    4
population:   2                   S2    4
population:   3                  Adm    4
before setwt numsnps: 15397  outpop: Outgroup
setwt numsnps: 4704
number of blocks for moving block jackknife: 50
snps: 4704  indivs: 14
lambdascale:     0.790
fst:
        O    S    S    A 
  O     0  260  266  328
  S   260    0  264  629
  S   266  264    0  599
  A   328  629  599    0

f2:
        O    S    S    A 
  O     0  405  418  513
  S   405    0   73  177
  S   418   73    0  149
  A   513  177  149    0

ff3:
        O    S    S    A 
  O     0    0    0    0
  S     0  405  375  370
  S     0  375  418  391
  A     0  370  391  513

ff3sig*10:
        O    S    S    A 
  O     0    0    0    0
  S     0  195  190  199
  S     0  190  200  209
  A     0  199  209  199

starting analysis
number of initial random trials: 100
initmixwts:                      :Adm n009 n006 n008     0.456     0.544 


initial score:     0.266
init  vg:
    0.456 
gslsetup called
gslans:    9     0.266364
    0.459 
final vg:
    0.459 

 final score:        0.266  dof: -4 nominal p-val     1.000000
ff3fit:
        O    S    S    A 
  O     0    0    0    0
  S     0  405  374  374
  S     0  374  416  393
  A     0  374  393  514

ff3diff:
        O    S    S    A 
  O     0    0    0    0
  S     0    0   -1    3
  S     0   -1   -2    2
  A     0    3    2    1

mix:                      :Adm n009 n006 n008     0.459     0.541 

b_n000_n001 b_n000_n003 b_n003_n005 b_n005_n002 b_n005_n006 b_n003_n007 b_n007_n004 b_n007_n008 b_n009_n010 
   0.1868    0.1868    0.0000    0.0314    0.0242    0.0361    0.0064    0.0336    0.1148 


                      fst:       fitted        estim         diff     std. err   Z score 
      Out          S1 f2:     0.404933     0.405263     0.000330     0.019505     0.017 
      Out          S2 f2:     0.416021     0.417579     0.001558     0.020032     0.078 
      Out        Adm  f2:     0.513833     0.512660    -0.001174     0.019934    -0.059 
        S1         S2 f2:     0.073941     0.072829    -0.001112     0.009315    -0.119 
        S1       Adm  f2:     0.171754     0.177399     0.005645     0.019552     0.289 
        S2       Adm  f2:     0.143786     0.148625     0.004839     0.019241     0.252 


outliers:
                                                      Fit          Obs         Diff   Std. error         Z 


worst f-stat:       Out          S1         S2       Adm       0.000000    -0.004744    -0.004744     0.009191    -0.516 

## end of qpGraph time:     4.700 seconds memory:     8.913 Mbytes
