parameter file: tmp/tmp.par
### THE INPUT PARAMETERS
##PARAMETER NAME: VALUE
DIR: data
genotypename: data/Adm_bottleneck.rep22.geno
snpname: data/Adm_bottleneck.rep22.snp
indivname: data/Adm_bottleneck.rep22.ind
outpop: Outgroup
blgsize: 0.001
diag: .0001
hires: YES
initmix: 1000
precision: .0001
zthresh: 2.0
terse: NO
useallsnps: NO
## qpGraph version: 6450
outpop:  Outgroup
seed: 2145789007
Outgroup
S1
S2
Adm
*** warning: first snp . is number.  perhaps you are using .map format

graph: graph/Outgroup.S1.S2.Adm.2way.1.graph


numedge: 9  numancestor: 1
  0 Outgroup
  1 S1
  2 S2
  3 Adm
root label: :Outgroup
outpop: Outgroup
population:   0             Outgroup    2
population:   1                   S1    4
population:   2                   S2    4
population:   3                  Adm    4
before setwt numsnps: 16773  outpop: Outgroup
setwt numsnps: 4307
number of blocks for moving block jackknife: 50
snps: 4307  indivs: 14
lambdascale:     0.665
fst:
        O    S    S    A 
  O     0  261  267  257
  S   261    0  327  236
  S   267  327    0  195
  A   257  236  195    0

f2:
        O    S    S    A 
  O     0  347  358  343
  S   347    0   94   63
  S   358   94    0   50
  A   343   63   50    0

ff3:
        O    S    S    A 
  O     0    0    0    0
  S     0  347  306  314
  S     0  306  358  326
  A     0  314  326  343

ff3sig*10:
        O    S    S    A 
  O     0    0    0    0
  S     0  184  190  183
  S     0  190  176  172
  A     0  183  172  170

starting analysis
number of initial random trials: 100
initmixwts:                      :Adm n009 n006 n008     0.549     0.451 


initial score:     0.000
init  vg:
    0.549 
gslsetup called
gslans:    9     0.000031
    0.557 
final vg:
    0.557 

 final score:        0.000  dof: -4 nominal p-val     1.000000
ff3fit:
        O    S    S    A 
  O     0    0    0    0
  S     0  347  306  314
  S     0  306  358  326
  A     0  314  326  343

ff3diff:
        O    S    S    A 
  O     0    0    0    0
  S     0    0    0    0
  S     0    0    0    0
  A     0    0    0    0

mix:                      :Adm n009 n006 n008     0.557     0.443 

b_n000_n001 b_n000_n003 b_n003_n005 b_n005_n002 b_n005_n006 b_n003_n007 b_n007_n004 b_n007_n008 b_n009_n010 
   0.1529    0.1529    0.0146    0.0270    0.0066    0.0448    0.0077    0.0042    0.0213 


                      fst:       fitted        estim         diff     std. err   Z score 
      Out          S1 f2:     0.347361     0.347458     0.000098     0.018442     0.005 
      Out          S2 f2:     0.358346     0.358434     0.000089     0.017640     0.005 
      Out        Adm  f2:     0.343285     0.343376     0.000091     0.016984     0.005 
        S1         S2 f2:     0.094193     0.094175    -0.000018     0.014932    -0.001 
        S1       Adm  f2:     0.062849     0.062847    -0.000001     0.010172    -0.000 
        S2       Adm  f2:     0.050380     0.050371    -0.000009     0.008847    -0.001 


outliers:
                                                      Fit          Obs         Diff   Std. error         Z 


worst f-stat:       Out          S2       Out        Adm       0.325625     0.325720     0.000094     0.017244     0.005 

## end of qpGraph time:     4.640 seconds memory:     9.572 Mbytes
