parameter file: tmp/tmp.par
### THE INPUT PARAMETERS
##PARAMETER NAME: VALUE
DIR: data
genotypename: data/Adm_expansion.rep12.geno
snpname: data/Adm_expansion.rep12.snp
indivname: data/Adm_expansion.rep12.ind
outpop: Outgroup
blgsize: 0.001
diag: .0001
hires: YES
initmix: 1000
precision: .0001
zthresh: 2.0
terse: NO
useallsnps: NO
## qpGraph version: 6450
outpop:  Outgroup
seed: 1318808465
Outgroup
S1
S2
Adm
*** warning: first snp . is number.  perhaps you are using .map format

graph: graph/Outgroup.S1.S2.Adm.2way.1.graph


numedge: 9  numancestor: 1
  0 Outgroup
  1 S1
  2 S2
  3 Adm
root label: :Outgroup
outpop: Outgroup
population:   0             Outgroup    2
population:   1                   S1    4
population:   2                   S2    4
population:   3                  Adm    4
before setwt numsnps: 15484  outpop: Outgroup
setwt numsnps: 4670
number of blocks for moving block jackknife: 50
snps: 4670  indivs: 14
lambdascale:     0.929
fst:
        O    S    S    A 
  O     0  234  239  305
  S   234    0  274  554
  S   239  274    0  623
  A   305  554  623    0

f2:
        O    S    S    A 
  O     0  415  428  537
  S   415    0  100  168
  S   428  100    0  216
  A   537  168  216    0

ff3:
        O    S    S    A 
  O     0    0    0    0
  S     0  415  372  392
  S     0  372  428  374
  A     0  392  374  537

ff3sig*10:
        O    S    S    A 
  O     0    0    0    0
  S     0  208  207  216
  S     0  207  222  202
  A     0  216  202  232

starting analysis
number of initial random trials: 100
initmixwts:                      :Adm n009 n006 n008     0.916     0.084 


initial score:     0.000
init  vg:
    0.916 
gslsetup called
gslans:    9     0.000031
    0.919 
final vg:
    0.919 

 final score:        0.000  dof: -4 nominal p-val     1.000000
ff3fit:
        O    S    S    A 
  O     0    0    0    0
  S     0  415  371  392
  S     0  371  428  374
  A     0  392  374  536

ff3diff:
        O    S    S    A 
  O     0    0    0    0
  S     0    0    0    0
  S     0    0    0    0
  A     0    0    0    0

mix:                      :Adm n009 n006 n008     0.919     0.081 

b_n000_n001 b_n000_n003 b_n003_n005 b_n005_n002 b_n005_n006 b_n003_n007 b_n007_n004 b_n007_n008 b_n009_n010 
   0.1857    0.1857    0.0223    0.0214    0.0719    0.0310    0.0250    0.0006    0.0851 


                      fst:       fitted        estim         diff     std. err   Z score 
      Out          S1 f2:     0.415237     0.415340     0.000103     0.020829     0.005 
      Out          S2 f2:     0.427547     0.427663     0.000116     0.022193     0.005 
      Out        Adm  f2:     0.536484     0.536604     0.000121     0.023214     0.005 
        S1         S2 f2:     0.099803     0.099812     0.000009     0.011205     0.001 
        S1       Adm  f2:     0.167687     0.167717     0.000030     0.018988     0.002 
        S2       Adm  f2:     0.216036     0.216064     0.000027     0.018767     0.001 


outliers:
                                                      Fit          Obs         Diff   Std. error         Z 


worst f-stat:       Out          S2       Out          S2      0.427547     0.427663     0.000116     0.022193     0.005 

## end of qpGraph time:     4.640 seconds memory:     8.929 Mbytes
