parameter file: tmp/tmp.par
### THE INPUT PARAMETERS
##PARAMETER NAME: VALUE
DIR: data
genotypename: data/Adm_expansion.rep85.geno
snpname: data/Adm_expansion.rep85.snp
indivname: data/Adm_expansion.rep85.ind
outpop: Outgroup
blgsize: 0.001
diag: .0001
hires: YES
initmix: 1000
precision: .0001
zthresh: 2.0
terse: NO
useallsnps: NO
## qpGraph version: 6450
outpop:  Outgroup
seed: -1512734771
Outgroup
S1
S2
Adm
*** warning: first snp . is number.  perhaps you are using .map format

graph: graph/Outgroup.S1.S2.Adm.2way.1.graph


numedge: 9  numancestor: 1
  0 Outgroup
  1 S1
  2 S2
  3 Adm
root label: :Outgroup
outpop: Outgroup
population:   0             Outgroup    2
population:   1                   S1    4
population:   2                   S2    4
population:   3                  Adm    4
before setwt numsnps: 15786  outpop: Outgroup
setwt numsnps: 4723
number of blocks for moving block jackknife: 50
snps: 4723  indivs: 14
lambdascale:     0.863
fst:
        O    S    S    A 
  O     0  259  252  325
  S   259    0  261  630
  S   252  261    0  512
  A   325  630  512    0

f2:
        O    S    S    A 
  O     0  445  431  552
  S   445    0   87  207
  S   431   87    0  136
  A   552  207  136    0

ff3:
        O    S    S    A 
  O     0    0    0    0
  S     0  445  395  395
  S     0  395  431  424
  A     0  395  424  552

ff3sig*10:
        O    S    S    A 
  O     0    0    0    0
  S     0  207  196  208
  S     0  196  190  208
  A     0  208  208  208

starting analysis
number of initial random trials: 100
initmixwts:                      :Adm n009 n006 n008     0.193     0.807 


initial score:     0.000
init  vg:
    0.193 
gslsetup called
gslans:   12     0.000033
    0.209 
final vg:
    0.209 

 final score:        0.000  dof: -4 nominal p-val     1.000000
ff3fit:
        O    S    S    A 
  O     0    0    0    0
  S     0  445  395  395
  S     0  395  431  424
  A     0  395  424  552

ff3diff:
        O    S    S    A 
  O     0    0    0    0
  S     0    0    0    0
  S     0    0    0    0
  A     0    0    0    0

mix:                      :Adm n009 n006 n008     0.209     0.791 

b_n000_n001 b_n000_n003 b_n003_n005 b_n005_n002 b_n005_n006 b_n003_n007 b_n007_n004 b_n007_n008 b_n009_n010 
   0.1974    0.1974    0.0024    0.0478    0.0042    0.0363    0.0000    0.0605    0.0967 


                      fst:       fitted        estim         diff     std. err   Z score 
      Out          S1 f2:     0.445135     0.445239     0.000104     0.020677     0.005 
      Out          S2 f2:     0.431167     0.431258     0.000091     0.018955     0.005 
      Out        Adm  f2:     0.552384     0.552480     0.000096     0.020827     0.005 
        S1         S2 f2:     0.086586     0.086580    -0.000006     0.009620    -0.001 
        S1       Adm  f2:     0.206781     0.206812     0.000031     0.019185     0.002 
        S2       Adm  f2:     0.136404     0.136401    -0.000004     0.013132    -0.000 


outliers:
                                                      Fit          Obs         Diff   Std. error         Z 


worst f-stat:       Out          S1       Out          S2      0.394858     0.394958     0.000100     0.019553     0.005 

## end of qpGraph time:     4.820 seconds memory:     9.122 Mbytes
