parameter file: tmp/tmp.par
### THE INPUT PARAMETERS
##PARAMETER NAME: VALUE
DIR: data
genotypename: data/Adm_bottleneck.rep66.geno
snpname: data/Adm_bottleneck.rep66.snp
indivname: data/Adm_bottleneck.rep66.ind
outpop: Outgroup
blgsize: 0.001
diag: .0001
hires: YES
initmix: 1000
precision: .0001
zthresh: 2.0
terse: NO
useallsnps: NO
## qpGraph version: 6450
outpop:  Outgroup
seed: 1341239473
Outgroup
S1
S2
Adm
*** warning: first snp . is number.  perhaps you are using .map format

graph: graph/Outgroup.S1.S2.Adm.2way.1.graph


numedge: 9  numancestor: 1
  0 Outgroup
  1 S1
  2 S2
  3 Adm
root label: :Outgroup
outpop: Outgroup
population:   0             Outgroup    2
population:   1                   S1    4
population:   2                   S2    4
population:   3                  Adm    4
before setwt numsnps: 16994  outpop: Outgroup
setwt numsnps: 4236
number of blocks for moving block jackknife: 50
snps: 4236  indivs: 14
lambdascale:     0.767
fst:
        O    S    S    A 
  O     0  270  271  289
  S   270    0  268  334
  S   271  268    0  213
  A   289  334  213    0

f2:
        O    S    S    A 
  O     0  423  423  451
  S   423    0   83  100
  S   423   83    0   53
  A   451  100   53    0

ff3:
        O    S    S    A 
  O     0    0    0    0
  S     0  423  381  387
  S     0  381  423  410
  A     0  387  410  451

ff3sig*10:
        O    S    S    A 
  O     0    0    0    0
  S     0  234  237  237
  S     0  237  213  230
  A     0  237  230  228

starting analysis
number of initial random trials: 100
initmixwts:                      :Adm n009 n006 n008     0.278     0.722 


initial score:     0.000
init  vg:
    0.278 
gslsetup called
gslans:   12     0.000061
    0.305 
final vg:
    0.305 

 final score:        0.000  dof: -4 nominal p-val     1.000000
ff3fit:
        O    S    S    A 
  O     0    0    0    0
  S     0  423  381  387
  S     0  381  423  410
  A     0  387  410  451

ff3diff:
        O    S    S    A 
  O     0    0    0    0
  S     0    0    0    0
  S     0    0    0    0
  A     0    0    0    0

mix:                      :Adm n009 n006 n008     0.305     0.695 

b_n000_n001 b_n000_n003 b_n003_n005 b_n005_n002 b_n005_n006 b_n003_n007 b_n007_n004 b_n007_n008 b_n009_n010 
   0.1906    0.1906    0.0182    0.0235    0.0036    0.0416    0.0000    0.0185    0.0383 


                      fst:       fitted        estim         diff     std. err   Z score 
      Out          S1 f2:     0.422922     0.423098     0.000176     0.023406     0.008 
      Out          S2 f2:     0.422749     0.422908     0.000159     0.021336     0.007 
      Out        Adm  f2:     0.450543     0.450707     0.000164     0.022805     0.007 
        S1         S2 f2:     0.083366     0.083335    -0.000031     0.010612    -0.003 
        S1       Adm  f2:     0.100048     0.100029    -0.000019     0.012793    -0.001 
        S2       Adm  f2:     0.053161     0.053137    -0.000024     0.008398    -0.003 


outliers:
                                                      Fit          Obs         Diff   Std. error         Z 


worst f-stat:       Out          S1       Out          S2      0.381152     0.381335     0.000183     0.023745     0.008 

## end of qpGraph time:     4.510 seconds memory:     9.613 Mbytes
