parameter file: tmp/tmp.par
### THE INPUT PARAMETERS
##PARAMETER NAME: VALUE
DIR: data
genotypename: data/Adm_bottleneck.rep31.geno
snpname: data/Adm_bottleneck.rep31.snp
indivname: data/Adm_bottleneck.rep31.ind
outpop: Outgroup
blgsize: 0.001
diag: .0001
hires: YES
initmix: 1000
precision: .0001
zthresh: 2.0
terse: NO
useallsnps: NO
## qpGraph version: 6450
outpop:  Outgroup
seed: 2094474950
Outgroup
S1
S2
Adm
*** warning: first snp . is number.  perhaps you are using .map format

graph: graph/Outgroup.S1.S2.Adm.2way.1.graph


numedge: 9  numancestor: 1
  0 Outgroup
  1 S1
  2 S2
  3 Adm
root label: :Outgroup
outpop: Outgroup
population:   0             Outgroup    2
population:   1                   S1    4
population:   2                   S2    4
population:   3                  Adm    4
before setwt numsnps: 17077  outpop: Outgroup
setwt numsnps: 4721
number of blocks for moving block jackknife: 50
snps: 4721  indivs: 14
lambdascale:     0.682
fst:
        O    S    S    A 
  O     0  249  254  262
  S   249    0  284  270
  S   254  284    0  182
  A   262  270  182    0

f2:
        O    S    S    A 
  O     0  339  345  356
  S   339    0   86   76
  S   345   86    0   45
  A   356   76   45    0

ff3:
        O    S    S    A 
  O     0    0    0    0
  S     0  339  299  309
  S     0  299  345  328
  A     0  309  328  356

ff3sig*10:
        O    S    S    A 
  O     0    0    0    0
  S     0  150  163  160
  S     0  163  157  153
  A     0  160  153  152

starting analysis
number of initial random trials: 100
initmixwts:                      :Adm n009 n006 n008     0.364     0.636 


initial score:     0.000
init  vg:
    0.364 
gslsetup called
gslans:   11     0.000019
    0.367 
final vg:
    0.367 

 final score:        0.000  dof: -4 nominal p-val     1.000000
ff3fit:
        O    S    S    A 
  O     0    0    0    0
  S     0  339  299  309
  S     0  299  345  328
  A     0  309  328  356

ff3diff:
        O    S    S    A 
  O     0    0    0    0
  S     0    0    0    0
  S     0    0    0    0
  A     0    0    0    0

mix:                      :Adm n009 n006 n008     0.367     0.633 

b_n000_n001 b_n000_n003 b_n003_n005 b_n005_n002 b_n005_n006 b_n003_n007 b_n007_n004 b_n007_n008 b_n009_n010 
   0.1495    0.1495    0.0284    0.0115    0.0040    0.0456    0.0000    0.0118    0.0294 


                      fst:       fitted        estim         diff     std. err   Z score 
      Out          S1 f2:     0.338908     0.338968     0.000060     0.015044     0.004 
      Out          S2 f2:     0.344622     0.344686     0.000063     0.015737     0.004 
      Out        Adm  f2:     0.355752     0.355815     0.000064     0.015208     0.004 
        S1         S2 f2:     0.085587     0.085574    -0.000013     0.012062    -0.001 
        S1       Adm  f2:     0.075869     0.075855    -0.000014     0.009691    -0.001 
        S2       Adm  f2:     0.044671     0.044666    -0.000005     0.006814    -0.001 


outliers:
                                                      Fit          Obs         Diff   Std. error         Z 


worst f-stat:       Out          S2       Out        Adm       0.327852     0.327918     0.000066     0.015313     0.004 

## end of qpGraph time:     4.630 seconds memory:     9.626 Mbytes
