parameter file: tmp/tmp.par
### THE INPUT PARAMETERS
##PARAMETER NAME: VALUE
DIR: data
genotypename: data/Adm_expansion.rep68.geno
snpname: data/Adm_expansion.rep68.snp
indivname: data/Adm_expansion.rep68.ind
outpop: Outgroup
blgsize: 0.001
diag: .0001
hires: YES
initmix: 1000
precision: .0001
zthresh: 2.0
terse: NO
useallsnps: NO
## qpGraph version: 6450
outpop:  Outgroup
seed: -1557398757
Outgroup
S1
S2
Adm
*** warning: first snp . is number.  perhaps you are using .map format

graph: graph/Outgroup.S1.S2.Adm.2way.1.graph


numedge: 9  numancestor: 1
  0 Outgroup
  1 S1
  2 S2
  3 Adm
root label: :Outgroup
outpop: Outgroup
population:   0             Outgroup    2
population:   1                   S1    4
population:   2                   S2    4
population:   3                  Adm    4
before setwt numsnps: 15658  outpop: Outgroup
setwt numsnps: 4409
number of blocks for moving block jackknife: 50
snps: 4409  indivs: 14
lambdascale:     0.819
fst:
        O    S    S    A 
  O     0  261  264  335
  S   261    0  317  640
  S   264  317    0  571
  A   335  640  571    0

f2:
        O    S    S    A 
  O     0  422  430  551
  S   422    0  105  198
  S   430  105    0  153
  A   551  198  153    0

ff3:
        O    S    S    A 
  O     0    0    0    0
  S     0  422  374  388
  S     0  374  430  414
  A     0  388  414  551

ff3sig*10:
        O    S    S    A 
  O     0    0    0    0
  S     0  203  225  242
  S     0  225  207  236
  A     0  242  236  230

starting analysis
number of initial random trials: 100
initmixwts:                      :Adm n009 n006 n008     0.280     0.720 


initial score:     0.001
init  vg:
    0.280 
gslsetup called
gslans:   11     0.000036
    0.289 
final vg:
    0.289 

 final score:        0.000  dof: -4 nominal p-val     1.000000
ff3fit:
        O    S    S    A 
  O     0    0    0    0
  S     0  422  374  388
  S     0  374  430  414
  A     0  388  414  551

ff3diff:
        O    S    S    A 
  O     0    0    0    0
  S     0    0    0    0
  S     0    0    0    0
  A     0    0    0    0

mix:                      :Adm n009 n006 n008     0.289     0.711 

b_n000_n001 b_n000_n003 b_n003_n005 b_n005_n002 b_n005_n006 b_n003_n007 b_n007_n004 b_n007_n008 b_n009_n010 
   0.1869    0.1869    0.0479    0.0006    0.0096    0.0565    0.0000    0.0579    0.1146 


                      fst:       fitted        estim         diff     std. err   Z score 
      Out          S1 f2:     0.422305     0.422412     0.000107     0.020305     0.005 
      Out          S2 f2:     0.430316     0.430428     0.000111     0.020680     0.005 
      Out        Adm  f2:     0.550998     0.551131     0.000133     0.023031     0.006 
        S1         S2 f2:     0.104990     0.104976    -0.000014     0.012614    -0.001 
        S1       Adm  f2:     0.198005     0.197973    -0.000032     0.020642    -0.002 
        S2       Adm  f2:     0.153353     0.153345    -0.000008     0.017343    -0.000 


outliers:
                                                      Fit          Obs         Diff   Std. error         Z 


worst f-stat:       Out        Adm        Out        Adm       0.550998     0.551131     0.000133     0.023031     0.006 

## end of qpGraph time:     4.590 seconds memory:     9.097 Mbytes
