parameter file: tmp/tmp.par
### THE INPUT PARAMETERS
##PARAMETER NAME: VALUE
DIR: data
genotypename: data/Adm_expansion.rep33.geno
snpname: data/Adm_expansion.rep33.snp
indivname: data/Adm_expansion.rep33.ind
outpop: Outgroup
blgsize: 0.001
diag: .0001
hires: YES
initmix: 1000
precision: .0001
zthresh: 2.0
terse: NO
useallsnps: NO
## qpGraph version: 6450
outpop:  Outgroup
seed: 1470886251
Outgroup
S1
S2
Adm
*** warning: first snp . is number.  perhaps you are using .map format

graph: graph/Outgroup.S1.S2.Adm.2way.1.graph


numedge: 9  numancestor: 1
  0 Outgroup
  1 S1
  2 S2
  3 Adm
root label: :Outgroup
outpop: Outgroup
population:   0             Outgroup    2
population:   1                   S1    4
population:   2                   S2    4
population:   3                  Adm    4
before setwt numsnps: 15784  outpop: Outgroup
setwt numsnps: 4872
number of blocks for moving block jackknife: 50
snps: 4872  indivs: 14
lambdascale:     0.759
fst:
        O    S    S    A 
  O     0  263  265  336
  S   263    0  302  623
  S   265  302    0  615
  A   336  623  615    0

f2:
        O    S    S    A 
  O     0  400  403  513
  S   400    0   88  171
  S   403   88    0  163
  A   513  171  163    0

ff3:
        O    S    S    A 
  O     0    0    0    0
  S     0  400  358  372
  S     0  358  403  377
  A     0  372  377  513

ff3sig*10:
        O    S    S    A 
  O     0    0    0    0
  S     0  192  188  216
  S     0  188  210  202
  A     0  216  202  200

starting analysis
number of initial random trials: 100
initmixwts:                      :Adm n009 n006 n008     0.552     0.448 


initial score:     0.000
init  vg:
    0.552 
gslsetup called
gslans:    9     0.000024
    0.558 
final vg:
    0.558 

 final score:        0.000  dof: -4 nominal p-val     1.000000
ff3fit:
        O    S    S    A 
  O     0    0    0    0
  S     0  400  358  371
  S     0  358  403  376
  A     0  371  376  513

ff3diff:
        O    S    S    A 
  O     0    0    0    0
  S     0    0    0    0
  S     0    0    0    0
  A     0    0    0    0

mix:                      :Adm n009 n006 n008     0.558     0.442 

b_n000_n001 b_n000_n003 b_n003_n005 b_n005_n002 b_n005_n006 b_n003_n007 b_n007_n004 b_n007_n008 b_n009_n010 
   0.1788    0.1788    0.0251    0.0178    0.0382    0.0429    0.0021    0.0241    0.1229 


                      fst:       fitted        estim         diff     std. err   Z score 
      Out          S1 f2:     0.400374     0.400459     0.000084     0.019157     0.004 
      Out          S2 f2:     0.402516     0.402607     0.000091     0.020976     0.004 
      Out        Adm  f2:     0.513229     0.513324     0.000096     0.020032     0.005 
        S1         S2 f2:     0.087878     0.087896     0.000018     0.015702     0.001 
        S1       Adm  f2:     0.170619     0.170621     0.000002     0.017980     0.000 
        S2       Adm  f2:     0.162761     0.162771     0.000010     0.019870     0.000 


outliers:
                                                      Fit          Obs         Diff   Std. error         Z 


worst f-stat:       Out        Adm        Out        Adm       0.513229     0.513324     0.000096     0.020032     0.005 

## end of qpGraph time:     4.690 seconds memory:     9.122 Mbytes
