parameter file: tmp/tmp.par
### THE INPUT PARAMETERS
##PARAMETER NAME: VALUE
DIR: data
genotypename: data/Adm_bottleneck.rep20.geno
snpname: data/Adm_bottleneck.rep20.snp
indivname: data/Adm_bottleneck.rep20.ind
outpop: Outgroup
blgsize: 0.001
diag: .0001
hires: YES
initmix: 1000
precision: .0001
zthresh: 2.0
terse: NO
useallsnps: NO
## qpGraph version: 6450
outpop:  Outgroup
seed: 2016289730
Outgroup
S1
S2
Adm
*** warning: first snp . is number.  perhaps you are using .map format

graph: graph/Outgroup.S1.S2.Adm.2way.1.graph


numedge: 9  numancestor: 1
  0 Outgroup
  1 S1
  2 S2
  3 Adm
root label: :Outgroup
outpop: Outgroup
population:   0             Outgroup    2
population:   1                   S1    4
population:   2                   S2    4
population:   3                  Adm    4
before setwt numsnps: 17301  outpop: Outgroup
setwt numsnps: 4625
number of blocks for moving block jackknife: 50
snps: 4625  indivs: 14
lambdascale:     0.718
fst:
        O    S    S    A 
  O     0  250  250  263
  S   250    0  298  276
  S   250  298    0  239
  A   263  276  239    0

f2:
        O    S    S    A 
  O     0  353  351  372
  S   353    0   87   74
  S   351   87    0   62
  A   372   74   62    0

ff3:
        O    S    S    A 
  O     0    0    0    0
  S     0  353  309  326
  S     0  309  351  331
  A     0  326  331  372

ff3sig*10:
        O    S    S    A 
  O     0    0    0    0
  S     0  164  187  170
  S     0  187  193  184
  A     0  170  184  174

starting analysis
number of initial random trials: 100
initmixwts:                      :Adm n009 n006 n008     0.413     0.587 


initial score:     0.000
init  vg:
    0.413 
gslsetup called
gslans:    9     0.000017
    0.422 
final vg:
    0.422 

 final score:        0.000  dof: -4 nominal p-val     1.000000
ff3fit:
        O    S    S    A 
  O     0    0    0    0
  S     0  353  309  326
  S     0  309  351  330
  A     0  326  330  372

ff3diff:
        O    S    S    A 
  O     0    0    0    0
  S     0    0    0    0
  S     0    0    0    0
  A     0    0    0    0

mix:                      :Adm n009 n006 n008     0.422     0.578 

b_n000_n001 b_n000_n003 b_n003_n005 b_n005_n002 b_n005_n006 b_n003_n007 b_n007_n004 b_n007_n008 b_n009_n010 
   0.1543    0.1543    0.0401    0.0048    0.0068    0.0379    0.0047    0.0127    0.0380 


                      fst:       fitted        estim         diff     std. err   Z score 
      Out          S1 f2:     0.353430     0.353489     0.000060     0.016448     0.004 
      Out          S2 f2:     0.351175     0.351247     0.000071     0.019348     0.004 
      Out        Adm  f2:     0.371763     0.371828     0.000066     0.017400     0.004 
        S1         S2 f2:     0.087418     0.087410    -0.000008     0.010214    -0.001 
        S1       Adm  f2:     0.074162     0.074152    -0.000009     0.012364    -0.001 
        S2       Adm  f2:     0.062005     0.061999    -0.000007     0.010998    -0.001 


outliers:
                                                      Fit          Obs         Diff   Std. error         Z 


worst f-stat:       Out          S1       Out        Adm       0.325515     0.325583     0.000067     0.016951     0.004 

## end of qpGraph time:     4.710 seconds memory:     9.802 Mbytes
