parameter file: tmp/tmp.par
### THE INPUT PARAMETERS
##PARAMETER NAME: VALUE
DIR: data
genotypename: data/standard_rep18.geno
snpname: data/standard_rep18.snp
indivname: data/standard_rep18.ind
outpop: Outgroup
blgsize: 0.001
diag: .0001
hires: YES
initmix: 1000
precision: .0001
zthresh: 2.0
terse: NO
useallsnps: NO
## qpGraph version: 6450
outpop:  Outgroup
seed: 1089822544
Outgroup
S1
S2
Adm
*** warning: first snp . is number.  perhaps you are using .map format

graph: graph/Outgroup.S1.S2.Adm.2way.1.graph


numedge: 9  numancestor: 1
  0 Outgroup
  1 S1
  2 S2
  3 Adm
root label: :Outgroup
outpop: Outgroup
population:   0             Outgroup    2
population:   1                   S1    4
population:   2                   S2    4
population:   3                  Adm    4
before setwt numsnps: 17735  outpop: Outgroup
setwt numsnps: 4853
number of blocks for moving block jackknife: 50
snps: 4853  indivs: 14
lambdascale:     0.795
fst:
        O    S    S    A 
  O     0  255  254  245
  S   255    0  270  193
  S   254  270    0  130
  A   245  193  130    0

f2:
        O    S    S    A 
  O     0  399  400  384
  S   399    0   85   57
  S   400   85    0   37
  A   384   57   37    0

ff3:
        O    S    S    A 
  O     0    0    0    0
  S     0  399  357  363
  S     0  357  400  374
  A     0  363  374  384

ff3sig*10:
        O    S    S    A 
  O     0    0    0    0
  S     0  207  204  191
  S     0  204  198  196
  A     0  191  196  191

starting analysis
number of initial random trials: 100
initmixwts:                      :Adm n009 n006 n008     0.429     0.571 


initial score:     0.000
init  vg:
    0.429 
gslsetup called
gslans:    9     0.000092
    0.427 
final vg:
    0.427 

 final score:        0.000  dof: -4 nominal p-val     1.000000
ff3fit:
        O    S    S    A 
  O     0    0    0    0
  S     0  399  357  363
  S     0  357  400  374
  A     0  363  374  384

ff3diff:
        O    S    S    A 
  O     0    0    0    0
  S     0    0    0    0
  S     0    0    0    0
  A     0    0    0    0

mix:                      :Adm n009 n006 n008     0.427     0.573 

b_n000_n001 b_n000_n003 b_n003_n005 b_n005_n002 b_n005_n006 b_n003_n007 b_n007_n004 b_n007_n008 b_n009_n010 
   0.1785    0.1785    0.0139    0.0282    0.0024    0.0287    0.0138    0.0043    0.0131 


                      fst:       fitted        estim         diff     std. err   Z score 
      Out          S1 f2:     0.399243     0.399433     0.000190     0.020688     0.009 
      Out          S2 f2:     0.399604     0.399788     0.000184     0.019828     0.009 
      Out        Adm  f2:     0.383953     0.384128     0.000175     0.019127     0.009 
        S1         S2 f2:     0.084677     0.084659    -0.000018     0.008473    -0.002 
        S1       Adm  f2:     0.057113     0.057122     0.000009     0.008804     0.001 
        S2       Adm  f2:     0.036547     0.036539    -0.000007     0.005568    -0.001 


outliers:
                                                      Fit          Obs         Diff   Std. error         Z 


worst f-stat:       Out          S1       Out          S2      0.357085     0.357281     0.000196     0.020437     0.010 

## end of qpGraph time:     4.410 seconds memory:    10.015 Mbytes
