parameter file: tmp/tmp.par
### THE INPUT PARAMETERS
##PARAMETER NAME: VALUE
DIR: data
genotypename: data/standard_rep66.geno
snpname: data/standard_rep66.snp
indivname: data/standard_rep66.ind
outpop: Outgroup
blgsize: 0.001
diag: .0001
hires: YES
initmix: 1000
precision: .0001
zthresh: 2.0
terse: NO
useallsnps: NO
## qpGraph version: 6450
outpop:  Outgroup
seed: 1436151043
Outgroup
S1
S2
Adm
*** warning: first snp . is number.  perhaps you are using .map format

graph: graph/Outgroup.S1.S2.Adm.2way.1.graph


numedge: 9  numancestor: 1
  0 Outgroup
  1 S1
  2 S2
  3 Adm
root label: :Outgroup
outpop: Outgroup
population:   0             Outgroup    2
population:   1                   S1    4
population:   2                   S2    4
population:   3                  Adm    4
before setwt numsnps: 17543  outpop: Outgroup
setwt numsnps: 4937
number of blocks for moving block jackknife: 50
snps: 4937  indivs: 14
lambdascale:     0.697
fst:
        O    S    S    A 
  O     0  268  272  267
  S   268    0  320  214
  S   272  320    0  158
  A   267  214  158    0

f2:
        O    S    S    A 
  O     0  377  383  379
  S   377    0   89   53
  S   383   89    0   37
  A   379   53   37    0

ff3:
        O    S    S    A 
  O     0    0    0    0
  S     0  377  335  351
  S     0  335  383  362
  A     0  351  362  379

ff3sig*10:
        O    S    S    A 
  O     0    0    0    0
  S     0  179  200  191
  S     0  200  190  184
  A     0  191  184  180

starting analysis
number of initial random trials: 100
initmixwts:                      :Adm n009 n006 n008     0.419     0.581 


initial score:     0.000
init  vg:
    0.419 
gslsetup called
gslans:   13     0.000075
    0.428 
final vg:
    0.428 

 final score:        0.000  dof: -4 nominal p-val     1.000000
ff3fit:
        O    S    S    A 
  O     0    0    0    0
  S     0  377  335  351
  S     0  335  383  362
  A     0  351  362  379

ff3diff:
        O    S    S    A 
  O     0    0    0    0
  S     0    0    0    0
  S     0    0    0    0
  A     0    0    0    0

mix:                      :Adm n009 n006 n008     0.428     0.572 

b_n000_n001 b_n000_n003 b_n003_n005 b_n005_n002 b_n005_n006 b_n003_n007 b_n007_n004 b_n007_n008 b_n009_n010 
   0.1675    0.1675    0.0377    0.0042    0.0034    0.0475    0.0000    0.0061    0.0188 


                      fst:       fitted        estim         diff     std. err   Z score 
      Out          S1 f2:     0.376931     0.377079     0.000147     0.017911     0.008 
      Out          S2 f2:     0.382590     0.382746     0.000155     0.019043     0.008 
      Out        Adm  f2:     0.378899     0.379050     0.000151     0.018033     0.008 
        S1         S2 f2:     0.089432     0.089402    -0.000030     0.013163    -0.002 
        S1       Adm  f2:     0.053475     0.053450    -0.000024     0.009670    -0.003 
        S2       Adm  f2:     0.037061     0.037054    -0.000006     0.005219    -0.001 


outliers:
                                                      Fit          Obs         Diff   Std. error         Z 


worst f-stat:       Out          S2       Out        Adm       0.362214     0.362371     0.000156     0.018435     0.008 

## end of qpGraph time:     4.390 seconds memory:     9.843 Mbytes
