parameter file: tmp/tmp.par
### THE INPUT PARAMETERS
##PARAMETER NAME: VALUE
DIR: data
genotypename: data/standard_rep23.geno
snpname: data/standard_rep23.snp
indivname: data/standard_rep23.ind
outpop: Outgroup
blgsize: 0.001
diag: .0001
hires: YES
initmix: 1000
precision: .0001
zthresh: 2.0
terse: NO
useallsnps: NO
## qpGraph version: 6450
outpop:  Outgroup
seed: 1188683939
Outgroup
S1
S2
Adm
*** warning: first snp . is number.  perhaps you are using .map format

graph: graph/Outgroup.S1.S2.Adm.2way.1.graph


numedge: 9  numancestor: 1
  0 Outgroup
  1 S1
  2 S2
  3 Adm
root label: :Outgroup
outpop: Outgroup
population:   0             Outgroup    2
population:   1                   S1    4
population:   2                   S2    4
population:   3                  Adm    4
before setwt numsnps: 17413  outpop: Outgroup
setwt numsnps: 4376
number of blocks for moving block jackknife: 50
snps: 4376  indivs: 14
lambdascale:     0.722
fst:
        O    S    S    A 
  O     0  260  273  251
  S   260    0  296  151
  S   273  296    0  115
  A   251  151  115    0

f2:
        O    S    S    A 
  O     0  376  398  362
  S   376    0   85   39
  S   398   85    0   28
  A   362   39   28    0

ff3:
        O    S    S    A 
  O     0    0    0    0
  S     0  376  345  350
  S     0  345  398  366
  A     0  350  366  362

ff3sig*10:
        O    S    S    A 
  O     0    0    0    0
  S     0  180  194  187
  S     0  194  208  196
  A     0  187  196  191

starting analysis
number of initial random trials: 100
initmixwts:                      :Adm n009 n006 n008     0.481     0.519 


initial score:     0.000
init  vg:
    0.481 
gslsetup called
gslans:    9     0.000078
    0.487 
final vg:
    0.487 

 final score:        0.000  dof: -4 nominal p-val     1.000000
ff3fit:
        O    S    S    A 
  O     0    0    0    0
  S     0  376  344  349
  S     0  344  398  366
  A     0  349  366  362

ff3diff:
        O    S    S    A 
  O     0    0    0    0
  S     0    0    0    0
  S     0    0    0    0
  A     0    0    0    0

mix:                      :Adm n009 n006 n008     0.487     0.513 

b_n000_n001 b_n000_n003 b_n003_n005 b_n005_n002 b_n005_n006 b_n003_n007 b_n007_n004 b_n007_n008 b_n009_n010 
   0.1722    0.1722    0.0104    0.0210    0.0009    0.0424    0.0113    0.0010    0.0039 


                      fst:       fitted        estim         diff     std. err   Z score 
      Out          S1 f2:     0.375654     0.375803     0.000149     0.017958     0.008 
      Out          S2 f2:     0.398098     0.398271     0.000173     0.020793     0.008 
      Out        Adm  f2:     0.362326     0.362488     0.000163     0.019063     0.009 
        S1         S2 f2:     0.085053     0.085036    -0.000017     0.009326    -0.002 
        S1       Adm  f2:     0.039192     0.039185    -0.000007     0.006903    -0.001 
        S2       Adm  f2:     0.028226     0.028221    -0.000005     0.006177    -0.001 


outliers:
                                                      Fit          Obs         Diff   Std. error         Z 


worst f-stat:       Out          S1       Out          S2      0.344349     0.344519     0.000170     0.019356     0.009 

## end of qpGraph time:     4.550 seconds memory:     9.822 Mbytes
