parameter file: tmp/tmp.par
### THE INPUT PARAMETERS
##PARAMETER NAME: VALUE
DIR: data
genotypename: data/standard_rep91.geno
snpname: data/standard_rep91.snp
indivname: data/standard_rep91.ind
outpop: Outgroup
blgsize: 0.001
diag: .0001
hires: YES
initmix: 1000
precision: .0001
zthresh: 2.0
terse: NO
useallsnps: NO
## qpGraph version: 6450
outpop:  Outgroup
seed: -1554254789
Outgroup
S1
S2
Adm
*** warning: first snp . is number.  perhaps you are using .map format

graph: graph/Outgroup.S1.S2.Adm.2way.1.graph


numedge: 9  numancestor: 1
  0 Outgroup
  1 S1
  2 S2
  3 Adm
root label: :Outgroup
outpop: Outgroup
population:   0             Outgroup    2
population:   1                   S1    4
population:   2                   S2    4
population:   3                  Adm    4
before setwt numsnps: 17628  outpop: Outgroup
setwt numsnps: 4569
number of blocks for moving block jackknife: 50
snps: 4569  indivs: 14
lambdascale:     0.741
fst:
        O    S    S    A 
  O     0  266  266  259
  S   266    0  327  196
  S   266  327    0  168
  A   259  196  168    0

f2:
        O    S    S    A 
  O     0  394  394  383
  S   394    0  100   53
  S   394  100    0   46
  A   383   53   46    0

ff3:
        O    S    S    A 
  O     0    0    0    0
  S     0  394  344  362
  S     0  344  394  366
  A     0  362  366  383

ff3sig*10:
        O    S    S    A 
  O     0    0    0    0
  S     0  214  208  216
  S     0  208  197  197
  A     0  216  197  206

starting analysis
number of initial random trials: 100
initmixwts:                      :Adm n009 n006 n008     0.531     0.469 


initial score:     0.000
init  vg:
    0.531 
gslsetup called
gslans:    9     0.000059
    0.523 
final vg:
    0.523 

 final score:        0.000  dof: -4 nominal p-val     1.000000
ff3fit:
        O    S    S    A 
  O     0    0    0    0
  S     0  394  344  362
  S     0  344  394  366
  A     0  362  366  383

ff3diff:
        O    S    S    A 
  O     0    0    0    0
  S     0    0    0    0
  S     0    0    0    0
  A     0    0    0    0

mix:                      :Adm n009 n006 n008     0.523     0.477 

b_n000_n001 b_n000_n003 b_n003_n005 b_n005_n002 b_n005_n006 b_n003_n007 b_n007_n004 b_n007_n008 b_n009_n010 
   0.1719    0.1719    0.0350    0.0150    0.0047    0.0458    0.0042    0.0039    0.0173 


                      fst:       fitted        estim         diff     std. err   Z score 
      Out          S1 f2:     0.393791     0.393943     0.000152     0.021388     0.007 
      Out          S2 f2:     0.393862     0.394005     0.000143     0.019722     0.007 
      Out        Adm  f2:     0.383293     0.383448     0.000155     0.020628     0.008 
        S1         S2 f2:     0.099977     0.099961    -0.000016     0.011197    -0.001 
        S1       Adm  f2:     0.052819     0.052804    -0.000015     0.009804    -0.002 
        S2       Adm  f2:     0.045801     0.045801     0.000000     0.007730     0.000 


outliers:
                                                      Fit          Obs         Diff   Std. error         Z 


worst f-stat:       Out          S2       Out        Adm       0.365677     0.365826     0.000149     0.019701     0.008 

## end of qpGraph time:     4.520 seconds memory:     9.994 Mbytes
