parameter file: tmp/tmp.par
### THE INPUT PARAMETERS
##PARAMETER NAME: VALUE
DIR: data
genotypename: data/standard_rep2.geno
snpname: data/standard_rep2.snp
indivname: data/standard_rep2.ind
outpop: Outgroup
blgsize: 0.001
diag: .0001
hires: YES
initmix: 1000
precision: .0001
zthresh: 2.0
terse: NO
useallsnps: NO
## qpGraph version: 6450
outpop:  Outgroup
seed: 2145180314
Outgroup
S1
S2
Adm
*** warning: first snp . is number.  perhaps you are using .map format

graph: graph/Outgroup.S1.S2.Adm.2way.1.graph


numedge: 9  numancestor: 1
  0 Outgroup
  1 S1
  2 S2
  3 Adm
root label: :Outgroup
outpop: Outgroup
population:   0             Outgroup    2
population:   1                   S1    4
population:   2                   S2    4
population:   3                  Adm    4
before setwt numsnps: 17514  outpop: Outgroup
setwt numsnps: 4516
number of blocks for moving block jackknife: 50
snps: 4516  indivs: 14
lambdascale:     0.719
fst:
        O    S    S    A 
  O     0  272  267  250
  S   272    0  261  179
  S   267  261    0   94
  A   250  179   94    0

f2:
        O    S    S    A 
  O     0  399  392  364
  S   399    0   77   52
  S   392   77    0   25
  A   364   52   25    0

ff3:
        O    S    S    A 
  O     0    0    0    0
  S     0  399  357  356
  S     0  357  392  366
  A     0  356  366  364

ff3sig*10:
        O    S    S    A 
  O     0    0    0    0
  S     0  190  202  198
  S     0  202  199  202
  A     0  198  202  204

starting analysis
number of initial random trials: 100
initmixwts:                      :Adm n009 n006 n008     0.435     0.565 


initial score:     0.028
init  vg:
    0.435 
gslsetup called
gslans:    9     0.027611
    0.433 
final vg:
    0.433 

 final score:        0.028  dof: -4 nominal p-val     1.000000
ff3fit:
        O    S    S    A 
  O     0    0    0    0
  S     0  398  356  356
  S     0  356  391  365
  A     0  356  365  365

ff3diff:
        O    S    S    A 
  O     0    0    0    0
  S     0   -1   -1    0
  S     0   -1   -1    0
  A     0    0    0    0

mix:                      :Adm n009 n006 n008     0.433     0.567 

b_n000_n001 b_n000_n003 b_n003_n005 b_n005_n002 b_n005_n006 b_n003_n007 b_n007_n004 b_n007_n008 b_n009_n010 
   0.1780    0.1780    0.0000    0.0424    0.0006    0.0164    0.0183    0.0010    0.0030 


                      fst:       fitted        estim         diff     std. err   Z score 
      Out          S1 f2:     0.398481     0.399123     0.000643     0.018970     0.034 
      Out          S2 f2:     0.390802     0.391739     0.000937     0.019884     0.047 
      Out        Adm  f2:     0.364727     0.364328    -0.000399     0.020376    -0.020 
        S1         S2 f2:     0.077142     0.076683    -0.000459     0.008802    -0.052 
        S1       Adm  f2:     0.051067     0.051546     0.000478     0.007655     0.062 
        S2       Adm  f2:     0.024800     0.025000     0.000200     0.004926     0.041 


outliers:
                                                      Fit          Obs         Diff   Std. error         Z 


worst f-stat:       Out          S1         S2       Adm       0.000000    -0.001137    -0.001137     0.006861    -0.166 

## end of qpGraph time:     4.560 seconds memory:     9.839 Mbytes
