parameter file: tmp/tmp.par
### THE INPUT PARAMETERS
##PARAMETER NAME: VALUE
DIR: data
genotypename: data/standard_rep100.geno
snpname: data/standard_rep100.snp
indivname: data/standard_rep100.ind
outpop: Outgroup
blgsize: 0.001
diag: .0001
hires: YES
initmix: 1000
precision: .0001
zthresh: 2.0
terse: NO
useallsnps: NO
## qpGraph version: 6450
outpop:  Outgroup
seed: -1598490942
Outgroup
S1
S2
Adm
*** warning: first snp . is number.  perhaps you are using .map format

graph: graph/Outgroup.S1.S2.Adm.2way.1.graph


numedge: 9  numancestor: 1
  0 Outgroup
  1 S1
  2 S2
  3 Adm
root label: :Outgroup
outpop: Outgroup
population:   0             Outgroup    2
population:   1                   S1    4
population:   2                   S2    4
population:   3                  Adm    4
before setwt numsnps: 18001  outpop: Outgroup
setwt numsnps: 4653
number of blocks for moving block jackknife: 50
snps: 4653  indivs: 14
lambdascale:     0.657
fst:
        O    S    S    A 
  O     0  260  261  254
  S   260    0  288  198
  S   261  288    0  118
  A   254  198  118    0

f2:
        O    S    S    A 
  O     0  345  346  336
  S   345    0   82   51
  S   346   82    0   28
  A   336   51   28    0

ff3:
        O    S    S    A 
  O     0    0    0    0
  S     0  345  305  315
  S     0  305  346  327
  A     0  315  327  336

ff3sig*10:
        O    S    S    A 
  O     0    0    0    0
  S     0  172  168  166
  S     0  168  163  160
  A     0  166  160  146

starting analysis
number of initial random trials: 100
initmixwts:                      :Adm n009 n006 n008     0.433     0.567 


initial score:     0.000
init  vg:
    0.433 
gslsetup called
gslans:    9     0.000043
    0.430 
final vg:
    0.430 

 final score:        0.000  dof: -4 nominal p-val     1.000000
ff3fit:
        O    S    S    A 
  O     0    0    0    0
  S     0  344  305  315
  S     0  305  346  327
  A     0  315  327  336

ff3diff:
        O    S    S    A 
  O     0    0    0    0
  S     0    0    0    0
  S     0    0    0    0
  A     0    0    0    0

mix:                      :Adm n009 n006 n008     0.430     0.570 

b_n000_n001 b_n000_n003 b_n003_n005 b_n005_n002 b_n005_n006 b_n003_n007 b_n007_n004 b_n007_n008 b_n009_n010 
   0.1523    0.1523    0.0234    0.0166    0.0023    0.0396    0.0020    0.0040    0.0123 


                      fst:       fitted        estim         diff     std. err   Z score 
      Out          S1 f2:     0.344478     0.344581     0.000103     0.017207     0.006 
      Out          S2 f2:     0.346121     0.346222     0.000101     0.016333     0.006 
      Out        Adm  f2:     0.335778     0.335870     0.000092     0.014551     0.006 
        S1         S2 f2:     0.081528     0.081514    -0.000014     0.010756    -0.001 
        S1       Adm  f2:     0.051062     0.051046    -0.000016     0.008838    -0.002 
        S2       Adm  f2:     0.027689     0.027675    -0.000014     0.005089    -0.003 


outliers:
                                                      Fit          Obs         Diff   Std. error         Z 


worst f-stat:       Out          S1       Out          S2      0.304535     0.304644     0.000109     0.016816     0.006 

## end of qpGraph time:     4.360 seconds memory:    10.195 Mbytes
