parameter file: tmp/tmp.par
### THE INPUT PARAMETERS
##PARAMETER NAME: VALUE
DIR: data
genotypename: data/standard_rep45.geno
snpname: data/standard_rep45.snp
indivname: data/standard_rep45.ind
outpop: Outgroup
blgsize: 0.001
diag: .0001
hires: YES
initmix: 1000
precision: .0001
zthresh: 2.0
terse: NO
useallsnps: NO
## qpGraph version: 6450
outpop:  Outgroup
seed: 1297409838
Outgroup
S1
S2
Adm
*** warning: first snp . is number.  perhaps you are using .map format

graph: graph/Outgroup.S1.S2.Adm.2way.1.graph


numedge: 9  numancestor: 1
  0 Outgroup
  1 S1
  2 S2
  3 Adm
root label: :Outgroup
outpop: Outgroup
population:   0             Outgroup    2
population:   1                   S1    4
population:   2                   S2    4
population:   3                  Adm    4
before setwt numsnps: 17683  outpop: Outgroup
setwt numsnps: 4883
number of blocks for moving block jackknife: 50
snps: 4883  indivs: 14
lambdascale:     0.708
fst:
        O    S    S    A 
  O     0  254  248  241
  S   254    0  301  155
  S   248  301    0  124
  A   241  155  124    0

f2:
        O    S    S    A 
  O     0  356  345  338
  S   356    0   88   41
  S   345   88    0   31
  A   338   41   31    0

ff3:
        O    S    S    A 
  O     0    0    0    0
  S     0  356  306  326
  S     0  306  345  326
  A     0  326  326  338

ff3sig*10:
        O    S    S    A 
  O     0    0    0    0
  S     0  167  163  163
  S     0  163  158  156
  A     0  163  156  165

starting analysis
number of initial random trials: 100
initmixwts:                      :Adm n009 n006 n008     0.494     0.506 


initial score:     0.000
init  vg:
    0.494 
gslsetup called
gslans:    9     0.000051
    0.493 
final vg:
    0.493 

 final score:        0.000  dof: -4 nominal p-val     1.000000
ff3fit:
        O    S    S    A 
  O     0    0    0    0
  S     0  355  306  326
  S     0  306  345  325
  A     0  326  325  337

ff3diff:
        O    S    S    A 
  O     0    0    0    0
  S     0    0    0    0
  S     0    0    0    0
  A     0    0    0    0

mix:                      :Adm n009 n006 n008     0.493     0.507 

b_n000_n001 b_n000_n003 b_n003_n005 b_n005_n002 b_n005_n006 b_n003_n007 b_n007_n004 b_n007_n008 b_n009_n010 
   0.1532    0.1532    0.0400    0.0091    0.0025    0.0377    0.0010    0.0027    0.0103 


                      fst:       fitted        estim         diff     std. err   Z score 
      Out          S1 f2:     0.355467     0.355578     0.000111     0.016714     0.007 
      Out          S2 f2:     0.345037     0.345144     0.000107     0.015835     0.007 
      Out        Adm  f2:     0.337411     0.337525     0.000115     0.016495     0.007 
        S1         S2 f2:     0.087776     0.087769    -0.000007     0.010085    -0.001 
        S1       Adm  f2:     0.040705     0.040701    -0.000004     0.006841    -0.001 
        S2       Adm  f2:     0.031462     0.031464     0.000003     0.005425     0.001 


outliers:
                                                      Fit          Obs         Diff   Std. error         Z 


worst f-stat:       Out          S1       Out        Adm       0.326086     0.326201     0.000115     0.016289     0.007 

## end of qpGraph time:     4.330 seconds memory:    10.002 Mbytes
