parameter file: tmp/tmp.par
### THE INPUT PARAMETERS
##PARAMETER NAME: VALUE
DIR: data
genotypename: data/standard_rep81.geno
snpname: data/standard_rep81.snp
indivname: data/standard_rep81.ind
outpop: Outgroup
blgsize: 0.001
diag: .0001
hires: YES
initmix: 1000
precision: .0001
zthresh: 2.0
terse: NO
useallsnps: NO
## qpGraph version: 6450
outpop:  Outgroup
seed: 1602580843
Outgroup
S1
S2
Adm
*** warning: first snp . is number.  perhaps you are using .map format

graph: graph/Outgroup.S1.S2.Adm.2way.1.graph


numedge: 9  numancestor: 1
  0 Outgroup
  1 S1
  2 S2
  3 Adm
root label: :Outgroup
outpop: Outgroup
population:   0             Outgroup    2
population:   1                   S1    4
population:   2                   S2    4
population:   3                  Adm    4
before setwt numsnps: 17483  outpop: Outgroup
setwt numsnps: 4333
number of blocks for moving block jackknife: 50
snps: 4333  indivs: 14
lambdascale:     0.713
fst:
        O    S    S    A 
  O     0  261  263  258
  S   261    0  233  182
  S   263  233    0  142
  A   258  182  142    0

f2:
        O    S    S    A 
  O     0  371  373  364
  S   371    0   61   46
  S   373   61    0   34
  A   364   46   34    0

ff3:
        O    S    S    A 
  O     0    0    0    0
  S     0  371  341  345
  S     0  341  373  352
  A     0  345  352  364

ff3sig*10:
        O    S    S    A 
  O     0    0    0    0
  S     0  160  153  162
  S     0  153  159  155
  A     0  162  155  166

starting analysis
number of initial random trials: 100
initmixwts:                      :Adm n009 n006 n008     0.463     0.537 


initial score:     0.000
init  vg:
    0.463 
gslsetup called
gslans:    9     0.000077
    0.458 
final vg:
    0.458 

 final score:        0.000  dof: -4 nominal p-val     1.000000
ff3fit:
        O    S    S    A 
  O     0    0    0    0
  S     0  370  341  345
  S     0  341  373  352
  A     0  345  352  364

ff3diff:
        O    S    S    A 
  O     0    0    0    0
  S     0    0    0    0
  S     0    0    0    0
  A     0    0    0    0

mix:                      :Adm n009 n006 n008     0.458     0.542 

b_n000_n001 b_n000_n003 b_n003_n005 b_n005_n002 b_n005_n006 b_n003_n007 b_n007_n004 b_n007_n008 b_n009_n010 
   0.1705    0.1705    0.0077    0.0218    0.0029    0.0196    0.0120    0.0041    0.0140 


                      fst:       fitted        estim         diff     std. err   Z score 
      Out          S1 f2:     0.370493     0.370626     0.000133     0.016002     0.008 
      Out          S2 f2:     0.372543     0.372675     0.000131     0.015895     0.008 
      Out        Adm  f2:     0.364232     0.364365     0.000134     0.016596     0.008 
        S1         S2 f2:     0.060986     0.060982    -0.000004     0.007453    -0.001 
        S1       Adm  f2:     0.045666     0.045666     0.000000     0.007593     0.000 
        S2       Adm  f2:     0.033505     0.033510     0.000005     0.004722     0.001 


outliers:
                                                      Fit          Obs         Diff   Std. error         Z 


worst f-stat:       Out          S1       Out          S2      0.341025     0.341159     0.000134     0.015326     0.009 

## end of qpGraph time:     4.460 seconds memory:     9.834 Mbytes
