parameter file: tmp/tmp.par
### THE INPUT PARAMETERS
##PARAMETER NAME: VALUE
DIR: data
genotypename: data/standard_rep62.geno
snpname: data/standard_rep62.snp
indivname: data/standard_rep62.ind
outpop: Outgroup
blgsize: 0.001
diag: .0001
hires: YES
initmix: 1000
precision: .0001
zthresh: 2.0
terse: NO
useallsnps: NO
## qpGraph version: 6450
outpop:  Outgroup
seed: 1471966183
Outgroup
S1
S2
Adm
*** warning: first snp . is number.  perhaps you are using .map format

graph: graph/Outgroup.S1.S2.Adm.2way.1.graph


numedge: 9  numancestor: 1
  0 Outgroup
  1 S1
  2 S2
  3 Adm
root label: :Outgroup
outpop: Outgroup
population:   0             Outgroup    2
population:   1                   S1    4
population:   2                   S2    4
population:   3                  Adm    4
before setwt numsnps: 17419  outpop: Outgroup
setwt numsnps: 4155
number of blocks for moving block jackknife: 50
snps: 4155  indivs: 14
lambdascale:     0.669
fst:
        O    S    S    A 
  O     0  267  280  265
  S   267    0  319  199
  S   280  319    0  155
  A   265  199  155    0

f2:
        O    S    S    A 
  O     0  360  382  361
  S   360    0   87   50
  S   382   87    0   37
  A   361   50   37    0

ff3:
        O    S    S    A 
  O     0    0    0    0
  S     0  360  327  335
  S     0  327  382  353
  A     0  335  353  361

ff3sig*10:
        O    S    S    A 
  O     0    0    0    0
  S     0  154  166  168
  S     0  166  175  172
  A     0  168  172  185

starting analysis
number of initial random trials: 100
initmixwts:                      :Adm n009 n006 n008     0.441     0.559 


initial score:     0.000
init  vg:
    0.441 
gslsetup called
gslans:    9     0.000033
    0.439 
final vg:
    0.439 

 final score:        0.000  dof: -4 nominal p-val     1.000000
ff3fit:
        O    S    S    A 
  O     0    0    0    0
  S     0  360  327  335
  S     0  327  382  353
  A     0  335  353  361

ff3diff:
        O    S    S    A 
  O     0    0    0    0
  S     0    0    0    0
  S     0    0    0    0
  A     0    0    0    0

mix:                      :Adm n009 n006 n008     0.439     0.561 

b_n000_n001 b_n000_n003 b_n003_n005 b_n005_n002 b_n005_n006 b_n003_n007 b_n007_n004 b_n007_n008 b_n009_n010 
   0.1636    0.1636    0.0180    0.0145    0.0027    0.0458    0.0088    0.0043    0.0138 


                      fst:       fitted        estim         diff     std. err   Z score 
      Out          S1 f2:     0.359753     0.359834     0.000081     0.015364     0.005 
      Out          S2 f2:     0.381829     0.381921     0.000091     0.017491     0.005 
      Out        Adm  f2:     0.360812     0.360914     0.000102     0.018534     0.005 
        S1         S2 f2:     0.087106     0.087091    -0.000016     0.012252    -0.001 
        S1       Adm  f2:     0.050262     0.050255    -0.000007     0.008627    -0.001 
        S2       Adm  f2:     0.036809     0.036807    -0.000001     0.005658    -0.000 


outliers:
                                                      Fit          Obs         Diff   Std. error         Z 


worst f-stat:       Out          S2       Out        Adm       0.352917     0.353014     0.000097     0.017177     0.006 

## end of qpGraph time:     4.220 seconds memory:     9.822 Mbytes
