parameter file: tmp/tmp.par
### THE INPUT PARAMETERS
##PARAMETER NAME: VALUE
DIR: data
genotypename: data/standard_rep88.geno
snpname: data/standard_rep88.snp
indivname: data/standard_rep88.ind
outpop: Outgroup
blgsize: 0.001
diag: .0001
hires: YES
initmix: 1000
precision: .0001
zthresh: 2.0
terse: NO
useallsnps: NO
## qpGraph version: 6450
outpop:  Outgroup
seed: 1551233888
Outgroup
S1
S2
Adm
*** warning: first snp . is number.  perhaps you are using .map format

graph: graph/Outgroup.S1.S2.Adm.2way.1.graph


numedge: 9  numancestor: 1
  0 Outgroup
  1 S1
  2 S2
  3 Adm
root label: :Outgroup
outpop: Outgroup
population:   0             Outgroup    2
population:   1                   S1    4
population:   2                   S2    4
population:   3                  Adm    4
before setwt numsnps: 17561  outpop: Outgroup
setwt numsnps: 4697
number of blocks for moving block jackknife: 50
snps: 4697  indivs: 14
lambdascale:     0.725
fst:
        O    S    S    A 
  O     0  274  264  250
  S   274    0  319  183
  S   264  319    0  135
  A   250  183  135    0

f2:
        O    S    S    A 
  O     0  407  391  369
  S   407    0  108   54
  S   391  108    0   40
  A   369   54   40    0

ff3:
        O    S    S    A 
  O     0    0    0    0
  S     0  407  345  361
  S     0  345  391  360
  A     0  361  360  369

ff3sig*10:
        O    S    S    A 
  O     0    0    0    0
  S     0  208  216  211
  S     0  216  213  215
  A     0  211  215  217

starting analysis
number of initial random trials: 100
initmixwts:                      :Adm n009 n006 n008     0.427     0.573 


initial score:     0.000
init  vg:
    0.427 
gslsetup called
gslans:    9     0.000054
    0.425 
final vg:
    0.425 

 final score:        0.000  dof: -4 nominal p-val     1.000000
ff3fit:
        O    S    S    A 
  O     0    0    0    0
  S     0  406  345  361
  S     0  345  391  360
  A     0  361  360  369

ff3diff:
        O    S    S    A 
  O     0    0    0    0
  S     0    0    0    0
  S     0    0    0    0
  A     0    0    0    0

mix:                      :Adm n009 n006 n008     0.425     0.575 

b_n000_n001 b_n000_n003 b_n003_n005 b_n005_n002 b_n005_n006 b_n003_n007 b_n007_n004 b_n007_n008 b_n009_n010 
   0.1725    0.1725    0.0370    0.0245    0.0014    0.0263    0.0198    0.0026    0.0079 


                      fst:       fitted        estim         diff     std. err   Z score 
      Out          S1 f2:     0.406498     0.406644     0.000145     0.020790     0.007 
      Out          S2 f2:     0.391059     0.391202     0.000143     0.021260     0.007 
      Out        Adm  f2:     0.369318     0.369471     0.000153     0.021676     0.007 
        S1         S2 f2:     0.107637     0.107610    -0.000027     0.012887    -0.002 
        S1       Adm  f2:     0.054464     0.054458    -0.000006     0.008469    -0.001 
        S2       Adm  f2:     0.040168     0.040160    -0.000008     0.006327    -0.001 


outliers:
                                                      Fit          Obs         Diff   Std. error         Z 


worst f-stat:       Out          S1       Out          S2      0.344961     0.345118     0.000157     0.021563     0.007 

## end of qpGraph time:     4.710 seconds memory:     9.847 Mbytes
