parameter file: tmp/tmp.par
### THE INPUT PARAMETERS
##PARAMETER NAME: VALUE
DIR: data
genotypename: data/standard_rep84.geno
snpname: data/standard_rep84.snp
indivname: data/standard_rep84.ind
outpop: Outgroup
blgsize: 0.001
diag: .0001
hires: YES
initmix: 1000
precision: .0001
zthresh: 2.0
terse: NO
useallsnps: NO
## qpGraph version: 6450
outpop:  Outgroup
seed: 1593733694
Outgroup
S1
S2
Adm
*** warning: first snp . is number.  perhaps you are using .map format

graph: graph/Outgroup.S1.S2.Adm.2way.1.graph


numedge: 9  numancestor: 1
  0 Outgroup
  1 S1
  2 S2
  3 Adm
root label: :Outgroup
outpop: Outgroup
population:   0             Outgroup    2
population:   1                   S1    4
population:   2                   S2    4
population:   3                  Adm    4
before setwt numsnps: 17904  outpop: Outgroup
setwt numsnps: 4616
number of blocks for moving block jackknife: 50
snps: 4616  indivs: 14
lambdascale:     0.804
fst:
        O    S    S    A 
  O     0  270  269  259
  S   270    0  313  188
  S   269  313    0  145
  A   259  188  145    0

f2:
        O    S    S    A 
  O     0  436  435  420
  S   436    0  100   56
  S   435  100    0   41
  A   420   56   41    0

ff3:
        O    S    S    A 
  O     0    0    0    0
  S     0  436  385  400
  S     0  385  435  407
  A     0  400  407  420

ff3sig*10:
        O    S    S    A 
  O     0    0    0    0
  S     0  243  246  237
  S     0  246  247  237
  A     0  237  237  232

starting analysis
number of initial random trials: 100
initmixwts:                      :Adm n009 n006 n008     0.487     0.513 


initial score:     0.000
init  vg:
    0.487 
gslsetup called
gslans:    9     0.000106
    0.486 
final vg:
    0.486 

 final score:        0.000  dof: -4 nominal p-val     1.000000
ff3fit:
        O    S    S    A 
  O     0    0    0    0
  S     0  436  385  400
  S     0  385  434  407
  A     0  400  407  419

ff3diff:
        O    S    S    A 
  O     0    0    0    0
  S     0    0    0    0
  S     0    0    0    0
  A     0    0    0    0

mix:                      :Adm n009 n006 n008     0.486     0.514 

b_n000_n001 b_n000_n003 b_n003_n005 b_n005_n002 b_n005_n006 b_n003_n007 b_n007_n004 b_n007_n008 b_n009_n010 
   0.1926    0.1926    0.0296    0.0214    0.0034    0.0414    0.0078    0.0038    0.0144 


                      fst:       fitted        estim         diff     std. err   Z score 
      Out          S1 f2:     0.436270     0.436497     0.000227     0.024293     0.009 
      Out          S2 f2:     0.434454     0.434701     0.000247     0.024729     0.010 
      Out        Adm  f2:     0.419379     0.419613     0.000233     0.023246     0.010 
        S1         S2 f2:     0.100252     0.100223    -0.000029     0.014331    -0.002 
        S1       Adm  f2:     0.056396     0.056379    -0.000017     0.008226    -0.002 
        S2       Adm  f2:     0.040781     0.040779    -0.000002     0.005282    -0.000 


outliers:
                                                      Fit          Obs         Diff   Std. error         Z 


worst f-stat:       Out          S1       Out          S2      0.385236     0.385487     0.000251     0.024614     0.010 

## end of qpGraph time:     4.460 seconds memory:    10.043 Mbytes
