parameter file: tmp/tmp.par
### THE INPUT PARAMETERS
##PARAMETER NAME: VALUE
DIR: data
genotypename: data/standard_rep77.geno
snpname: data/standard_rep77.snp
indivname: data/standard_rep77.ind
outpop: Outgroup
blgsize: 0.001
diag: .0001
hires: YES
initmix: 1000
precision: .0001
zthresh: 2.0
terse: NO
useallsnps: NO
## qpGraph version: 6450
outpop:  Outgroup
seed: 1509421115
Outgroup
S1
S2
Adm
*** warning: first snp . is number.  perhaps you are using .map format

graph: graph/Outgroup.S1.S2.Adm.2way.1.graph


numedge: 9  numancestor: 1
  0 Outgroup
  1 S1
  2 S2
  3 Adm
root label: :Outgroup
outpop: Outgroup
population:   0             Outgroup    2
population:   1                   S1    4
population:   2                   S2    4
population:   3                  Adm    4
before setwt numsnps: 17210  outpop: Outgroup
setwt numsnps: 4440
number of blocks for moving block jackknife: 50
snps: 4440  indivs: 14
lambdascale:     0.734
fst:
        O    S    S    A 
  O     0  255  259  253
  S   255    0  298  199
  S   259  298    0  126
  A   253  199  126    0

f2:
        O    S    S    A 
  O     0  365  375  367
  S   365    0   81   50
  S   375   81    0   29
  A   367   50   29    0

ff3:
        O    S    S    A 
  O     0    0    0    0
  S     0  365  329  341
  S     0  329  375  357
  A     0  341  357  367

ff3sig*10:
        O    S    S    A 
  O     0    0    0    0
  S     0  159  158  158
  S     0  158  165  166
  A     0  158  166  164

starting analysis
number of initial random trials: 100
initmixwts:                      :Adm n009 n006 n008     0.385     0.615 


initial score:     0.000
init  vg:
    0.385 
gslsetup called
gslans:   11     0.000110
    0.398 
final vg:
    0.398 

 final score:        0.000  dof: -4 nominal p-val     1.000000
ff3fit:
        O    S    S    A 
  O     0    0    0    0
  S     0  365  329  341
  S     0  329  375  357
  A     0  341  357  367

ff3diff:
        O    S    S    A 
  O     0    0    0    0
  S     0    0    0    0
  S     0    0    0    0
  A     0    0    0    0

mix:                      :Adm n009 n006 n008     0.398     0.602 

b_n000_n001 b_n000_n003 b_n003_n005 b_n005_n002 b_n005_n006 b_n003_n007 b_n007_n004 b_n007_n008 b_n009_n010 
   0.1646    0.1646    0.0295    0.0064    0.0023    0.0455    0.0000    0.0053    0.0145 


                      fst:       fitted        estim         diff     std. err   Z score 
      Out          S1 f2:     0.365141     0.365301     0.000160     0.015908     0.010 
      Out          S2 f2:     0.374740     0.374903     0.000163     0.016460     0.010 
      Out        Adm  f2:     0.367189     0.367358     0.000169     0.016442     0.010 
        S1         S2 f2:     0.081403     0.081404     0.000001     0.009582     0.000 
        S1       Adm  f2:     0.050408     0.050412     0.000003     0.007104     0.000 
        S2       Adm  f2:     0.028688     0.028677    -0.000010     0.004536    -0.002 


outliers:
                                                      Fit          Obs         Diff   Std. error         Z 


worst f-stat:       Out          S2       Out        Adm       0.356621     0.356792     0.000171     0.016566     0.010 

## end of qpGraph time:     4.610 seconds memory:     9.650 Mbytes
