parameter file: tmp/tmp.par
### THE INPUT PARAMETERS
##PARAMETER NAME: VALUE
DIR: data
genotypename: data/standard_rep19.geno
snpname: data/standard_rep19.snp
indivname: data/standard_rep19.ind
outpop: Outgroup
blgsize: 0.001
diag: .0001
hires: YES
initmix: 1000
precision: .0001
zthresh: 2.0
terse: NO
useallsnps: NO
## qpGraph version: 6450
outpop:  Outgroup
seed: 1193205650
Outgroup
S1
S2
Adm
*** warning: first snp . is number.  perhaps you are using .map format

graph: graph/Outgroup.S1.S2.Adm.2way.1.graph


numedge: 9  numancestor: 1
  0 Outgroup
  1 S1
  2 S2
  3 Adm
root label: :Outgroup
outpop: Outgroup
population:   0             Outgroup    2
population:   1                   S1    4
population:   2                   S2    4
population:   3                  Adm    4
before setwt numsnps: 17312  outpop: Outgroup
setwt numsnps: 4421
number of blocks for moving block jackknife: 50
snps: 4421  indivs: 14
lambdascale:     0.661
fst:
        O    S    S    A 
  O     0  274  276  265
  S   274    0  282  171
  S   276  282    0  116
  A   265  171  116    0

f2:
        O    S    S    A 
  O     0  369  372  358
  S   369    0   71   40
  S   372   71    0   24
  A   358   40   24    0

ff3:
        O    S    S    A 
  O     0    0    0    0
  S     0  369  335  343
  S     0  335  372  353
  A     0  343  353  358

ff3sig*10:
        O    S    S    A 
  O     0    0    0    0
  S     0  191  180  171
  S     0  180  165  169
  A     0  171  169  163

starting analysis
number of initial random trials: 100
initmixwts:                      :Adm n009 n006 n008     0.487     0.513 


initial score:     0.000
init  vg:
    0.487 
gslsetup called
gslans:    9     0.000171
    0.480 
final vg:
    0.480 

 final score:        0.000  dof: -4 nominal p-val     1.000000
ff3fit:
        O    S    S    A 
  O     0    0    0    0
  S     0  369  335  343
  S     0  335  372  353
  A     0  343  353  358

ff3diff:
        O    S    S    A 
  O     0    0    0    0
  S     0    0    0    0
  S     0    0    0    0
  A     0    0    0    0

mix:                      :Adm n009 n006 n008     0.480     0.520 

b_n000_n001 b_n000_n003 b_n003_n005 b_n005_n002 b_n005_n006 b_n003_n007 b_n007_n004 b_n007_n008 b_n009_n010 
   0.1675    0.1675    0.0171    0.0166    0.0020    0.0342    0.0027    0.0023    0.0087 


                      fst:       fitted        estim         diff     std. err   Z score 
      Out          S1 f2:     0.368768     0.369008     0.000240     0.019124     0.013 
      Out          S2 f2:     0.372001     0.372209     0.000208     0.016549     0.013 
      Out        Adm  f2:     0.358019     0.358223     0.000204     0.016310     0.012 
        S1         S2 f2:     0.070615     0.070597    -0.000018     0.010821    -0.002 
        S1       Adm  f2:     0.040251     0.040255     0.000004     0.006522     0.001 
        S2       Adm  f2:     0.024288     0.024264    -0.000024     0.004695    -0.005 


outliers:
                                                      Fit          Obs         Diff   Std. error         Z 


worst f-stat:       Out          S1       Out          S2      0.335077     0.335310     0.000233     0.017959     0.013 

## end of qpGraph time:     4.520 seconds memory:     9.802 Mbytes
