parameter file: tmp/tmp.par
### THE INPUT PARAMETERS
##PARAMETER NAME: VALUE
DIR: data
genotypename: data/standard_rep28.geno
snpname: data/standard_rep28.snp
indivname: data/standard_rep28.ind
outpop: Outgroup
blgsize: 0.001
diag: .0001
hires: YES
initmix: 1000
precision: .0001
zthresh: 2.0
terse: NO
useallsnps: NO
## qpGraph version: 6450
outpop:  Outgroup
seed: 1156604473
Outgroup
S1
S2
Adm
*** warning: first snp . is number.  perhaps you are using .map format

graph: graph/Outgroup.S1.S2.Adm.2way.1.graph


numedge: 9  numancestor: 1
  0 Outgroup
  1 S1
  2 S2
  3 Adm
root label: :Outgroup
outpop: Outgroup
population:   0             Outgroup    2
population:   1                   S1    4
population:   2                   S2    4
population:   3                  Adm    4
before setwt numsnps: 17390  outpop: Outgroup
setwt numsnps: 4430
number of blocks for moving block jackknife: 50
snps: 4430  indivs: 14
lambdascale:     0.728
fst:
        O    S    S    A 
  O     0  270  264  252
  S   270    0  283  205
  S   264  283    0  125
  A   252  205  125    0

f2:
        O    S    S    A 
  O     0  392  388  369
  S   392    0   81   56
  S   388   81    0   34
  A   369   56   34    0

ff3:
        O    S    S    A 
  O     0    0    0    0
  S     0  392  349  352
  S     0  349  388  361
  A     0  352  361  369

ff3sig*10:
        O    S    S    A 
  O     0    0    0    0
  S     0  165  169  152
  S     0  169  167  159
  A     0  152  159  150

starting analysis
number of initial random trials: 100
initmixwts:                      :Adm n009 n006 n008     0.541     0.459 


initial score:     0.000
init  vg:
    0.541 
gslsetup called
gslans:    9     0.000120
    0.526 
final vg:
    0.526 

 final score:        0.000  dof: -4 nominal p-val     1.000000
ff3fit:
        O    S    S    A 
  O     0    0    0    0
  S     0  392  349  352
  S     0  349  388  361
  A     0  352  361  369

ff3diff:
        O    S    S    A 
  O     0    0    0    0
  S     0    0    0    0
  S     0    0    0    0
  A     0    0    0    0

mix:                      :Adm n009 n006 n008     0.526     0.474 

b_n000_n001 b_n000_n003 b_n003_n005 b_n005_n002 b_n005_n006 b_n003_n007 b_n007_n004 b_n007_n008 b_n009_n010 
   0.1746    0.1746    0.0057    0.0367    0.0030    0.0250    0.0134    0.0024    0.0108 


                      fst:       fitted        estim         diff     std. err   Z score 
      Out          S1 f2:     0.391645     0.391813     0.000168     0.016506     0.010 
      Out          S2 f2:     0.387615     0.387787     0.000173     0.016671     0.010 
      Out        Adm  f2:     0.368613     0.368755     0.000142     0.014970     0.009 
        S1         S2 f2:     0.080776     0.080749    -0.000028     0.008296    -0.003 
        S1       Adm  f2:     0.055809     0.055815     0.000006     0.006693     0.001 
        S2       Adm  f2:     0.034033     0.034024    -0.000009     0.005164    -0.002 


outliers:
                                                      Fit          Obs         Diff   Std. error         Z 


worst f-stat:       Out          S1       Out          S2      0.349242     0.349426     0.000184     0.016922     0.011 

## end of qpGraph time:     4.470 seconds memory:     9.818 Mbytes
