parameter file: tmp/tmp.par
### THE INPUT PARAMETERS
##PARAMETER NAME: VALUE
DIR: data
genotypename: data/standard_rep93.geno
snpname: data/standard_rep93.snp
indivname: data/standard_rep93.ind
outpop: Outgroup
blgsize: 0.001
diag: .0001
hires: YES
initmix: 1000
precision: .0001
zthresh: 2.0
terse: NO
useallsnps: NO
## qpGraph version: 6450
outpop:  Outgroup
seed: -1573391157
Outgroup
S1
S2
Adm
*** warning: first snp . is number.  perhaps you are using .map format

graph: graph/Outgroup.S1.S2.Adm.2way.1.graph


numedge: 9  numancestor: 1
  0 Outgroup
  1 S1
  2 S2
  3 Adm
root label: :Outgroup
outpop: Outgroup
population:   0             Outgroup    2
population:   1                   S1    4
population:   2                   S2    4
population:   3                  Adm    4
before setwt numsnps: 17954  outpop: Outgroup
setwt numsnps: 4780
number of blocks for moving block jackknife: 50
snps: 4780  indivs: 14
lambdascale:     0.721
fst:
        O    S    S    A 
  O     0  267  269  260
  S   267    0  280  187
  S   269  280    0  189
  A   260  187  189    0

f2:
        O    S    S    A 
  O     0  390  389  375
  S   390    0   77   49
  S   389   77    0   46
  A   375   49   46    0

ff3:
        O    S    S    A 
  O     0    0    0    0
  S     0  390  351  358
  S     0  351  389  359
  A     0  358  359  375

ff3sig*10:
        O    S    S    A 
  O     0    0    0    0
  S     0  170  179  170
  S     0  179  186  182
  A     0  170  182  179

starting analysis
number of initial random trials: 100
initmixwts:                      :Adm n009 n006 n008     0.495     0.505 


initial score:     0.000
init  vg:
    0.495 
gslsetup called
gslans:    9     0.000081
    0.491 
final vg:
    0.491 

 final score:        0.000  dof: -4 nominal p-val     1.000000
ff3fit:
        O    S    S    A 
  O     0    0    0    0
  S     0  390  351  358
  S     0  351  388  359
  A     0  358  359  375

ff3diff:
        O    S    S    A 
  O     0    0    0    0
  S     0    0    0    0
  S     0    0    0    0
  A     0    0    0    0

mix:                      :Adm n009 n006 n008     0.491     0.509 

b_n000_n001 b_n000_n003 b_n003_n005 b_n005_n002 b_n005_n006 b_n003_n007 b_n007_n004 b_n007_n008 b_n009_n010 
   0.1753    0.1753    0.0154    0.0238    0.0036    0.0157    0.0222    0.0038    0.0149 


                      fst:       fitted        estim         diff     std. err   Z score 
      Out          S1 f2:     0.389711     0.389844     0.000132     0.016973     0.008 
      Out          S2 f2:     0.388488     0.388647     0.000159     0.018621     0.009 
      Out        Adm  f2:     0.375074     0.375219     0.000145     0.017916     0.008 
        S1         S2 f2:     0.077082     0.077053    -0.000029     0.010283    -0.003 
        S1       Adm  f2:     0.048541     0.048536    -0.000004     0.005970    -0.001 
        S2       Adm  f2:     0.046464     0.046454    -0.000010     0.008232    -0.001 


outliers:
                                                      Fit          Obs         Diff   Std. error         Z 


worst f-stat:       Out          S1       Out          S2      0.350559     0.350719     0.000161     0.017898     0.009 

## end of qpGraph time:     4.520 seconds memory:    10.187 Mbytes
