parameter file: tmp/tmp.par
### THE INPUT PARAMETERS
##PARAMETER NAME: VALUE
DIR: data
genotypename: data/standard_rep54.geno
snpname: data/standard_rep54.snp
indivname: data/standard_rep54.ind
outpop: Outgroup
blgsize: 0.001
diag: .0001
hires: YES
initmix: 1000
precision: .0001
zthresh: 2.0
terse: NO
useallsnps: NO
## qpGraph version: 6450
outpop:  Outgroup
seed: 1387030961
Outgroup
S1
S2
Adm
*** warning: first snp . is number.  perhaps you are using .map format

graph: graph/Outgroup.S1.S2.Adm.2way.1.graph


numedge: 9  numancestor: 1
  0 Outgroup
  1 S1
  2 S2
  3 Adm
root label: :Outgroup
outpop: Outgroup
population:   0             Outgroup    2
population:   1                   S1    4
population:   2                   S2    4
population:   3                  Adm    4
before setwt numsnps: 16983  outpop: Outgroup
setwt numsnps: 4460
number of blocks for moving block jackknife: 50
snps: 4460  indivs: 14
lambdascale:     0.829
fst:
        O    S    S    A 
  O     0  257  259  244
  S   257    0  307  217
  S   259  307    0  136
  A   244  217  136    0

f2:
        O    S    S    A 
  O     0  422  420  397
  S   422    0   97   69
  S   420   97    0   37
  A   397   69   37    0

ff3:
        O    S    S    A 
  O     0    0    0    0
  S     0  422  372  375
  S     0  372  420  390
  A     0  375  390  397

ff3sig*10:
        O    S    S    A 
  O     0    0    0    0
  S     0  269  256  253
  S     0  256  240  250
  A     0  253  250  244

starting analysis
number of initial random trials: 100
initmixwts:                      :Adm n009 n006 n008     0.442     0.558 


initial score:     0.000
init  vg:
    0.442 
gslsetup called
gslans:    9     0.000079
    0.446 
final vg:
    0.446 

 final score:        0.000  dof: -4 nominal p-val     1.000000
ff3fit:
        O    S    S    A 
  O     0    0    0    0
  S     0  422  372  375
  S     0  372  419  390
  A     0  375  390  397

ff3diff:
        O    S    S    A 
  O     0    0    0    0
  S     0    0    0    0
  S     0    0    0    0
  A     0    0    0    0

mix:                      :Adm n009 n006 n008     0.446     0.554 

b_n000_n001 b_n000_n003 b_n003_n005 b_n005_n002 b_n005_n006 b_n003_n007 b_n007_n004 b_n007_n008 b_n009_n010 
   0.1861    0.1861    0.0064    0.0432    0.0025    0.0315    0.0158    0.0038    0.0125 


                      fst:       fitted        estim         diff     std. err   Z score 
      Out          S1 f2:     0.421721     0.421944     0.000224     0.026897     0.008 
      Out          S2 f2:     0.419442     0.419642     0.000200     0.023955     0.008 
      Out        Adm  f2:     0.397257     0.397464     0.000207     0.024394     0.008 
        S1         S2 f2:     0.096861     0.096830    -0.000031     0.012106    -0.003 
        S1       Adm  f2:     0.068985     0.068981    -0.000004     0.009553    -0.000 
        S2       Adm  f2:     0.037501     0.037484    -0.000018     0.007522    -0.002 


outliers:
                                                      Fit          Obs         Diff   Std. error         Z 


worst f-stat:       Out          S1       Out          S2      0.372151     0.372378     0.000227     0.025637     0.009 

## end of qpGraph time:     4.110 seconds memory:     9.609 Mbytes
