parameter file: tmp/tmp.par
### THE INPUT PARAMETERS
##PARAMETER NAME: VALUE
DIR: data
genotypename: data/standard_rep36.geno
snpname: data/standard_rep36.snp
indivname: data/standard_rep36.ind
outpop: Outgroup
blgsize: 0.001
diag: .0001
hires: YES
initmix: 1000
precision: .0001
zthresh: 2.0
terse: NO
useallsnps: NO
## qpGraph version: 6450
outpop:  Outgroup
seed: 1234232488
Outgroup
S1
S2
Adm
*** warning: first snp . is number.  perhaps you are using .map format

graph: graph/Outgroup.S1.S2.Adm.2way.1.graph


numedge: 9  numancestor: 1
  0 Outgroup
  1 S1
  2 S2
  3 Adm
root label: :Outgroup
outpop: Outgroup
population:   0             Outgroup    2
population:   1                   S1    4
population:   2                   S2    4
population:   3                  Adm    4
before setwt numsnps: 17388  outpop: Outgroup
setwt numsnps: 4440
number of blocks for moving block jackknife: 50
snps: 4440  indivs: 14
lambdascale:     0.768
fst:
        O    S    S    A 
  O     0  260  268  255
  S   260    0  287  220
  S   268  287    0  156
  A   255  220  156    0

f2:
        O    S    S    A 
  O     0  397  407  389
  S   397    0   79   61
  S   407   79    0   38
  A   389   61   38    0

ff3:
        O    S    S    A 
  O     0    0    0    0
  S     0  397  362  363
  S     0  362  407  379
  A     0  363  379  389

ff3sig*10:
        O    S    S    A 
  O     0    0    0    0
  S     0  221  219  199
  S     0  219  210  205
  A     0  199  205  215

starting analysis
number of initial random trials: 100
initmixwts:                      :Adm n009 n006 n008     0.500     0.500 


initial score:     0.000
init  vg:
    0.500 
gslsetup called
gslans:    9     0.000053
    0.498 
final vg:
    0.498 

 final score:        0.000  dof: -4 nominal p-val     1.000000
ff3fit:
        O    S    S    A 
  O     0    0    0    0
  S     0  397  362  362
  S     0  362  407  378
  A     0  362  378  389

ff3diff:
        O    S    S    A 
  O     0    0    0    0
  S     0    0    0    0
  S     0    0    0    0
  A     0    0    0    0

mix:                      :Adm n009 n006 n008     0.498     0.502 

b_n000_n001 b_n000_n003 b_n003_n005 b_n005_n002 b_n005_n006 b_n003_n007 b_n007_n004 b_n007_n008 b_n009_n010 
   0.1811    0.1811    0.0003    0.0345    0.0040    0.0321    0.0122    0.0041    0.0161 


                      fst:       fitted        estim         diff     std. err   Z score 
      Out          S1 f2:     0.396997     0.397147     0.000151     0.022116     0.007 
      Out          S2 f2:     0.406596     0.406744     0.000148     0.021046     0.007 
      Out        Adm  f2:     0.388503     0.388649     0.000146     0.021547     0.007 
        S1         S2 f2:     0.079111     0.079091    -0.000020     0.010398    -0.002 
        S1       Adm  f2:     0.060727     0.060744     0.000016     0.010340     0.002 
        S2       Adm  f2:     0.038378     0.038379     0.000001     0.006498     0.000 


outliers:
                                                      Fit          Obs         Diff   Std. error         Z 


worst f-stat:       Out          S1       Out          S2      0.362241     0.362400     0.000159     0.021921     0.007 

## end of qpGraph time:     4.390 seconds memory:     9.818 Mbytes
