parameter file: tmp/tmp.par
### THE INPUT PARAMETERS
##PARAMETER NAME: VALUE
DIR: data
genotypename: data/standard_rep4.geno
snpname: data/standard_rep4.snp
indivname: data/standard_rep4.ind
outpop: Outgroup
blgsize: 0.001
diag: .0001
hires: YES
initmix: 1000
precision: .0001
zthresh: 2.0
terse: NO
useallsnps: NO
## qpGraph version: 6450
outpop:  Outgroup
seed: 2100615981
Outgroup
S1
S2
Adm
*** warning: first snp . is number.  perhaps you are using .map format

graph: graph/Outgroup.S1.S2.Adm.2way.1.graph


numedge: 9  numancestor: 1
  0 Outgroup
  1 S1
  2 S2
  3 Adm
root label: :Outgroup
outpop: Outgroup
population:   0             Outgroup    2
population:   1                   S1    4
population:   2                   S2    4
population:   3                  Adm    4
before setwt numsnps: 17863  outpop: Outgroup
setwt numsnps: 5034
number of blocks for moving block jackknife: 50
snps: 5034  indivs: 14
lambdascale:     0.773
fst:
        O    S    S    A 
  O     0  269  267  271
  S   269    0  247  245
  S   267  247    0  144
  A   271  245  144    0

f2:
        O    S    S    A 
  O     0  426  428  434
  S   426    0   84   83
  S   428   84    0   44
  A   434   83   44    0

ff3:
        O    S    S    A 
  O     0    0    0    0
  S     0  426  385  388
  S     0  385  428  409
  A     0  388  409  434

ff3sig*10:
        O    S    S    A 
  O     0    0    0    0
  S     0  207  227  221
  S     0  227  253  240
  A     0  221  240  228

starting analysis
number of initial random trials: 100
initmixwts:                      :Adm n009 n006 n008     0.437     0.563 


initial score:     0.000
init  vg:
    0.437 
gslsetup called
gslans:   11     0.000063
    0.443 
final vg:
    0.443 

 final score:        0.000  dof: -4 nominal p-val     1.000000
ff3fit:
        O    S    S    A 
  O     0    0    0    0
  S     0  425  385  388
  S     0  385  428  409
  A     0  388  409  434

ff3diff:
        O    S    S    A 
  O     0    0    0    0
  S     0    0    0    0
  S     0    0    0    0
  A     0    0    0    0

mix:                      :Adm n009 n006 n008     0.443     0.557 

b_n000_n001 b_n000_n003 b_n003_n005 b_n005_n002 b_n005_n006 b_n003_n007 b_n007_n004 b_n007_n008 b_n009_n010 
   0.1924    0.1924    0.0080    0.0327    0.0059    0.0429    0.0000    0.0093    0.0300 


                      fst:       fitted        estim         diff     std. err   Z score 
      Out          S1 f2:     0.425460     0.425611     0.000151     0.020731     0.007 
      Out          S2 f2:     0.427644     0.427837     0.000193     0.025258     0.008 
      Out        Adm  f2:     0.433700     0.433867     0.000167     0.022756     0.007 
        S1         S2 f2:     0.083627     0.083615    -0.000012     0.009367    -0.001 
        S1       Adm  f2:     0.082568     0.082552    -0.000016     0.009376    -0.002 
        S2       Adm  f2:     0.044110     0.044101    -0.000009     0.006954    -0.001 


outliers:
                                                      Fit          Obs         Diff   Std. error         Z 


worst f-stat:       Out          S1       Out          S2      0.384739     0.384917     0.000178     0.022716     0.008 

## end of qpGraph time:     4.500 seconds memory:    10.035 Mbytes
