vertex         n000         0
vertex         n001         0
vertex         n003         0
vertex         n005         0
vertex         n007         0
vertex         n002         0
vertex         n004         0
vertex         n006         0
vertex         n008         0
vertex         n009         0
vertex         n010         0
label         n001             Outgroup     2
label         n002                   S1     4
label         n004                   S2     4
label         n010                  Adm     4
ledge  b_n000_n001         n000         n001     0.157231
redge  b_n000_n003         n000         n003     0.157231
ledge  b_n003_n005         n003         n005     0.011492
redge  b_n003_n007         n003         n007     0.030485
ledge  b_n005_n002         n005         n002     0.017323
redge  b_n005_n006         n005         n006     0.002458
ledge  b_n007_n004         n007         n004     0.013816
redge  b_n007_n008         n007         n008     0.003735
ledge  b_n009_n010         n009         n010     0.012253
admix         n009        n006       n008      0.447865     0.552135
