parameter file: tmp/tmp.par
### THE INPUT PARAMETERS
##PARAMETER NAME: VALUE
DIR: data
genotypename: data/standard_rep47.geno
snpname: data/standard_rep47.snp
indivname: data/standard_rep47.ind
outpop: Outgroup
blgsize: 0.001
diag: .0001
hires: YES
initmix: 1000
precision: .0001
zthresh: 2.0
terse: NO
useallsnps: NO
## qpGraph version: 6450
outpop:  Outgroup
seed: 1276831671
Outgroup
S1
S2
Adm
*** warning: first snp . is number.  perhaps you are using .map format

graph: graph/Outgroup.S1.S2.Adm.2way.1.graph


numedge: 9  numancestor: 1
  0 Outgroup
  1 S1
  2 S2
  3 Adm
root label: :Outgroup
outpop: Outgroup
population:   0             Outgroup    2
population:   1                   S1    4
population:   2                   S2    4
population:   3                  Adm    4
before setwt numsnps: 17553  outpop: Outgroup
setwt numsnps: 4526
number of blocks for moving block jackknife: 50
snps: 4526  indivs: 14
lambdascale:     0.657
fst:
        O    S    S    A 
  O     0  271  277  256
  S   271    0  272  167
  S   277  272    0  123
  A   256  167  123    0

f2:
        O    S    S    A 
  O     0  354  366  338
  S   354    0   59   36
  S   366   59    0   25
  A   338   36   25    0

ff3:
        O    S    S    A 
  O     0    0    0    0
  S     0  354  331  328
  S     0  331  366  340
  A     0  328  340  338

ff3sig*10:
        O    S    S    A 
  O     0    0    0    0
  S     0  136  140  151
  S     0  140  154  156
  A     0  151  156  164

starting analysis
number of initial random trials: 100
initmixwts:                      :Adm n009 n006 n008     0.484     0.516 


initial score:     0.385
init  vg:
    0.484 
gslsetup called
gslans:    9     0.385485
    0.488 
final vg:
    0.488 

 final score:        0.385  dof: -4 nominal p-val     1.000000
ff3fit:
        O    S    S    A 
  O     0    0    0    0
  S     0  356  332  332
  S     0  332  368  342
  A     0  332  342  342

ff3diff:
        O    S    S    A 
  O     0    0    0    0
  S     0    2    1    4
  S     0    1    2    2
  A     0    4    2    3

mix:                      :Adm n009 n006 n008     0.488     0.512 

b_n000_n001 b_n000_n003 b_n003_n005 b_n005_n002 b_n005_n006 b_n003_n007 b_n007_n004 b_n007_n008 b_n009_n010 
   0.1660    0.1660    0.0000    0.0245    0.0009    0.0201    0.0160    0.0010    0.0039 


                      fst:       fitted        estim         diff     std. err   Z score 
      Out          S1 f2:     0.356471     0.354234    -0.002237     0.013617    -0.164 
      Out          S2 f2:     0.368048     0.366381    -0.001667     0.015374    -0.108 
      Out        Adm  f2:     0.341640     0.338276    -0.003365     0.016356    -0.206 
        S1         S2 f2:     0.060516     0.058947    -0.001569     0.008797    -0.178 
        S1       Adm  f2:     0.034108     0.035655     0.001548     0.006146     0.252 
        S2       Adm  f2:     0.025116     0.025009    -0.000107     0.004619    -0.023 


outliers:
                                                      Fit          Obs         Diff   Std. error         Z 


worst f-stat:       Out          S1         S2       Adm       0.000000    -0.002407    -0.002407     0.003874    -0.621 

## end of qpGraph time:     4.460 seconds memory:     9.847 Mbytes
