parameter file: tmp/tmp.par
### THE INPUT PARAMETERS
##PARAMETER NAME: VALUE
DIR: data
genotypename: data/standard_rep49.geno
snpname: data/standard_rep49.snp
indivname: data/standard_rep49.ind
outpop: Outgroup
blgsize: 0.001
diag: .0001
hires: YES
initmix: 1000
precision: .0001
zthresh: 2.0
terse: NO
useallsnps: NO
## qpGraph version: 6450
outpop:  Outgroup
seed: 1290627136
Outgroup
S1
S2
Adm
*** warning: first snp . is number.  perhaps you are using .map format

graph: graph/Outgroup.S1.S2.Adm.2way.1.graph


numedge: 9  numancestor: 1
  0 Outgroup
  1 S1
  2 S2
  3 Adm
root label: :Outgroup
outpop: Outgroup
population:   0             Outgroup    2
population:   1                   S1    4
population:   2                   S2    4
population:   3                  Adm    4
before setwt numsnps: 17165  outpop: Outgroup
setwt numsnps: 4517
number of blocks for moving block jackknife: 50
snps: 4517  indivs: 14
lambdascale:     0.642
fst:
        O    S    S    A 
  O     0  269  268  252
  S   269    0  332  192
  S   268  332    0  117
  A   252  192  117    0

f2:
        O    S    S    A 
  O     0  346  346  323
  S   346    0   85   46
  S   346   85    0   25
  A   323   46   25    0

ff3:
        O    S    S    A 
  O     0    0    0    0
  S     0  346  303  312
  S     0  303  346  322
  A     0  312  322  323

ff3sig*10:
        O    S    S    A 
  O     0    0    0    0
  S     0  158  142  135
  S     0  142  155  139
  A     0  135  139  125

starting analysis
number of initial random trials: 100
initmixwts:                      :Adm n009 n006 n008     0.454     0.546 


initial score:     0.000
init  vg:
    0.454 
gslsetup called
gslans:    9     0.000055
    0.451 
final vg:
    0.451 

 final score:        0.000  dof: -4 nominal p-val     1.000000
ff3fit:
        O    S    S    A 
  O     0    0    0    0
  S     0  346  303  312
  S     0  303  346  322
  A     0  312  322  323

ff3diff:
        O    S    S    A 
  O     0    0    0    0
  S     0    0    0    0
  S     0    0    0    0
  A     0    0    0    0

mix:                      :Adm n009 n006 n008     0.451     0.549 

b_n000_n001 b_n000_n003 b_n003_n005 b_n005_n002 b_n005_n006 b_n003_n007 b_n007_n004 b_n007_n008 b_n009_n010 
   0.1517    0.1517    0.0190    0.0237    0.0011    0.0334    0.0088    0.0016    0.0053 


                      fst:       fitted        estim         diff     std. err   Z score 
      Out          S1 f2:     0.346123     0.346233     0.000110     0.015840     0.007 
      Out          S2 f2:     0.345603     0.345712     0.000108     0.015507     0.007 
      Out        Adm  f2:     0.323308     0.323393     0.000086     0.012538     0.007 
        S1         S2 f2:     0.084960     0.084971     0.000011     0.011364     0.001 
        S1       Adm  f2:     0.045503     0.045508     0.000005     0.008112     0.001 
        S2       Adm  f2:     0.025419     0.025414    -0.000005     0.004763    -0.001 


outliers:
                                                      Fit          Obs         Diff   Std. error         Z 


worst f-stat:       Out          S1       Out          S2      0.303383     0.303487     0.000104     0.014226     0.007 

## end of qpGraph time:     4.530 seconds memory:     9.642 Mbytes
