parameter file: tmp/tmp.par
### THE INPUT PARAMETERS
##PARAMETER NAME: VALUE
DIR: data
genotypename: data/standard_rep38.geno
snpname: data/standard_rep38.snp
indivname: data/standard_rep38.ind
outpop: Outgroup
blgsize: 0.001
diag: .0001
hires: YES
initmix: 1000
precision: .0001
zthresh: 2.0
terse: NO
useallsnps: NO
## qpGraph version: 6450
outpop:  Outgroup
seed: 1215194421
Outgroup
S1
S2
Adm
*** warning: first snp . is number.  perhaps you are using .map format

graph: graph/Outgroup.S1.S2.Adm.2way.1.graph


numedge: 9  numancestor: 1
  0 Outgroup
  1 S1
  2 S2
  3 Adm
root label: :Outgroup
outpop: Outgroup
population:   0             Outgroup    2
population:   1                   S1    4
population:   2                   S2    4
population:   3                  Adm    4
before setwt numsnps: 17335  outpop: Outgroup
setwt numsnps: 4566
number of blocks for moving block jackknife: 50
snps: 4566  indivs: 14
lambdascale:     0.703
fst:
        O    S    S    A 
  O     0  254  252  246
  S   254    0  302  214
  S   252  302    0  130
  A   246  214  130    0

f2:
        O    S    S    A 
  O     0  354  346  341
  S   354    0   86   58
  S   346   86    0   30
  A   341   58   30    0

ff3:
        O    S    S    A 
  O     0    0    0    0
  S     0  354  307  318
  S     0  307  346  328
  A     0  318  328  341

ff3sig*10:
        O    S    S    A 
  O     0    0    0    0
  S     0  170  170  174
  S     0  170  164  164
  A     0  174  164  172

starting analysis
number of initial random trials: 100
initmixwts:                      :Adm n009 n006 n008     0.458     0.542 


initial score:     0.000
init  vg:
    0.458 
gslsetup called
gslans:   11     0.000042
    0.462 
final vg:
    0.462 

 final score:        0.000  dof: -4 nominal p-val     1.000000
ff3fit:
        O    S    S    A 
  O     0    0    0    0
  S     0  354  307  318
  S     0  307  346  328
  A     0  318  328  340

ff3diff:
        O    S    S    A 
  O     0    0    0    0
  S     0    0    0    0
  S     0    0    0    0
  A     0    0    0    0

mix:                      :Adm n009 n006 n008     0.462     0.538 

b_n000_n001 b_n000_n003 b_n003_n005 b_n005_n002 b_n005_n006 b_n003_n007 b_n007_n004 b_n007_n008 b_n009_n010 
   0.1536    0.1536    0.0240    0.0226    0.0032    0.0390    0.0000    0.0043    0.0150 


                      fst:       fitted        estim         diff     std. err   Z score 
      Out          S1 f2:     0.353742     0.353844     0.000102     0.017024     0.006 
      Out          S2 f2:     0.346142     0.346243     0.000101     0.016409     0.006 
      Out        Adm  f2:     0.340438     0.340546     0.000108     0.017191     0.006 
        S1         S2 f2:     0.085654     0.085641    -0.000013     0.011348    -0.001 
        S1       Adm  f2:     0.057720     0.057710    -0.000010     0.008992    -0.001 
        S2       Adm  f2:     0.030413     0.030411    -0.000002     0.005626    -0.000 


outliers:
                                                      Fit          Obs         Diff   Std. error         Z 


worst f-stat:       Out          S2       Out        Adm       0.328083     0.328189     0.000106     0.016449     0.006 

## end of qpGraph time:     4.540 seconds memory:     9.806 Mbytes
