parameter file: tmp/tmp.par
### THE INPUT PARAMETERS
##PARAMETER NAME: VALUE
DIR: data
genotypename: data/standard_rep78.geno
snpname: data/standard_rep78.snp
indivname: data/standard_rep78.ind
outpop: Outgroup
blgsize: 0.001
diag: .0001
hires: YES
initmix: 1000
precision: .0001
zthresh: 2.0
terse: NO
useallsnps: NO
## qpGraph version: 6450
outpop:  Outgroup
seed: 1477111953
Outgroup
S1
S2
Adm
*** warning: first snp . is number.  perhaps you are using .map format

graph: graph/Outgroup.S1.S2.Adm.2way.1.graph


numedge: 9  numancestor: 1
  0 Outgroup
  1 S1
  2 S2
  3 Adm
root label: :Outgroup
outpop: Outgroup
population:   0             Outgroup    2
population:   1                   S1    4
population:   2                   S2    4
population:   3                  Adm    4
before setwt numsnps: 17644  outpop: Outgroup
setwt numsnps: 4733
number of blocks for moving block jackknife: 50
snps: 4733  indivs: 14
lambdascale:     0.733
fst:
        O    S    S    A 
  O     0  249  257  247
  S   249    0  266  171
  S   257  266    0  137
  A   247  171  137    0

f2:
        O    S    S    A 
  O     0  359  373  357
  S   359    0   76   46
  S   373   76    0   35
  A   357   46   35    0

ff3:
        O    S    S    A 
  O     0    0    0    0
  S     0  359  328  335
  S     0  328  373  347
  A     0  335  347  357

ff3sig*10:
        O    S    S    A 
  O     0    0    0    0
  S     0  212  212  218
  S     0  212  192  203
  A     0  218  203  220

starting analysis
number of initial random trials: 100
initmixwts:                      :Adm n009 n006 n008     0.547     0.453 


initial score:     0.000
init  vg:
    0.547 
gslsetup called
gslans:    9     0.000058
    0.547 
final vg:
    0.547 

 final score:        0.000  dof: -4 nominal p-val     1.000000
ff3fit:
        O    S    S    A 
  O     0    0    0    0
  S     0  359  328  335
  S     0  328  373  347
  A     0  335  347  356

ff3diff:
        O    S    S    A 
  O     0    0    0    0
  S     0    0    0    0
  S     0    0    0    0
  A     0    0    0    0

mix:                      :Adm n009 n006 n008     0.547     0.453 

b_n000_n001 b_n000_n003 b_n003_n005 b_n005_n002 b_n005_n006 b_n003_n007 b_n007_n004 b_n007_n008 b_n009_n010 
   0.1640    0.1640    0.0125    0.0189    0.0042    0.0425    0.0022    0.0029    0.0142 


                      fst:       fitted        estim         diff     std. err   Z score 
      Out          S1 f2:     0.359289     0.359443     0.000154     0.021224     0.007 
      Out          S2 f2:     0.372603     0.372742     0.000139     0.019204     0.007 
      Out        Adm  f2:     0.356357     0.356519     0.000162     0.021973     0.007 
        S1         S2 f2:     0.076080     0.076054    -0.000027     0.011510    -0.002 
        S1       Adm  f2:     0.046204     0.046194    -0.000010     0.006875    -0.001 
        S2       Adm  f2:     0.034691     0.034685    -0.000006     0.008001    -0.001 


outliers:
                                                      Fit          Obs         Diff   Std. error         Z 


worst f-stat:       Out          S2       Out        Adm       0.347134     0.347288     0.000154     0.020280     0.008 

## end of qpGraph time:     4.420 seconds memory:     9.998 Mbytes
