parameter file: tmp/tmp.par
### THE INPUT PARAMETERS
##PARAMETER NAME: VALUE
DIR: data
genotypename: data/standard_rep12.geno
snpname: data/standard_rep12.snp
indivname: data/standard_rep12.ind
outpop: Outgroup
blgsize: 0.001
diag: .0001
hires: YES
initmix: 1000
precision: .0001
zthresh: 2.0
terse: NO
useallsnps: NO
## qpGraph version: 6450
outpop:  Outgroup
seed: 1110433118
Outgroup
S1
S2
Adm
*** warning: first snp . is number.  perhaps you are using .map format

graph: graph/Outgroup.S1.S2.Adm.2way.1.graph


numedge: 9  numancestor: 1
  0 Outgroup
  1 S1
  2 S2
  3 Adm
root label: :Outgroup
outpop: Outgroup
population:   0             Outgroup    2
population:   1                   S1    4
population:   2                   S2    4
population:   3                  Adm    4
before setwt numsnps: 17495  outpop: Outgroup
setwt numsnps: 4568
number of blocks for moving block jackknife: 50
snps: 4568  indivs: 14
lambdascale:     0.711
fst:
        O    S    S    A 
  O     0  255  260  251
  S   255    0  259  140
  S   260  259    0  129
  A   251  140  129    0

f2:
        O    S    S    A 
  O     0  361  367  352
  S   361    0   71   35
  S   367   71    0   29
  A   352   35   29    0

ff3:
        O    S    S    A 
  O     0    0    0    0
  S     0  361  328  339
  S     0  328  367  345
  A     0  339  345  352

ff3sig*10:
        O    S    S    A 
  O     0    0    0    0
  S     0  197  177  193
  S     0  177  179  182
  A     0  193  182  190

starting analysis
number of initial random trials: 100
initmixwts:                      :Adm n009 n006 n008     0.496     0.504 


initial score:     0.000
init  vg:
    0.496 
gslsetup called
gslans:    9     0.000176
    0.494 
final vg:
    0.494 

 final score:        0.000  dof: -4 nominal p-val     1.000000
ff3fit:
        O    S    S    A 
  O     0    0    0    0
  S     0  360  328  338
  S     0  328  366  345
  A     0  338  345  351

ff3diff:
        O    S    S    A 
  O     0    0    0    0
  S     0    0    0    0
  S     0    0    0    0
  A     0    0    0    0

mix:                      :Adm n009 n006 n008     0.494     0.506 

b_n000_n001 b_n000_n003 b_n003_n005 b_n005_n002 b_n005_n006 b_n003_n007 b_n007_n004 b_n007_n008 b_n009_n010 
   0.1640    0.1640    0.0212    0.0112    0.0021    0.0327    0.0057    0.0022    0.0088 


                      fst:       fitted        estim         diff     std. err   Z score 
      Out          S1 f2:     0.360349     0.360593     0.000244     0.019686     0.012 
      Out          S2 f2:     0.366419     0.366646     0.000227     0.017867     0.013 
      Out        Adm  f2:     0.351387     0.351633     0.000247     0.018953     0.013 
        S1         S2 f2:     0.070832     0.070837     0.000005     0.010790     0.000 
        S1       Adm  f2:     0.034843     0.034833    -0.000010     0.007081    -0.001 
        S2       Adm  f2:     0.028786     0.028782    -0.000004     0.004672    -0.001 


outliers:
                                                      Fit          Obs         Diff   Std. error         Z 


worst f-stat:       Out          S1       Out          S2      0.327968     0.328201     0.000233     0.017669     0.013 

## end of qpGraph time:     4.330 seconds memory:     9.834 Mbytes
