parameter file: tmp/tmp.par
### THE INPUT PARAMETERS
##PARAMETER NAME: VALUE
DIR: data
genotypename: data/standard_rep46.geno
snpname: data/standard_rep46.snp
indivname: data/standard_rep46.ind
outpop: Outgroup
blgsize: 0.001
diag: .0001
hires: YES
initmix: 1000
precision: .0001
zthresh: 2.0
terse: NO
useallsnps: NO
## qpGraph version: 6450
outpop:  Outgroup
seed: 1307633524
Outgroup
S1
S2
Adm
*** warning: first snp . is number.  perhaps you are using .map format

graph: graph/Outgroup.S1.S2.Adm.2way.1.graph


numedge: 9  numancestor: 1
  0 Outgroup
  1 S1
  2 S2
  3 Adm
root label: :Outgroup
outpop: Outgroup
population:   0             Outgroup    2
population:   1                   S1    4
population:   2                   S2    4
population:   3                  Adm    4
before setwt numsnps: 16994  outpop: Outgroup
setwt numsnps: 4439
number of blocks for moving block jackknife: 50
snps: 4439  indivs: 14
lambdascale:     0.827
fst:
        O    S    S    A 
  O     0  292  279  279
  S   292    0  306  215
  S   279  306    0  144
  A   279  215  144    0

f2:
        O    S    S    A 
  O     0  495  472  468
  S   495    0   92   55
  S   472   92    0   37
  A   468   55   37    0

ff3:
        O    S    S    A 
  O     0    0    0    0
  S     0  495  437  454
  S     0  437  472  451
  A     0  454  451  468

ff3sig*10:
        O    S    S    A 
  O     0    0    0    0
  S     0  260  259  239
  S     0  259  260  241
  A     0  239  241  228

starting analysis
number of initial random trials: 100
initmixwts:                      :Adm n009 n006 n008     0.500     0.500 


initial score:     0.000
init  vg:
    0.500 
gslsetup called
gslans:    9     0.000334
    0.498 
final vg:
    0.498 

 final score:        0.000  dof: -4 nominal p-val     1.000000
ff3fit:
        O    S    S    A 
  O     0    0    0    0
  S     0  494  437  454
  S     0  437  471  451
  A     0  454  451  468

ff3diff:
        O    S    S    A 
  O     0    0    0    0
  S     0    0    0    0
  S     0    0    0    0
  A     0    0    0    0

mix:                      :Adm n009 n006 n008     0.498     0.502 

b_n000_n001 b_n000_n003 b_n003_n005 b_n005_n002 b_n005_n006 b_n003_n007 b_n007_n004 b_n007_n008 b_n009_n010 
   0.2184    0.2184    0.0339    0.0235    0.0035    0.0278    0.0064    0.0035    0.0139 


                      fst:       fitted        estim         diff     std. err   Z score 
      Out          S1 f2:     0.494293     0.494752     0.000459     0.025963     0.018 
      Out          S2 f2:     0.471076     0.471536     0.000460     0.026019     0.018 
      Out        Adm  f2:     0.467928     0.468329     0.000401     0.022822     0.018 
        S1         S2 f2:     0.091724     0.091701    -0.000024     0.011160    -0.002 
        S1       Adm  f2:     0.054771     0.054767    -0.000004     0.006815    -0.001 
        S2       Adm  f2:     0.037431     0.037427    -0.000004     0.006100    -0.001 


outliers:
                                                      Fit          Obs         Diff   Std. error         Z 


worst f-stat:       Out          S1       Out          S2      0.436822     0.437293     0.000471     0.025854     0.018 

## end of qpGraph time:     4.640 seconds memory:     9.613 Mbytes
