parameter file: tmp/tmp.par
### THE INPUT PARAMETERS
##PARAMETER NAME: VALUE
DIR: data
genotypename: data/standard_rep64.geno
snpname: data/standard_rep64.snp
indivname: data/standard_rep64.ind
outpop: Outgroup
blgsize: 0.001
diag: .0001
hires: YES
initmix: 1000
precision: .0001
zthresh: 2.0
terse: NO
useallsnps: NO
## qpGraph version: 6450
outpop:  Outgroup
seed: 1455877238
Outgroup
S1
S2
Adm
*** warning: first snp . is number.  perhaps you are using .map format

graph: graph/Outgroup.S1.S2.Adm.2way.1.graph


numedge: 9  numancestor: 1
  0 Outgroup
  1 S1
  2 S2
  3 Adm
root label: :Outgroup
outpop: Outgroup
population:   0             Outgroup    2
population:   1                   S1    4
population:   2                   S2    4
population:   3                  Adm    4
before setwt numsnps: 17684  outpop: Outgroup
setwt numsnps: 4664
number of blocks for moving block jackknife: 50
snps: 4664  indivs: 14
lambdascale:     0.705
fst:
        O    S    S    A 
  O     0  254  252  243
  S   254    0  313  185
  S   252  313    0  151
  A   243  185  151    0

f2:
        O    S    S    A 
  O     0  356  351  339
  S   356    0   97   51
  S   351   97    0   40
  A   339   51   40    0

ff3:
        O    S    S    A 
  O     0    0    0    0
  S     0  356  305  322
  S     0  305  351  325
  A     0  322  325  339

ff3sig*10:
        O    S    S    A 
  O     0    0    0    0
  S     0  167  161  152
  S     0  161  157  148
  A     0  152  148  146

starting analysis
number of initial random trials: 100
initmixwts:                      :Adm n009 n006 n008     0.485     0.515 


initial score:     0.000
init  vg:
    0.485 
gslsetup called
gslans:    9     0.000038
    0.484 
final vg:
    0.484 

 final score:        0.000  dof: -4 nominal p-val     1.000000
ff3fit:
        O    S    S    A 
  O     0    0    0    0
  S     0  356  305  322
  S     0  305  351  325
  A     0  322  325  339

ff3diff:
        O    S    S    A 
  O     0    0    0    0
  S     0    0    0    0
  S     0    0    0    0
  A     0    0    0    0

mix:                      :Adm n009 n006 n008     0.484     0.516 

b_n000_n001 b_n000_n003 b_n003_n005 b_n005_n002 b_n005_n006 b_n003_n007 b_n007_n004 b_n007_n008 b_n009_n010 
   0.1523    0.1523    0.0357    0.0153    0.0033    0.0399    0.0061    0.0037    0.0140 


                      fst:       fitted        estim         diff     std. err   Z score 
      Out          S1 f2:     0.355642     0.355737     0.000095     0.016658     0.006 
      Out          S2 f2:     0.350637     0.350728     0.000091     0.015746     0.006 
      Out        Adm  f2:     0.339383     0.339468     0.000086     0.014622     0.006 
        S1         S2 f2:     0.096980     0.096973    -0.000006     0.012302    -0.001 
        S1       Adm  f2:     0.051169     0.051167    -0.000003     0.007234    -0.000 
        S2       Adm  f2:     0.039606     0.039602    -0.000004     0.005369    -0.001 


outliers:
                                                      Fit          Obs         Diff   Std. error         Z 


worst f-stat:       Out          S2       Out        Adm       0.325207     0.325297     0.000090     0.014811     0.006 

## end of qpGraph time:     4.620 seconds memory:    10.002 Mbytes
