parameter file: tmp/tmp.par
### THE INPUT PARAMETERS
##PARAMETER NAME: VALUE
DIR: data
genotypename: data/standard_rep86.geno
snpname: data/standard_rep86.snp
indivname: data/standard_rep86.ind
outpop: Outgroup
blgsize: 0.001
diag: .0001
hires: YES
initmix: 1000
precision: .0001
zthresh: 2.0
terse: NO
useallsnps: NO
## qpGraph version: 6450
outpop:  Outgroup
seed: 1565389520
Outgroup
S1
S2
Adm
*** warning: first snp . is number.  perhaps you are using .map format

graph: graph/Outgroup.S1.S2.Adm.2way.1.graph


numedge: 9  numancestor: 1
  0 Outgroup
  1 S1
  2 S2
  3 Adm
root label: :Outgroup
outpop: Outgroup
population:   0             Outgroup    2
population:   1                   S1    4
population:   2                   S2    4
population:   3                  Adm    4
before setwt numsnps: 17494  outpop: Outgroup
setwt numsnps: 4586
number of blocks for moving block jackknife: 49
snps: 4586  indivs: 14
lambdascale:     0.774
fst:
        O    S    S    A 
  O     0  270  266  255
  S   270    0  256  165
  S   266  256    0  113
  A   255  165  113    0

f2:
        O    S    S    A 
  O     0  421  413  396
  S   421    0   74   45
  S   413   74    0   30
  A   396   45   30    0

ff3:
        O    S    S    A 
  O     0    0    0    0
  S     0  421  380  386
  S     0  380  413  390
  A     0  386  390  396

ff3sig*10:
        O    S    S    A 
  O     0    0    0    0
  S     0  245  249  241
  S     0  249  253  254
  A     0  241  254  251

starting analysis
number of initial random trials: 100
initmixwts:                      :Adm n009 n006 n008     0.430     0.570 


initial score:     0.000
init  vg:
    0.430 
gslsetup called
gslans:    9     0.000208
    0.433 
final vg:
    0.433 

 final score:        0.000  dof: -4 nominal p-val     1.000000
ff3fit:
        O    S    S    A 
  O     0    0    0    0
  S     0  421  380  386
  S     0  380  413  389
  A     0  386  389  395

ff3diff:
        O    S    S    A 
  O     0    0    0    0
  S     0    0    0    0
  S     0    0    0    0
  A     0    0    0    0

mix:                      :Adm n009 n006 n008     0.433     0.567 

b_n000_n001 b_n000_n003 b_n003_n005 b_n005_n002 b_n005_n006 b_n003_n007 b_n007_n004 b_n007_n008 b_n009_n010 
   0.1898    0.1898    0.0139    0.0276    0.0013    0.0169    0.0162    0.0022    0.0069 


                      fst:       fitted        estim         diff     std. err   Z score 
      Out          S1 f2:     0.421015     0.421355     0.000340     0.024496     0.014 
      Out          S2 f2:     0.412625     0.412979     0.000354     0.025329     0.014 
      Out        Adm  f2:     0.395471     0.395818     0.000347     0.025122     0.014 
        S1         S2 f2:     0.074476     0.074453    -0.000023     0.010450    -0.002 
        S1       Adm  f2:     0.045302     0.045316     0.000013     0.008271     0.002 
        S2       Adm  f2:     0.029777     0.029770    -0.000007     0.005346    -0.001 


outliers:
                                                      Fit          Obs         Diff   Std. error         Z 


worst f-stat:       Out          S1       Out          S2      0.379582     0.379940     0.000359     0.024926     0.014 

## end of qpGraph time:     4.570 seconds memory:     9.834 Mbytes
