parameter file: tmp/tmp.par
### THE INPUT PARAMETERS
##PARAMETER NAME: VALUE
DIR: data
genotypename: data/standard_rep35.geno
snpname: data/standard_rep35.snp
indivname: data/standard_rep35.ind
outpop: Outgroup
blgsize: 0.001
diag: .0001
hires: YES
initmix: 1000
precision: .0001
zthresh: 2.0
terse: NO
useallsnps: NO
## qpGraph version: 6450
outpop:  Outgroup
seed: 1231676511
Outgroup
S1
S2
Adm
*** warning: first snp . is number.  perhaps you are using .map format

graph: graph/Outgroup.S1.S2.Adm.2way.1.graph


numedge: 9  numancestor: 1
  0 Outgroup
  1 S1
  2 S2
  3 Adm
root label: :Outgroup
outpop: Outgroup
population:   0             Outgroup    2
population:   1                   S1    4
population:   2                   S2    4
population:   3                  Adm    4
before setwt numsnps: 17464  outpop: Outgroup
setwt numsnps: 4295
number of blocks for moving block jackknife: 50
snps: 4295  indivs: 14
lambdascale:     0.700
fst:
        O    S    S    A 
  O     0  249  258  247
  S   249    0  262  176
  S   258  262    0  149
  A   247  176  149    0

f2:
        O    S    S    A 
  O     0  343  359  340
  S   343    0   73   44
  S   359   73    0   36
  A   340   44   36    0

ff3:
        O    S    S    A 
  O     0    0    0    0
  S     0  343  315  320
  S     0  315  359  331
  A     0  320  331  340

ff3sig*10:
        O    S    S    A 
  O     0    0    0    0
  S     0  196  180  181
  S     0  180  182  183
  A     0  181  183  177

starting analysis
number of initial random trials: 100
initmixwts:                      :Adm n009 n006 n008     0.444     0.556 


initial score:     0.000
init  vg:
    0.444 
gslsetup called
gslans:    9     0.000115
    0.448 
final vg:
    0.448 

 final score:        0.000  dof: -4 nominal p-val     1.000000
ff3fit:
        O    S    S    A 
  O     0    0    0    0
  S     0  343  314  320
  S     0  314  359  331
  A     0  320  331  340

ff3diff:
        O    S    S    A 
  O     0    0    0    0
  S     0    0    0    0
  S     0    0    0    0
  A     0    0    0    0

mix:                      :Adm n009 n006 n008     0.448     0.552 

b_n000_n001 b_n000_n003 b_n003_n005 b_n005_n002 b_n005_n006 b_n003_n007 b_n007_n004 b_n007_n008 b_n009_n010 
   0.1572    0.1572    0.0115    0.0173    0.0025    0.0305    0.0138    0.0037    0.0123 


                      fst:       fitted        estim         diff     std. err   Z score 
      Out          S1 f2:     0.343276     0.343480     0.000204     0.019621     0.010 
      Out          S2 f2:     0.358762     0.358940     0.000178     0.018193     0.010 
      Out        Adm  f2:     0.339945     0.340125     0.000180     0.017664     0.010 
        S1         S2 f2:     0.073115     0.073114    -0.000001     0.011854    -0.000 
        S1       Adm  f2:     0.044004     0.044013     0.000009     0.007203     0.001 
        S2       Adm  f2:     0.036120     0.036105    -0.000016     0.006922    -0.002 


outliers:
                                                      Fit          Obs         Diff   Std. error         Z 


worst f-stat:       Out          S1       Out          S2      0.314462     0.314653     0.000191     0.018009     0.011 

## end of qpGraph time:     4.530 seconds memory:     9.830 Mbytes
