parameter file: tmp/tmp.par
### THE INPUT PARAMETERS
##PARAMETER NAME: VALUE
DIR: data
genotypename: data/standard_rep21.geno
snpname: data/standard_rep21.snp
indivname: data/standard_rep21.ind
outpop: Outgroup
blgsize: 0.001
diag: .0001
hires: YES
initmix: 1000
precision: .0001
zthresh: 2.0
terse: NO
useallsnps: NO
## qpGraph version: 6450
outpop:  Outgroup
seed: 1204543516
Outgroup
S1
S2
Adm
*** warning: first snp . is number.  perhaps you are using .map format

graph: graph/Outgroup.S1.S2.Adm.2way.1.graph


numedge: 9  numancestor: 1
  0 Outgroup
  1 S1
  2 S2
  3 Adm
root label: :Outgroup
outpop: Outgroup
population:   0             Outgroup    2
population:   1                   S1    4
population:   2                   S2    4
population:   3                  Adm    4
before setwt numsnps: 17355  outpop: Outgroup
setwt numsnps: 4887
number of blocks for moving block jackknife: 50
snps: 4887  indivs: 14
lambdascale:     0.712
fst:
        O    S    S    A 
  O     0  252  247  237
  S   252    0  266  178
  S   247  266    0   92
  A   237  178   92    0

f2:
        O    S    S    A 
  O     0  350  341  328
  S   350    0   71   47
  S   341   71    0   21
  A   328   47   21    0

ff3:
        O    S    S    A 
  O     0    0    0    0
  S     0  350  310  316
  S     0  310  341  324
  A     0  316  324  328

ff3sig*10:
        O    S    S    A 
  O     0    0    0    0
  S     0  152  162  155
  S     0  162  156  156
  A     0  155  156  148

starting analysis
number of initial random trials: 100
initmixwts:                      :Adm n009 n006 n008     0.470     0.530 


initial score:     0.000
init  vg:
    0.470 
gslsetup called
gslans:    9     0.000114
    0.474 
final vg:
    0.474 

 final score:        0.000  dof: -4 nominal p-val     1.000000
ff3fit:
        O    S    S    A 
  O     0    0    0    0
  S     0  350  310  316
  S     0  310  341  324
  A     0  316  324  328

ff3diff:
        O    S    S    A 
  O     0    0    0    0
  S     0    0    0    0
  S     0    0    0    0
  A     0    0    0    0

mix:                      :Adm n009 n006 n008     0.474     0.526 

b_n000_n001 b_n000_n003 b_n003_n005 b_n005_n002 b_n005_n006 b_n003_n007 b_n007_n004 b_n007_n008 b_n009_n010 
   0.1551    0.1551    0.0119    0.0282    0.0016    0.0262    0.0049    0.0020    0.0071 


                      fst:       fitted        estim         diff     std. err   Z score 
      Out          S1 f2:     0.350295     0.350443     0.000149     0.015181     0.010 
      Out          S2 f2:     0.341218     0.341377     0.000159     0.015593     0.010 
      Out        Adm  f2:     0.328092     0.328239     0.000147     0.014794     0.010 
        S1         S2 f2:     0.071122     0.071085    -0.000037     0.009440    -0.004 
        S1       Adm  f2:     0.046716     0.046687    -0.000029     0.005498    -0.005 
        S2       Adm  f2:     0.021385     0.021372    -0.000013     0.004982    -0.003 


outliers:
                                                      Fit          Obs         Diff   Std. error         Z 


worst f-stat:       Out          S1       Out          S2      0.310196     0.310368     0.000172     0.016216     0.011 

## end of qpGraph time:     4.400 seconds memory:     9.810 Mbytes
