parameter file: tmp/tmp.par
### THE INPUT PARAMETERS
##PARAMETER NAME: VALUE
DIR: data
genotypename: data/standard_rep69.geno
snpname: data/standard_rep69.snp
indivname: data/standard_rep69.ind
outpop: Outgroup
blgsize: 0.001
diag: .0001
hires: YES
initmix: 1000
precision: .0001
zthresh: 2.0
terse: NO
useallsnps: NO
## qpGraph version: 6450
outpop:  Outgroup
seed: 1419636188
Outgroup
S1
S2
Adm
*** warning: first snp . is number.  perhaps you are using .map format

graph: graph/Outgroup.S1.S2.Adm.2way.1.graph


numedge: 9  numancestor: 1
  0 Outgroup
  1 S1
  2 S2
  3 Adm
root label: :Outgroup
outpop: Outgroup
population:   0             Outgroup    2
population:   1                   S1    4
population:   2                   S2    4
population:   3                  Adm    4
before setwt numsnps: 17551  outpop: Outgroup
setwt numsnps: 4480
number of blocks for moving block jackknife: 50
snps: 4480  indivs: 14
lambdascale:     0.843
fst:
        O    S    S    A 
  O     0  251  247  242
  S   251    0  294  204
  S   247  294    0  111
  A   242  204  111    0

f2:
        O    S    S    A 
  O     0  410  406  399
  S   410    0   95   60
  S   406   95    0   32
  A   399   60   32    0

ff3:
        O    S    S    A 
  O     0    0    0    0
  S     0  410  361  375
  S     0  361  406  387
  A     0  375  387  399

ff3sig*10:
        O    S    S    A 
  O     0    0    0    0
  S     0  229  235  225
  S     0  235  232  215
  A     0  225  215  214

starting analysis
number of initial random trials: 100
initmixwts:                      :Adm n009 n006 n008     0.413     0.587 


initial score:     0.000
init  vg:
    0.413 
gslsetup called
gslans:   11     0.000084
    0.420 
final vg:
    0.420 

 final score:        0.000  dof: -4 nominal p-val     1.000000
ff3fit:
        O    S    S    A 
  O     0    0    0    0
  S     0  410  360  374
  S     0  360  406  387
  A     0  374  387  399

ff3diff:
        O    S    S    A 
  O     0    0    0    0
  S     0    0    0    0
  S     0    0    0    0
  A     0    0    0    0

mix:                      :Adm n009 n006 n008     0.420     0.580 

b_n000_n001 b_n000_n003 b_n003_n005 b_n005_n002 b_n005_n006 b_n003_n007 b_n007_n004 b_n007_n008 b_n009_n010 
   0.1802    0.1802    0.0335    0.0162    0.0027    0.0452    0.0000    0.0052    0.0155 


                      fst:       fitted        estim         diff     std. err   Z score 
      Out          S1 f2:     0.410047     0.410235     0.000189     0.022937     0.008 
      Out          S2 f2:     0.405588     0.405776     0.000188     0.023182     0.008 
      Out        Adm  f2:     0.399185     0.399377     0.000192     0.021392     0.009 
        S1         S2 f2:     0.094896     0.094878    -0.000018     0.011332    -0.002 
        S1       Adm  f2:     0.060383     0.060371    -0.000012     0.007344    -0.002 
        S2       Adm  f2:     0.031551     0.031548    -0.000002     0.005865    -0.000 


outliers:
                                                      Fit          Obs         Diff   Std. error         Z 


worst f-stat:       Out        Adm        Out        Adm       0.399185     0.399377     0.000192     0.021392     0.009 

## end of qpGraph time:     4.600 seconds memory:     9.847 Mbytes
