parameter file: tmp/tmp.par
### THE INPUT PARAMETERS
##PARAMETER NAME: VALUE
DIR: data
genotypename: data/standard_rep70.geno
snpname: data/standard_rep70.snp
indivname: data/standard_rep70.ind
outpop: Outgroup
blgsize: 0.001
diag: .0001
hires: YES
initmix: 1000
precision: .0001
zthresh: 2.0
terse: NO
useallsnps: NO
## qpGraph version: 6450
outpop:  Outgroup
seed: 1422159413
Outgroup
S1
S2
Adm
*** warning: first snp . is number.  perhaps you are using .map format

graph: graph/Outgroup.S1.S2.Adm.2way.1.graph


numedge: 9  numancestor: 1
  0 Outgroup
  1 S1
  2 S2
  3 Adm
root label: :Outgroup
outpop: Outgroup
population:   0             Outgroup    2
population:   1                   S1    4
population:   2                   S2    4
population:   3                  Adm    4
before setwt numsnps: 17793  outpop: Outgroup
setwt numsnps: 4597
number of blocks for moving block jackknife: 50
snps: 4597  indivs: 14
lambdascale:     0.762
fst:
        O    S    S    A 
  O     0  254  249  249
  S   254    0  312  244
  S   249  312    0  128
  A   249  244  128    0

f2:
        O    S    S    A 
  O     0  377  370  370
  S   377    0   95   67
  S   370   95    0   31
  A   370   67   31    0

ff3:
        O    S    S    A 
  O     0    0    0    0
  S     0  377  327  340
  S     0  327  370  355
  A     0  340  355  370

ff3sig*10:
        O    S    S    A 
  O     0    0    0    0
  S     0  195  198  203
  S     0  198  203  203
  A     0  203  203  202

starting analysis
number of initial random trials: 100
initmixwts:                      :Adm n009 n006 n008     0.351     0.649 


initial score:     0.000
init  vg:
    0.351 
gslsetup called
gslans:   12     0.000064
    0.357 
final vg:
    0.357 

 final score:        0.000  dof: -4 nominal p-val     1.000000
ff3fit:
        O    S    S    A 
  O     0    0    0    0
  S     0  377  326  340
  S     0  326  370  355
  A     0  340  355  370

ff3diff:
        O    S    S    A 
  O     0    0    0    0
  S     0    0    0    0
  S     0    0    0    0
  A     0    0    0    0

mix:                      :Adm n009 n006 n008     0.357     0.643 

b_n000_n001 b_n000_n003 b_n003_n005 b_n005_n002 b_n005_n006 b_n003_n007 b_n007_n004 b_n007_n008 b_n009_n010 
   0.1632    0.1632    0.0388    0.0121    0.0022    0.0438    0.0000    0.0071    0.0172 


                      fst:       fitted        estim         diff     std. err   Z score 
      Out          S1 f2:     0.377248     0.377394     0.000146     0.019478     0.008 
      Out          S2 f2:     0.370214     0.370365     0.000151     0.020259     0.007 
      Out        Adm  f2:     0.369878     0.370037     0.000159     0.020213     0.008 
        S1         S2 f2:     0.094642     0.094631    -0.000011     0.012380    -0.001 
        S1       Adm  f2:     0.066663     0.066647    -0.000016     0.008858    -0.002 
        S2       Adm  f2:     0.030927     0.030918    -0.000009     0.007261    -0.001 


outliers:
                                                      Fit          Obs         Diff   Std. error         Z 


worst f-stat:       Out          S1       Out        Adm       0.340231     0.340392     0.000161     0.020336     0.008 

## end of qpGraph time:     4.470 seconds memory:    10.023 Mbytes
