parameter file: tmp/tmp.par
### THE INPUT PARAMETERS
##PARAMETER NAME: VALUE
DIR: data
genotypename: data/standard_rep58.geno
snpname: data/standard_rep58.snp
indivname: data/standard_rep58.ind
outpop: Outgroup
blgsize: 0.001
diag: .0001
hires: YES
initmix: 1000
precision: .0001
zthresh: 2.0
terse: NO
useallsnps: NO
## qpGraph version: 6450
outpop:  Outgroup
seed: 1372711628
Outgroup
S1
S2
Adm
*** warning: first snp . is number.  perhaps you are using .map format

graph: graph/Outgroup.S1.S2.Adm.2way.1.graph


numedge: 9  numancestor: 1
  0 Outgroup
  1 S1
  2 S2
  3 Adm
root label: :Outgroup
outpop: Outgroup
population:   0             Outgroup    2
population:   1                   S1    4
population:   2                   S2    4
population:   3                  Adm    4
before setwt numsnps: 18059  outpop: Outgroup
setwt numsnps: 4957
number of blocks for moving block jackknife: 50
snps: 4957  indivs: 14
lambdascale:     0.711
fst:
        O    S    S    A 
  O     0  266  266  254
  S   266    0  301  225
  S   266  301    0  107
  A   254  225  107    0

f2:
        O    S    S    A 
  O     0  390  386  368
  S   390    0   99   72
  S   386   99    0   29
  A   368   72   29    0

ff3:
        O    S    S    A 
  O     0    0    0    0
  S     0  390  338  343
  S     0  338  386  363
  A     0  343  363  368

ff3sig*10:
        O    S    S    A 
  O     0    0    0    0
  S     0  174  167  167
  S     0  167  189  172
  A     0  167  172  164

starting analysis
number of initial random trials: 100
initmixwts:                      :Adm n009 n006 n008     0.447     0.553 


initial score:     0.000
init  vg:
    0.447 
gslsetup called
gslans:    9     0.000067
    0.447 
final vg:
    0.447 

 final score:        0.000  dof: -4 nominal p-val     1.000000
ff3fit:
        O    S    S    A 
  O     0    0    0    0
  S     0  390  338  343
  S     0  338  386  363
  A     0  343  363  368

ff3diff:
        O    S    S    A 
  O     0    0    0    0
  S     0    0    0    0
  S     0    0    0    0
  A     0    0    0    0

mix:                      :Adm n009 n006 n008     0.447     0.553 

b_n000_n001 b_n000_n003 b_n003_n005 b_n005_n002 b_n005_n006 b_n003_n007 b_n007_n004 b_n007_n008 b_n009_n010 
   0.1690    0.1690    0.0116    0.0400    0.0025    0.0444    0.0034    0.0039    0.0127 


                      fst:       fitted        estim         diff     std. err   Z score 
      Out          S1 f2:     0.389520     0.389644     0.000123     0.017370     0.007 
      Out          S2 f2:     0.385738     0.385885     0.000147     0.018932     0.008 
      Out        Adm  f2:     0.368274     0.368396     0.000122     0.016381     0.007 
        S1         S2 f2:     0.099425     0.099429     0.000003     0.010826     0.000 
        S1       Adm  f2:     0.071578     0.071571    -0.000007     0.008551    -0.001 
        S2       Adm  f2:     0.028985     0.028985     0.000000     0.004241     0.000 


outliers:
                                                      Fit          Obs         Diff   Std. error         Z 


worst f-stat:       Out          S1       Out          S2      0.337916     0.338050     0.000134     0.016679     0.008 

## end of qpGraph time:     4.590 seconds memory:    10.207 Mbytes
