parameter file: tmp/tmp.par
### THE INPUT PARAMETERS
##PARAMETER NAME: VALUE
DIR: data
genotypename: data/standard_rep92.geno
snpname: data/standard_rep92.snp
indivname: data/standard_rep92.ind
outpop: Outgroup
blgsize: 0.001
diag: .0001
hires: YES
initmix: 1000
precision: .0001
zthresh: 2.0
terse: NO
useallsnps: NO
## qpGraph version: 6450
outpop:  Outgroup
seed: -1551043451
Outgroup
S1
S2
Adm
*** warning: first snp . is number.  perhaps you are using .map format

graph: graph/Outgroup.S1.S2.Adm.2way.1.graph


numedge: 9  numancestor: 1
  0 Outgroup
  1 S1
  2 S2
  3 Adm
root label: :Outgroup
outpop: Outgroup
population:   0             Outgroup    2
population:   1                   S1    4
population:   2                   S2    4
population:   3                  Adm    4
before setwt numsnps: 17617  outpop: Outgroup
setwt numsnps: 4703
number of blocks for moving block jackknife: 50
snps: 4703  indivs: 14
lambdascale:     0.692
fst:
        O    S    S    A 
  O     0  268  258  255
  S   268    0  310  131
  S   258  310    0  161
  A   255  131  161    0

f2:
        O    S    S    A 
  O     0  369  355  353
  S   369    0   80   27
  S   355   80    0   38
  A   353   27   38    0

ff3:
        O    S    S    A 
  O     0    0    0    0
  S     0  369  322  348
  S     0  322  355  335
  A     0  348  335  353

ff3sig*10:
        O    S    S    A 
  O     0    0    0    0
  S     0  176  193  177
  S     0  193  186  195
  A     0  177  195  195

starting analysis
number of initial random trials: 100
initmixwts:                      :Adm n009 n006 n008     0.550     0.450 


initial score:     0.000
init  vg:
    0.550 
gslsetup called
gslans:   12     0.000114
    0.539 
final vg:
    0.539 

 final score:        0.000  dof: -4 nominal p-val     1.000000
ff3fit:
        O    S    S    A 
  O     0    0    0    0
  S     0  369  322  348
  S     0  322  355  335
  A     0  348  335  352

ff3diff:
        O    S    S    A 
  O     0    0    0    0
  S     0    0    0    0
  S     0    0    0    0
  A     0    0    0    0

mix:                      :Adm n009 n006 n008     0.539     0.461 

b_n000_n001 b_n000_n003 b_n003_n005 b_n005_n002 b_n005_n006 b_n003_n007 b_n007_n004 b_n007_n008 b_n009_n010 
   0.1610    0.1610    0.0471    0.0000    0.0028    0.0273    0.0059    0.0020    0.0096 


                      fst:       fitted        estim         diff     std. err   Z score 
      Out          S1 f2:     0.369239     0.369418     0.000179     0.017592     0.010 
      Out          S2 f2:     0.355201     0.355389     0.000187     0.018581     0.010 
      Out        Adm  f2:     0.352466     0.352672     0.000206     0.019530     0.011 
        S1         S2 f2:     0.080266     0.080227    -0.000039     0.011857    -0.003 
        S1       Adm  f2:     0.026680     0.026690     0.000010     0.005777     0.002 
        S2       Adm  f2:     0.038383     0.038365    -0.000018     0.006955    -0.003 


outliers:
                                                      Fit          Obs         Diff   Std. error         Z 


worst f-stat:       Out          S1       Out        Adm       0.347513     0.347700     0.000187     0.017712     0.011 

## end of qpGraph time:     4.510 seconds memory:     9.994 Mbytes
