parameter file: tmp/tmp.par
### THE INPUT PARAMETERS
##PARAMETER NAME: VALUE
DIR: data
genotypename: data/standard_rep17.geno
snpname: data/standard_rep17.snp
indivname: data/standard_rep17.ind
outpop: Outgroup
blgsize: 0.001
diag: .0001
hires: YES
initmix: 1000
precision: .0001
zthresh: 2.0
terse: NO
useallsnps: NO
## qpGraph version: 6450
outpop:  Outgroup
seed: 1079271177
Outgroup
S1
S2
Adm
*** warning: first snp . is number.  perhaps you are using .map format

graph: graph/Outgroup.S1.S2.Adm.2way.1.graph


numedge: 9  numancestor: 1
  0 Outgroup
  1 S1
  2 S2
  3 Adm
root label: :Outgroup
outpop: Outgroup
population:   0             Outgroup    2
population:   1                   S1    4
population:   2                   S2    4
population:   3                  Adm    4
before setwt numsnps: 17666  outpop: Outgroup
setwt numsnps: 4502
number of blocks for moving block jackknife: 50
snps: 4502  indivs: 14
lambdascale:     0.721
fst:
        O    S    S    A 
  O     0  272  278  260
  S   272    0  310  150
  S   278  310    0  135
  A   260  150  135    0

f2:
        O    S    S    A 
  O     0  392  408  378
  S   392    0   83   36
  S   408   83    0   31
  A   378   36   31    0

ff3:
        O    S    S    A 
  O     0    0    0    0
  S     0  392  358  367
  S     0  358  408  377
  A     0  367  377  378

ff3sig*10:
        O    S    S    A 
  O     0    0    0    0
  S     0  154  155  144
  S     0  155  172  166
  A     0  144  166  159

starting analysis
number of initial random trials: 100
initmixwts:                      :Adm n009 n006 n008     0.468     0.532 


initial score:     0.000
init  vg:
    0.468 
gslsetup called
gslans:    9     0.000126
    0.470 
final vg:
    0.470 

 final score:        0.000  dof: -4 nominal p-val     1.000000
ff3fit:
        O    S    S    A 
  O     0    0    0    0
  S     0  392  358  367
  S     0  358  408  377
  A     0  367  377  378

ff3diff:
        O    S    S    A 
  O     0    0    0    0
  S     0    0    0    0
  S     0    0    0    0
  A     0    0    0    0

mix:                      :Adm n009 n006 n008     0.470     0.530 

b_n000_n001 b_n000_n003 b_n003_n005 b_n005_n002 b_n005_n006 b_n003_n007 b_n007_n004 b_n007_n008 b_n009_n010 
   0.1791    0.1791    0.0182    0.0153    0.0011    0.0355    0.0139    0.0014    0.0050 


                      fst:       fitted        estim         diff     std. err   Z score 
      Out          S1 f2:     0.391705     0.391862     0.000157     0.015392     0.010 
      Out          S2 f2:     0.407514     0.407694     0.000180     0.017216     0.010 
      Out        Adm  f2:     0.377819     0.377991     0.000172     0.015895     0.011 
        S1         S2 f2:     0.082897     0.082888    -0.000009     0.008687    -0.001 
        S1       Adm  f2:     0.036107     0.036126     0.000019     0.005552     0.003 
        S2       Adm  f2:     0.031416     0.031401    -0.000015     0.004359    -0.003 


outliers:
                                                      Fit          Obs         Diff   Std. error         Z 


worst f-stat:       Out          S1       Out          S2      0.358161     0.358334     0.000173     0.015478     0.011 

## end of qpGraph time:     4.440 seconds memory:    10.002 Mbytes
