parameter file: tmp/tmp.par
### THE INPUT PARAMETERS
##PARAMETER NAME: VALUE
DIR: data
genotypename: data/standard_rep30.geno
snpname: data/standard_rep30.snp
indivname: data/standard_rep30.ind
outpop: Outgroup
blgsize: 0.001
diag: .0001
hires: YES
initmix: 1000
precision: .0001
zthresh: 2.0
terse: NO
useallsnps: NO
## qpGraph version: 6450
outpop:  Outgroup
seed: 1262510798
Outgroup
S1
S2
Adm
*** warning: first snp . is number.  perhaps you are using .map format

graph: graph/Outgroup.S1.S2.Adm.2way.1.graph


numedge: 9  numancestor: 1
  0 Outgroup
  1 S1
  2 S2
  3 Adm
root label: :Outgroup
outpop: Outgroup
population:   0             Outgroup    2
population:   1                   S1    4
population:   2                   S2    4
population:   3                  Adm    4
before setwt numsnps: 17698  outpop: Outgroup
setwt numsnps: 4834
number of blocks for moving block jackknife: 50
snps: 4834  indivs: 14
lambdascale:     0.663
fst:
        O    S    S    A 
  O     0  275  269  263
  S   275    0  263  160
  S   269  263    0  108
  A   263  160  108    0

f2:
        O    S    S    A 
  O     0  372  364  354
  S   372    0   73   41
  S   364   73    0   26
  A   354   41   26    0

ff3:
        O    S    S    A 
  O     0    0    0    0
  S     0  372  332  343
  S     0  332  364  346
  A     0  343  346  354

ff3sig*10:
        O    S    S    A 
  O     0    0    0    0
  S     0  186  188  196
  S     0  188  184  183
  A     0  196  183  194

starting analysis
number of initial random trials: 100
initmixwts:                      :Adm n009 n006 n008     0.464     0.536 


initial score:     0.000
init  vg:
    0.464 
gslsetup called
gslans:    9     0.000087
    0.461 
final vg:
    0.461 

 final score:        0.000  dof: -4 nominal p-val     1.000000
ff3fit:
        O    S    S    A 
  O     0    0    0    0
  S     0  372  332  343
  S     0  332  364  346
  A     0  343  346  354

ff3diff:
        O    S    S    A 
  O     0    0    0    0
  S     0    0    0    0
  S     0    0    0    0
  A     0    0    0    0

mix:                      :Adm n009 n006 n008     0.461     0.539 

b_n000_n001 b_n000_n003 b_n003_n005 b_n005_n002 b_n005_n006 b_n003_n007 b_n007_n004 b_n007_n008 b_n009_n010 
   0.1658    0.1658    0.0241    0.0161    0.0019    0.0269    0.0054    0.0025    0.0087 


                      fst:       fitted        estim         diff     std. err   Z score 
      Out          S1 f2:     0.371765     0.371929     0.000163     0.018563     0.009 
      Out          S2 f2:     0.363844     0.364009     0.000165     0.018438     0.009 
      Out        Adm  f2:     0.354294     0.354470     0.000176     0.019363     0.009 
        S1         S2 f2:     0.072608     0.072587    -0.000021     0.010420    -0.002 
        S1       Adm  f2:     0.040821     0.040799    -0.000022     0.008845    -0.002 
        S2       Adm  f2:     0.026103     0.026108     0.000005     0.004550     0.001 


outliers:
                                                      Fit          Obs         Diff   Std. error         Z 


worst f-stat:       Out          S1       Out          S2      0.331500     0.331675     0.000175     0.018801     0.009 

## end of qpGraph time:     4.640 seconds memory:    10.007 Mbytes
