parameter file: tmp/tmp.par
### THE INPUT PARAMETERS
##PARAMETER NAME: VALUE
DIR: data
genotypename: data/standard_rep80.geno
snpname: data/standard_rep80.snp
indivname: data/standard_rep80.ind
outpop: Outgroup
blgsize: 0.001
diag: .0001
hires: YES
initmix: 1000
precision: .0001
zthresh: 2.0
terse: NO
useallsnps: NO
## qpGraph version: 6450
outpop:  Outgroup
seed: 1599303970
Outgroup
S1
S2
Adm
*** warning: first snp . is number.  perhaps you are using .map format

graph: graph/Outgroup.S1.S2.Adm.2way.1.graph


numedge: 9  numancestor: 1
  0 Outgroup
  1 S1
  2 S2
  3 Adm
root label: :Outgroup
outpop: Outgroup
population:   0             Outgroup    2
population:   1                   S1    4
population:   2                   S2    4
population:   3                  Adm    4
before setwt numsnps: 17459  outpop: Outgroup
setwt numsnps: 4673
number of blocks for moving block jackknife: 50
snps: 4673  indivs: 14
lambdascale:     0.682
fst:
        O    S    S    A 
  O     0  269  276  258
  S   269    0  300  139
  S   276  300    0  167
  A   258  139  167    0

f2:
        O    S    S    A 
  O     0  372  380  356
  S   372    0   81   34
  S   380   81    0   40
  A   356   34   40    0

ff3:
        O    S    S    A 
  O     0    0    0    0
  S     0  372  336  347
  S     0  336  380  348
  A     0  347  348  356

ff3sig*10:
        O    S    S    A 
  O     0    0    0    0
  S     0  171  178  171
  S     0  178  172  175
  A     0  171  175  170

starting analysis
number of initial random trials: 100
initmixwts:                      :Adm n009 n006 n008     0.460     0.540 


initial score:     0.000
init  vg:
    0.460 
gslsetup called
gslans:    9     0.000070
    0.459 
final vg:
    0.459 

 final score:        0.000  dof: -4 nominal p-val     1.000000
ff3fit:
        O    S    S    A 
  O     0    0    0    0
  S     0  372  335  347
  S     0  335  380  348
  A     0  347  348  355

ff3diff:
        O    S    S    A 
  O     0    0    0    0
  S     0    0    0    0
  S     0    0    0    0
  A     0    0    0    0

mix:                      :Adm n009 n006 n008     0.459     0.541 

b_n000_n001 b_n000_n003 b_n003_n005 b_n005_n002 b_n005_n006 b_n003_n007 b_n007_n004 b_n007_n008 b_n009_n010 
   0.1677    0.1677    0.0247    0.0118    0.0015    0.0230    0.0216    0.0021    0.0071 


                      fst:       fitted        estim         diff     std. err   Z score 
      Out          S1 f2:     0.372001     0.372134     0.000133     0.017078     0.008 
      Out          S2 f2:     0.380064     0.380195     0.000132     0.017175     0.008 
      Out        Adm  f2:     0.355429     0.355563     0.000134     0.017038     0.008 
        S1         S2 f2:     0.081153     0.081119    -0.000033     0.010088    -0.003 
        S1       Adm  f2:     0.033835     0.033823    -0.000011     0.006990    -0.002 
        S2       Adm  f2:     0.039636     0.039617    -0.000019     0.006029    -0.003 


outliers:
                                                      Fit          Obs         Diff   Std. error         Z 


worst f-stat:       Out          S1       Out          S2      0.335456     0.335605     0.000149     0.017849     0.008 

## end of qpGraph time:     4.560 seconds memory:     9.830 Mbytes
