parameter file: tmp/tmp.par
### THE INPUT PARAMETERS
##PARAMETER NAME: VALUE
DIR: data
genotypename: data/standard_rep98.geno
snpname: data/standard_rep98.snp
indivname: data/standard_rep98.ind
outpop: Outgroup
blgsize: 0.001
diag: .0001
hires: YES
initmix: 1000
precision: .0001
zthresh: 2.0
terse: NO
useallsnps: NO
## qpGraph version: 6450
outpop:  Outgroup
seed: -1577585104
Outgroup
S1
S2
Adm
*** warning: first snp . is number.  perhaps you are using .map format

graph: graph/Outgroup.S1.S2.Adm.2way.1.graph


numedge: 9  numancestor: 1
  0 Outgroup
  1 S1
  2 S2
  3 Adm
root label: :Outgroup
outpop: Outgroup
population:   0             Outgroup    2
population:   1                   S1    4
population:   2                   S2    4
population:   3                  Adm    4
before setwt numsnps: 17777  outpop: Outgroup
setwt numsnps: 4841
number of blocks for moving block jackknife: 50
snps: 4841  indivs: 14
lambdascale:     0.748
fst:
        O    S    S    A 
  O     0  252  243  247
  S   252    0  293  230
  S   243  293    0  147
  A   247  230  147    0

f2:
        O    S    S    A 
  O     0  372  360  367
  S   372    0   99   70
  S   360   99    0   43
  A   367   70   43    0

ff3:
        O    S    S    A 
  O     0    0    0    0
  S     0  372  317  335
  S     0  317  360  342
  A     0  335  342  367

ff3sig*10:
        O    S    S    A 
  O     0    0    0    0
  S     0  173  173  172
  S     0  173  178  166
  A     0  172  166  169

starting analysis
number of initial random trials: 100
initmixwts:                      :Adm n009 n006 n008     0.400     0.600 


initial score:     0.000
init  vg:
    0.400 
gslsetup called
gslans:   11     0.000033
    0.413 
final vg:
    0.413 

 final score:        0.000  dof: -4 nominal p-val     1.000000
ff3fit:
        O    S    S    A 
  O     0    0    0    0
  S     0  372  317  335
  S     0  317  360  342
  A     0  335  342  367

ff3diff:
        O    S    S    A 
  O     0    0    0    0
  S     0    0    0    0
  S     0    0    0    0
  A     0    0    0    0

mix:                      :Adm n009 n006 n008     0.413     0.587 

b_n000_n001 b_n000_n003 b_n003_n005 b_n005_n002 b_n005_n006 b_n003_n007 b_n007_n004 b_n007_n008 b_n009_n010 
   0.1584    0.1584    0.0429    0.0122    0.0042    0.0435    0.0000    0.0085    0.0246 


                      fst:       fitted        estim         diff     std. err   Z score 
      Out          S1 f2:     0.371907     0.371993     0.000086     0.017253     0.005 
      Out          S2 f2:     0.360330     0.360425     0.000094     0.017830     0.005 
      Out        Adm  f2:     0.367288     0.367381     0.000093     0.016942     0.005 
        S1         S2 f2:     0.098631     0.098621    -0.000009     0.010429    -0.001 
        S1       Adm  f2:     0.070159     0.070146    -0.000013     0.010084    -0.001 
        S2       Adm  f2:     0.042936     0.042939     0.000003     0.005434     0.001 


outliers:
                                                      Fit          Obs         Diff   Std. error         Z 


worst f-stat:       Out          S1       Out        Adm       0.334518     0.334614     0.000096     0.017225     0.006 

## end of qpGraph time:     4.580 seconds memory:    10.019 Mbytes
