parameter file: tmp/tmp.par
### THE INPUT PARAMETERS
##PARAMETER NAME: VALUE
DIR: data
genotypename: data/standard_rep26.geno
snpname: data/standard_rep26.snp
indivname: data/standard_rep26.ind
outpop: Outgroup
blgsize: 0.001
diag: .0001
hires: YES
initmix: 1000
precision: .0001
zthresh: 2.0
terse: NO
useallsnps: NO
## qpGraph version: 6450
outpop:  Outgroup
seed: 1143136681
Outgroup
S1
S2
Adm
*** warning: first snp . is number.  perhaps you are using .map format

graph: graph/Outgroup.S1.S2.Adm.2way.1.graph


numedge: 9  numancestor: 1
  0 Outgroup
  1 S1
  2 S2
  3 Adm
root label: :Outgroup
outpop: Outgroup
population:   0             Outgroup    2
population:   1                   S1    4
population:   2                   S2    4
population:   3                  Adm    4
before setwt numsnps: 18223  outpop: Outgroup
setwt numsnps: 4738
number of blocks for moving block jackknife: 50
snps: 4738  indivs: 14
lambdascale:     0.637
fst:
        O    S    S    A 
  O     0  255  259  249
  S   255    0  313  235
  S   259  313    0   95
  A   249  235   95    0

f2:
        O    S    S    A 
  O     0  322  327  313
  S   322    0   84   59
  S   327   84    0   21
  A   313   59   21    0

ff3:
        O    S    S    A 
  O     0    0    0    0
  S     0  322  282  288
  S     0  282  327  310
  A     0  288  310  313

ff3sig*10:
        O    S    S    A 
  O     0    0    0    0
  S     0  124  138  132
  S     0  138  144  138
  A     0  132  138  144

starting analysis
number of initial random trials: 100
initmixwts:                      :Adm n009 n006 n008     0.378     0.622 


initial score:     0.000
init  vg:
    0.378 
gslsetup called
gslans:   12     0.000067
    0.393 
final vg:
    0.393 

 final score:        0.000  dof: -4 nominal p-val     1.000000
ff3fit:
        O    S    S    A 
  O     0    0    0    0
  S     0  322  282  288
  S     0  282  327  310
  A     0  288  310  313

ff3diff:
        O    S    S    A 
  O     0    0    0    0
  S     0    0    0    0
  S     0    0    0    0
  A     0    0    0    0

mix:                      :Adm n009 n006 n008     0.393     0.607 

b_n000_n001 b_n000_n003 b_n003_n005 b_n005_n002 b_n005_n006 b_n003_n007 b_n007_n004 b_n007_n008 b_n009_n010 
   0.1412    0.1412    0.0139    0.0254    0.0016    0.0450    0.0000    0.0037    0.0101 


                      fst:       fitted        estim         diff     std. err   Z score 
      Out          S1 f2:     0.321610     0.321699     0.000089     0.012373     0.007 
      Out          S2 f2:     0.327382     0.327487     0.000105     0.014357     0.007 
      Out        Adm  f2:     0.312847     0.312958     0.000111     0.014384     0.008 
        S1         S2 f2:     0.084360     0.084337    -0.000023     0.010537    -0.002 
        S1       Adm  f2:     0.058886     0.058884    -0.000003     0.009139    -0.000 
        S2       Adm  f2:     0.020865     0.020863    -0.000002     0.005639    -0.000 


outliers:
                                                      Fit          Obs         Diff   Std. error         Z 


worst f-stat:       Out          S2       Out        Adm       0.309682     0.309791     0.000109     0.013801     0.008 

## end of qpGraph time:     4.600 seconds memory:    10.236 Mbytes
