PLINK v1.90b6.9 64-bit (4 Mar 2019)
Options in effect:
  --const-fid 0
  --keep-allele-order
  --make-bed
  --out data/1
  --recode
  --vcf data/1.vcf.gz

Hostname: midway2-login2.rcc.local
Working directory: /project2/jnovembre/ccliu/utils/AdmixtreGraph2020
Start time: Tue Jan 21 21:38:02 2020

Random number seed: 1579664282
257136 MB RAM detected; reserving 128568 MB for main workspace.
--vcf: data/1-temporary.bed + data/1-temporary.bim + data/1-temporary.fam
written.
5919 variants loaded from .bim file.
14 people (0 males, 0 females, 14 ambiguous) loaded from .fam.
Ambiguous sex IDs written to data/1.nosex .
Using 1 thread (no multithreaded calculations invoked).
Before main variant filters, 14 founders and 0 nonfounders present.
Calculating allele frequencies... done.
5919 variants and 14 people pass filters and QC.
Note: No phenotypes present.
--make-bed to data/1.bed + data/1.bim + data/1.fam ... done.
--recode ped to data/1.ped + data/1.map ... done.

End time: Tue Jan 21 21:38:02 2020
