WARNING:momi.demo_plotter:Trying to plot pulse p 0.3 not in (0, 0.25)
WARNING:momi.demo_plotter:Trying to plot pulse p 0.3 not in (0, 0.25)
INFO:momi.data.sfs:Reading json...
INFO:momi.data.sfs:Finished reading json...
INFO:momi.data.sfs:Constructing configs...
INFO:momi.data.sfs:1430 unique configs detected
INFO:momi.data.sfs:Converted to numpy array...
INFO:momi.data.sfs:Finished constructing configs
INFO:momi.data.sfs:Constructing SFS...
INFO:momi.data.sfs:Finished constructing SFS
INFO:momi.demo_model:Constructing likelihood surface...
INFO:momi.demo_model:Finished constructing likelihood surface
INFO:momi.demo_model:{it: 0, KLDivergence: Autograd ArrayBox with value 0.5119288426240076, t_Adm_S2: 547736.7026693199, t_anc: 547736.7026693199, t_out: 1874241.206543923, p_pulse: 0.0580623152135391, t_pulse: 35174.368526753315, t_ghost: 301434.3554855328}
INFO:momi.demo_model:{it: 1, KLDivergence: Autograd ArrayBox with value 0.5011332786336645, t_Adm_S2: 596568.7700336396, t_anc: 596568.7700336396, t_out: 2262092.875387421, p_pulse: 0.07303428310631256, t_pulse: 37008.175858563765, t_ghost: 326278.65180270525}
INFO:momi.demo_model:{it: 2, KLDivergence: Autograd ArrayBox with value 0.49892734994182086, t_Adm_S2: 625209.548796092, t_anc: 625209.548796092, t_out: 2286693.868894474, p_pulse: 0.18410551074075493, t_pulse: 34433.98433611745, t_ghost: 334112.71746559226}
INFO:momi.demo_model:{it: 3, KLDivergence: Autograd ArrayBox with value 0.4982074343715774, t_Adm_S2: 650605.4947853142, t_anc: 650605.4947853142, t_out: 2410616.855603964, p_pulse: 0.1777086884874726, t_pulse: 29184.374380560308, t_ghost: 310526.60047207784}
INFO:momi.demo_model:{it: 4, KLDivergence: Autograd ArrayBox with value 0.49768869554581846, t_Adm_S2: 663235.9995513484, t_anc: 663235.9995513484, t_out: 2378748.7312009516, p_pulse: 0.1426210145019727, t_pulse: 19742.09968012896, t_ghost: 164702.9350697851}
INFO:momi.demo_model:{it: 5, KLDivergence: Autograd ArrayBox with value 0.4976631281208384, t_Adm_S2: 656698.4318239884, t_anc: 656698.4318239884, t_out: 2384193.80652205, p_pulse: 0.1383315769270074, t_pulse: 18464.355372548307, t_ghost: 143674.27126702934}
INFO:momi.demo_model:{it: 6, KLDivergence: Autograd ArrayBox with value 0.4976419456163437, t_Adm_S2: 660326.2545644052, t_anc: 660326.2545644052, t_out: 2376678.315326871, p_pulse: 0.13270484845274796, t_pulse: 26869.200909186708, t_ghost: 103925.89897820147}
INFO:momi.demo_model:{it: 7, KLDivergence: Autograd ArrayBox with value 0.49763491840655744, t_Adm_S2: 659476.1634198882, t_anc: 659476.1634198882, t_out: 2376140.189793691, p_pulse: 0.1356171873955801, t_pulse: 41043.051292375014, t_ghost: 105965.21073299384}
INFO:momi.demo_model:{it: 8, KLDivergence: Autograd ArrayBox with value 0.49763236999470045, t_Adm_S2: 659127.9771612515, t_anc: 659127.9771612515, t_out: 2378190.4148118016, p_pulse: 0.13832680032645298, t_pulse: 45494.7710093287, t_ghost: 105097.10854513911}
INFO:momi.demo_model:{it: 9, KLDivergence: Autograd ArrayBox with value 0.49763214889145363, t_Adm_S2: 659678.567509233, t_anc: 659678.567509233, t_out: 2378064.9286054447, p_pulse: 0.13866805457550993, t_pulse: 47635.58419752107, t_ghost: 102920.39713381119}
INFO:momi.demo_model:{it: 10, KLDivergence: Autograd ArrayBox with value 0.49763212250994593, t_Adm_S2: 659604.2308244684, t_anc: 659604.2308244684, t_out: 2378130.1390310386, p_pulse: 0.13838824113569909, t_pulse: 47595.11929601413, t_ghost: 101399.27369023491}
INFO:momi.demo_model:{it: 11, KLDivergence: Autograd ArrayBox with value 0.4976321224779921, t_Adm_S2: 659603.6366196683, t_anc: 659603.6366196683, t_out: 2378156.3000960266, p_pulse: 0.13839181543590068, t_pulse: 47594.856071714385, t_ghost: 101398.92712198163}
INFO:momi.demo_model:{it: 0, KLDivergence: Autograd ArrayBox with value 0.5141095155667085, t_Adm_S2: 542655.103068291, t_anc: 844699.8690517459, t_out: 1929187.257275549, p_pulse: 0.8674058219078179, t_pulse: 5710.550282727548, t_ghost: 435519.8371974}
INFO:momi.demo_model:{it: 1, KLDivergence: Autograd ArrayBox with value 0.4911984132992547, t_Adm_S2: 399368.4376522971, t_anc: 818004.4377435267, t_out: 2448251.031079771, p_pulse: 0.7378670364957193, t_pulse: 4474.122768818527, t_ghost: 441640.67064819817}
INFO:momi.demo_model:{it: 2, KLDivergence: Autograd ArrayBox with value 0.48541805615417394, t_Adm_S2: 128042.41279063147, t_anc: 820874.3074732921, t_out: 2426356.146630006, p_pulse: 0.6868684092353368, t_pulse: 1966.7463570162117, t_ghost: 484626.0325257263}
INFO:momi.demo_model:{it: 3, KLDivergence: Autograd ArrayBox with value 0.48343304616542826, t_Adm_S2: 10922.206349926884, t_anc: 838378.1268049674, t_out: 2433947.3202829994, p_pulse: 0.7750959614237415, t_pulse: 194.14325337627415, t_ghost: 525311.3121040666}
INFO:momi.demo_model:{it: 4, KLDivergence: Autograd ArrayBox with value 0.483024544824519, t_Adm_S2: 10000.0, t_anc: 826953.3432184388, t_out: 2426759.9133853577, p_pulse: 0.7825656090706575, t_pulse: 178.41645755424153, t_ghost: 529652.6399217751}
INFO:momi.demo_model:{it: 5, KLDivergence: Autograd ArrayBox with value 0.482339179122795, t_Adm_S2: 10000.0, t_anc: 775541.0472502569, t_out: 2372454.2126858905, p_pulse: 0.8115107433158181, t_pulse: 176.54820868737545, t_ghost: 524324.1933890008}
INFO:momi.demo_model:{it: 6, KLDivergence: Autograd ArrayBox with value 0.4822146865229089, t_Adm_S2: 10000.0, t_anc: 777485.3119014148, t_out: 2394876.440151291, p_pulse: 0.8130482407074466, t_pulse: 177.52718413571117, t_ghost: 544993.0100151331}
INFO:momi.demo_model:{it: 7, KLDivergence: Autograd ArrayBox with value 0.48221381571752947, t_Adm_S2: 10000.0, t_anc: 776811.8436421924, t_out: 2394148.671820008, p_pulse: 0.813052872820705, t_pulse: 179.78123200032005, t_ghost: 546578.9604193985}
INFO:momi.demo_model:{it: 8, KLDivergence: Autograd ArrayBox with value 0.482212757433821, t_Adm_S2: 10000.0, t_anc: 776666.8226717175, t_out: 2399992.54900057, p_pulse: 0.8130494236389922, t_pulse: 245.7661987693978, t_ghost: 546905.8320043386}
INFO:momi.demo_model:{it: 9, KLDivergence: Autograd ArrayBox with value 0.4819880912255232, t_Adm_S2: 10000.0, t_anc: 774984.9127844307, t_out: 2429029.2250719415, p_pulse: 0.8130896598573775, t_pulse: 9539.53441737563, t_ghost: 550588.4793056669}
INFO:momi.demo_model:{it: 10, KLDivergence: Autograd ArrayBox with value 0.48075120362660356, t_Adm_S2: 85273.01944744762, t_anc: 816819.2414607106, t_out: 2438440.7760182153, p_pulse: 0.754482614588364, t_pulse: 81417.2377075436, t_ghost: 597836.3909151553}
INFO:momi.demo_model:{it: 11, KLDivergence: Autograd ArrayBox with value 0.4760032789606116, t_Adm_S2: 321081.77350685874, t_anc: 884397.2495740805, t_out: 2435009.1296752226, p_pulse: 0.5001215955016153, t_pulse: 316512.53122627886, t_ghost: 547963.0160642387}
INFO:momi.demo_model:{it: 12, KLDivergence: Autograd ArrayBox with value 0.4730123097813847, t_Adm_S2: 300697.68482308, t_anc: 816933.8824014096, t_out: 2422557.7588455155, p_pulse: 0.4445176666119196, t_pulse: 297416.90397907957, t_ghost: 426435.92166885897}
INFO:momi.demo_model:{it: 13, KLDivergence: Autograd ArrayBox with value 0.47157351027708394, t_Adm_S2: 336303.40232421475, t_anc: 844127.6658899796, t_out: 2400590.504097525, p_pulse: 0.3551779475448893, t_pulse: 333741.56785753113, t_ghost: 379195.43102643563}
INFO:momi.demo_model:{it: 14, KLDivergence: Autograd ArrayBox with value 0.471135620283599, t_Adm_S2: 323614.03565104277, t_anc: 863716.5501615477, t_out: 2395541.7366537265, p_pulse: 0.37989877288226154, t_pulse: 321127.2052333808, t_ghost: 348283.7635314107}
INFO:momi.demo_model:{it: 15, KLDivergence: Autograd ArrayBox with value 0.4708608478306035, t_Adm_S2: 334329.4918100504, t_anc: 852507.8334201057, t_out: 2394452.550431606, p_pulse: 0.3632674428298556, t_pulse: 332088.75463352416, t_ghost: 341326.88706629473}
INFO:momi.demo_model:{it: 16, KLDivergence: Autograd ArrayBox with value 0.4707447913997137, t_Adm_S2: 332304.47813315556, t_anc: 861371.6955842101, t_out: 2404593.1101946356, p_pulse: 0.3739036031052657, t_pulse: 331352.34198336315, t_ghost: 331384.10279317235}
INFO:momi.demo_model:{it: 17, KLDivergence: Autograd ArrayBox with value 0.47072231787545804, t_Adm_S2: 332589.70842331275, t_anc: 853304.60570597, t_out: 2392425.484813633, p_pulse: 0.36523486843435604, t_pulse: 331688.12883056933, t_ghost: 331714.38948692643}
INFO:momi.demo_model:{it: 18, KLDivergence: Autograd ArrayBox with value 0.47072229942691896, t_Adm_S2: 332547.4116156366, t_anc: 853156.5951366811, t_out: 2392926.3714340217, p_pulse: 0.3650870060913731, t_pulse: 331647.19732907135, t_ghost: 331673.4523789309}
INFO:momi.demo_model:{it: 19, KLDivergence: Autograd ArrayBox with value 0.4707202980838531, t_Adm_S2: 332221.27011991246, t_anc: 852747.3513892419, t_out: 2393310.553173462, p_pulse: 0.36773869051452657, t_pulse: 332190.9104730578, t_ghost: 332216.5722913644}
INFO:momi.demo_model:{it: 20, KLDivergence: Autograd ArrayBox with value 0.4707196634356706, t_Adm_S2: 332157.4508128659, t_anc: 853042.3827441717, t_out: 2392663.8677951, p_pulse: 0.3656813245860469, t_pulse: 332130.0706137498, t_ghost: 332155.5116729078}
INFO:momi.demo_model:{it: 21, KLDivergence: Autograd ArrayBox with value 0.47071953342055306, t_Adm_S2: 332097.1275974695, t_anc: 853883.1511421005, t_out: 2393634.3129476607, p_pulse: 0.3660897569127455, t_pulse: 332097.11457247374, t_ghost: 332112.15743101365}
INFO:momi.demo_model:{it: 22, KLDivergence: Autograd ArrayBox with value 0.47071938898591625, t_Adm_S2: 332215.0055195475, t_anc: 853071.1343154842, t_out: 2392905.10499502, p_pulse: 0.3657660038514526, t_pulse: 332215.00526980177, t_ghost: 332226.15726489096}
INFO:momi.demo_model:{it: 0, KLDivergence: Autograd ArrayBox with value 0.4941078851588058, t_Adm_S2: 517620.7799632111, t_anc: 819665.545946666, t_out: 1979029.4178075592, p_pulse: 0.19903277913152162, t_pulse: 476763.35833192605, t_ghost: 548079.1598189918}
INFO:momi.demo_model:{it: 1, KLDivergence: Autograd ArrayBox with value 0.4864551051823471, t_Adm_S2: 438305.0330939594, t_anc: 896989.2147338775, t_out: 1981839.2146353999, p_pulse: 0.45550714181658514, t_pulse: 399874.1591255418, t_ghost: 487463.717705245}
INFO:momi.demo_model:{it: 2, KLDivergence: Autograd ArrayBox with value 0.47332915162264394, t_Adm_S2: 288160.20636424, t_anc: 841457.3788088257, t_out: 2273201.5319315894, p_pulse: 0.3740691051919229, t_pulse: 261501.00014471024, t_ghost: 352828.1102990468}
INFO:momi.demo_model:{it: 3, KLDivergence: Autograd ArrayBox with value 0.47198109503587465, t_Adm_S2: 326746.65884205914, t_anc: 842304.6700753553, t_out: 2399022.114429497, p_pulse: 0.3855576160892948, t_pulse: 297583.57215864543, t_ghost: 375594.2277795731}
INFO:momi.demo_model:{it: 4, KLDivergence: Autograd ArrayBox with value 0.47127103586837654, t_Adm_S2: 350976.23038945295, t_anc: 848263.6836552997, t_out: 2413265.82046364, p_pulse: 0.35370425803372874, t_pulse: 325977.7038754665, t_ghost: 353377.1247137424}
INFO:momi.demo_model:{it: 5, KLDivergence: Autograd ArrayBox with value 0.47090466978670037, t_Adm_S2: 334541.04989899, t_anc: 858094.2366099278, t_out: 2375386.796108679, p_pulse: 0.35238641347287103, t_pulse: 314683.78137794125, t_ghost: 321390.48138522403}
INFO:momi.demo_model:{it: 6, KLDivergence: Autograd ArrayBox with value 0.4708034179232667, t_Adm_S2: 340330.17344965436, t_anc: 854650.6362406102, t_out: 2398242.1248881817, p_pulse: 0.3553959709346559, t_pulse: 323862.7101893521, t_ghost: 326290.10520016536}
INFO:momi.demo_model:{it: 7, KLDivergence: Autograd ArrayBox with value 0.47074908544675226, t_Adm_S2: 331768.8567595362, t_anc: 851963.3586658566, t_out: 2390258.099145007, p_pulse: 0.36475679586812365, t_pulse: 324976.3572731279, t_ghost: 325112.66997285647}
INFO:momi.demo_model:{it: 8, KLDivergence: Autograd ArrayBox with value 0.4707336182656386, t_Adm_S2: 334043.9244149577, t_anc: 853210.1822349026, t_out: 2396611.228303127, p_pulse: 0.36276788722387227, t_pulse: 329620.85509328736, t_ghost: 329661.8116347994}
INFO:momi.demo_model:{it: 9, KLDivergence: Autograd ArrayBox with value 0.47073309810061154, t_Adm_S2: 334116.2258928615, t_anc: 853107.8663238893, t_out: 2392841.2982301884, p_pulse: 0.3627489846095558, t_pulse: 329703.2701348511, t_ghost: 329744.21003730077}
INFO:momi.demo_model:{it: 10, KLDivergence: Autograd ArrayBox with value 0.4707327495285916, t_Adm_S2: 333914.872934285, t_anc: 852780.9360014298, t_out: 2395329.6657599984, p_pulse: 0.3634692600080602, t_pulse: 329718.3308565366, t_ghost: 329759.2004398805}
INFO:momi.demo_model:{it: 11, KLDivergence: Autograd ArrayBox with value 0.4707236790684702, t_Adm_S2: 333505.26343062636, t_anc: 852504.3919914963, t_out: 2390967.51340215, p_pulse: 0.36826870117257554, t_pulse: 332842.1891871371, t_ghost: 332880.1072936383}
INFO:momi.demo_model:{it: 12, KLDivergence: Autograd ArrayBox with value 0.4707217433061639, t_Adm_S2: 332417.8432306313, t_anc: 853220.923072233, t_out: 2392530.052578977, p_pulse: 0.36526931861865397, t_pulse: 331757.1015750436, t_ghost: 331795.14995324553}
INFO:momi.demo_model:{it: 13, KLDivergence: Autograd ArrayBox with value 0.47072173652488153, t_Adm_S2: 332430.3735197506, t_anc: 853161.1337360863, t_out: 2392914.1137825176, p_pulse: 0.36526641639511886, t_pulse: 331770.053789823, t_ghost: 331808.0934840339}
INFO:momi.data.sfs:Reading json...
INFO:momi.data.sfs:Finished reading json...
INFO:momi.data.sfs:Constructing configs...
INFO:momi.data.sfs:1378 unique configs detected
INFO:momi.data.sfs:Converted to numpy array...
INFO:momi.data.sfs:Finished constructing configs
INFO:momi.data.sfs:Constructing SFS...
INFO:momi.data.sfs:Finished constructing SFS
INFO:momi.demo_model:Constructing likelihood surface...
INFO:momi.demo_model:Finished constructing likelihood surface
INFO:momi.demo_model:{it: 0, KLDivergence: Autograd ArrayBox with value 0.530430284443991, t_Adm_S2: 508983.70103390946, t_anc: 1324417.997483062, t_out: 1952649.8563582115, p_pulse: 0.24191658902674398, t_pulse: 337981.52771116275, t_ghost: 375824.1565363448}
INFO:momi.demo_model:{it: 1, KLDivergence: Autograd ArrayBox with value 0.4966386751577481, t_Adm_S2: 335756.254348563, t_anc: 962087.5895500279, t_out: 2097659.872446795, p_pulse: 0.25785541326757866, t_pulse: 223189.53644514462, t_ghost: 244705.68826628273}
INFO:momi.demo_model:{it: 2, KLDivergence: Autograd ArrayBox with value 0.4899835648105879, t_Adm_S2: 409235.7701171883, t_anc: 922375.5075097526, t_out: 2328129.6987029114, p_pulse: 0.2585768123827043, t_pulse: 300889.5686790936, t_ghost: 315336.7282371101}
INFO:momi.demo_model:{it: 3, KLDivergence: Autograd ArrayBox with value 0.4892974620943235, t_Adm_S2: 404700.2524388345, t_anc: 934738.8180628292, t_out: 2430349.448697937, p_pulse: 0.3017780251644878, t_pulse: 299345.02212035673, t_ghost: 311094.72695516126}
INFO:momi.demo_model:{it: 4, KLDivergence: Autograd ArrayBox with value 0.48895533002168573, t_Adm_S2: 369052.4951212829, t_anc: 931546.9405998155, t_out: 2428955.7029098403, p_pulse: 0.3449287056775034, t_pulse: 327798.4227812142, t_ghost: 330551.78724777437}
INFO:momi.demo_model:{it: 5, KLDivergence: Autograd ArrayBox with value 0.48876028967668966, t_Adm_S2: 375020.7783694148, t_anc: 931501.6943173567, t_out: 2416176.3698254554, p_pulse: 0.34272281706660634, t_pulse: 368590.21998352313, t_ghost: 368947.861749012}
INFO:momi.demo_model:{it: 6, KLDivergence: Autograd ArrayBox with value 0.48868938852652793, t_Adm_S2: 360160.28862531646, t_anc: 933972.9761815821, t_out: 2410892.008860938, p_pulse: 0.35774779869446705, t_pulse: 358636.2275490249, t_ghost: 358728.8492674993}
INFO:momi.demo_model:{it: 7, KLDivergence: Autograd ArrayBox with value 0.48867884637898146, t_Adm_S2: 362301.2320770417, t_anc: 930219.37436056, t_out: 2419792.220645761, p_pulse: 0.3533692913637983, t_pulse: 360771.33395647845, t_ghost: 360862.8628408304}
INFO:momi.demo_model:{it: 8, KLDivergence: Autograd ArrayBox with value 0.48867719856776964, t_Adm_S2: 362198.5959017081, t_anc: 931944.8428558682, t_out: 2425630.44294584, p_pulse: 0.35484090264262297, t_pulse: 360706.71464743366, t_ghost: 360796.64991779963}
INFO:momi.demo_model:{it: 9, KLDivergence: Autograd ArrayBox with value 0.48867167687275054, t_Adm_S2: 360220.82868290297, t_anc: 932822.0151214738, t_out: 2424239.850474416, p_pulse: 0.3571764647643481, t_pulse: 360178.1226413551, t_ghost: 360189.0076460135}
INFO:momi.demo_model:{it: 10, KLDivergence: Autograd ArrayBox with value 0.48867025077854376, t_Adm_S2: 361684.4336150085, t_anc: 932161.5470575704, t_out: 2425352.089215173, p_pulse: 0.3554514701177064, t_pulse: 361648.43464382854, t_ghost: 361658.1674906697}
INFO:momi.demo_model:{it: 11, KLDivergence: Autograd ArrayBox with value 0.4886702505083751, t_Adm_S2: 361669.1301107033, t_anc: 932191.1496274259, t_out: 2425356.717348341, p_pulse: 0.35543822182071555, t_pulse: 361633.1335415329, t_ghost: 361642.86630781763}
INFO:momi.data.sfs:Reading json...
INFO:momi.data.sfs:Finished reading json...
INFO:momi.data.sfs:Constructing configs...
INFO:momi.data.sfs:1378 unique configs detected
INFO:momi.data.sfs:Converted to numpy array...
INFO:momi.data.sfs:Finished constructing configs
INFO:momi.data.sfs:Constructing SFS...
INFO:momi.data.sfs:Finished constructing SFS
INFO:momi.demo_model:Constructing likelihood surface...
INFO:momi.demo_model:Finished constructing likelihood surface
INFO:momi.demo_model:{it: 0, KLDivergence: Autograd ArrayBox with value 0.5307085297043453, t_Adm_S2: 685998.1315428235, t_anc: 810825.1541555789, t_out: 1784772.0963082763, p_pulse: 0.40882307705798354, t_pulse: 306289.7093501271, t_ghost: 347267.7072925415}
INFO:momi.demo_model:{it: 1, KLDivergence: Autograd ArrayBox with value 0.502381921965408, t_Adm_S2: 421059.1342421449, t_anc: 693146.2802722922, t_out: 2147008.5385205606, p_pulse: 0.10822624373486851, t_pulse: 240854.789152229, t_ghost: 300993.2252613051}
INFO:momi.demo_model:{it: 2, KLDivergence: Autograd ArrayBox with value 0.4981373905761899, t_Adm_S2: 498561.9392726235, t_anc: 747759.6207253302, t_out: 2385587.04955692, p_pulse: 0.17192027267289023, t_pulse: 268046.3103018629, t_ghost: 321480.0632768339}
INFO:momi.demo_model:{it: 3, KLDivergence: Autograd ArrayBox with value 0.4924784314541106, t_Adm_S2: 471549.44921200257, t_anc: 841433.4082903736, t_out: 2412740.8613296608, p_pulse: 0.2769672447943838, t_pulse: 214249.55127935292, t_ghost: 242129.38484381273}
INFO:momi.demo_model:{it: 4, KLDivergence: Autograd ArrayBox with value 0.4902424549141762, t_Adm_S2: 427451.20856377715, t_anc: 904720.1759536364, t_out: 2415069.1641565757, p_pulse: 0.21337337786505806, t_pulse: 200236.75509956107, t_ghost: 215095.96807859896}
INFO:momi.demo_model:{it: 5, KLDivergence: Autograd ArrayBox with value 0.489059180871636, t_Adm_S2: 395449.4758419306, t_anc: 948128.1161721487, t_out: 2416169.3816083856, p_pulse: 0.33462873548006633, t_pulse: 333344.2687773798, t_ghost: 334580.8456056935}
INFO:momi.demo_model:{it: 6, KLDivergence: Autograd ArrayBox with value 0.4888298486246627, t_Adm_S2: 364647.7629150064, t_anc: 935323.2972838271, t_out: 2430739.923770046, p_pulse: 0.3495175761173825, t_pulse: 339295.479685372, t_ghost: 339657.49587760615}
INFO:momi.demo_model:{it: 7, KLDivergence: Autograd ArrayBox with value 0.488718891617276, t_Adm_S2: 369997.4769347315, t_anc: 928037.229528053, t_out: 2419218.6859083595, p_pulse: 0.3474683671597643, t_pulse: 362302.68317222374, t_ghost: 362434.59366242675}
INFO:momi.demo_model:{it: 8, KLDivergence: Autograd ArrayBox with value 0.48868275156858726, t_Adm_S2: 360814.72307626205, t_anc: 931061.3374971722, t_out: 2426874.454672298, p_pulse: 0.3532832414749369, t_pulse: 358346.2207797136, t_ghost: 358401.64388913894}
INFO:momi.demo_model:{it: 9, KLDivergence: Autograd ArrayBox with value 0.4886734608740883, t_Adm_S2: 362575.4768295847, t_anc: 933269.3979485851, t_out: 2423278.4693398806, p_pulse: 0.3580033276504544, t_pulse: 362253.5066130464, t_ghost: 362304.66747622634}
INFO:momi.demo_model:{it: 10, KLDivergence: Autograd ArrayBox with value 0.4886711317251044, t_Adm_S2: 361339.04403750924, t_anc: 931746.0858379886, t_out: 2425012.732195628, p_pulse: 0.3556958315865176, t_pulse: 361198.4073317644, t_ghost: 361243.4290366722}
INFO:momi.demo_model:{it: 11, KLDivergence: Autograd ArrayBox with value 0.4886710451740402, t_Adm_S2: 361724.5716556567, t_anc: 932139.642099478, t_out: 2425185.5331297554, p_pulse: 0.3554064486911339, t_pulse: 361583.7882290003, t_ghost: 361628.80365863483}
INFO:momi.demo_model:{it: 12, KLDivergence: Autograd ArrayBox with value 0.4886710441220207, t_Adm_S2: 361712.8118130872, t_anc: 932157.9114537137, t_out: 2425301.6512413477, p_pulse: 0.3553497464942954, t_pulse: 361572.04896198615, t_ghost: 361617.03302015364}
